[0.106s] DEBUG:colcon:Command line arguments: ['/usr/bin/colcon', 'build', '--merge-install']
[0.106s] DEBUG:colcon:Parsed command line arguments: Namespace(log_base=None, log_level=None, verb_name='build', build_base='build', install_base='install', merge_install=True, symlink_install=False, test_result_base=None, continue_on_error=False, executor='parallel', parallel_workers=16, event_handlers=None, ignore_user_meta=False, metas=['./colcon.meta'], base_paths=['.'], packages_ignore=None, packages_ignore_regex=None, paths=None, packages_up_to=None, packages_up_to_regex=None, packages_above=None, packages_above_and_dependencies=None, packages_above_depth=None, packages_select_by_dep=None, packages_skip_by_dep=None, packages_skip_up_to=None, packages_select_build_failed=False, packages_skip_build_finished=False, packages_select_test_failures=False, packages_skip_test_passed=False, packages_select=None, packages_skip=None, packages_select_regex=None, packages_skip_regex=None, packages_start=None, packages_end=None, allow_overriding=[], cmake_args=None, cmake_target=None, cmake_target_skip_unavailable=False, cmake_clean_cache=False, cmake_clean_first=False, cmake_force_configure=False, ament_cmake_args=None, catkin_cmake_args=None, catkin_skip_building_tests=False, verb_parser=<colcon_defaults.argument_parser.defaults.DefaultArgumentsDecorator object at 0x7503aba7f680>, verb_extension=<colcon_core.verb.build.BuildVerb object at 0x7503aba7f590>, main=<bound method BuildVerb.main of <colcon_core.verb.build.BuildVerb object at 0x7503aba7f590>>)
[0.146s] Level 1:colcon.colcon_core.package_discovery:discover_packages(colcon_meta) check parameters
[0.146s] Level 1:colcon.colcon_core.package_discovery:discover_packages(recursive) check parameters
[0.146s] Level 1:colcon.colcon_core.package_discovery:discover_packages(ignore) check parameters
[0.146s] Level 1:colcon.colcon_core.package_discovery:discover_packages(path) check parameters
[0.146s] Level 1:colcon.colcon_core.package_discovery:discover_packages(colcon_meta) discover
[0.146s] Level 1:colcon.colcon_core.package_discovery:discover_packages(recursive) discover
[0.146s] INFO:colcon.colcon_core.package_discovery:Crawling recursively for packages in '/home/kky/vrx_ws/src/vrx'
[0.146s] Level 1:colcon.colcon_core.package_identification:_identify(.) by extensions ['ignore', 'ignore_ament_install']
[0.147s] Level 1:colcon.colcon_core.package_identification:_identify(.) by extension 'ignore'
[0.147s] Level 1:colcon.colcon_core.package_identification:_identify(.) by extension 'ignore_ament_install'
[0.147s] Level 1:colcon.colcon_core.package_identification:_identify(.) by extensions ['colcon_pkg']
[0.147s] Level 1:colcon.colcon_core.package_identification:_identify(.) by extension 'colcon_pkg'
[0.147s] Level 1:colcon.colcon_core.package_identification:_identify(.) by extensions ['colcon_meta']
[0.147s] Level 1:colcon.colcon_core.package_identification:_identify(.) by extension 'colcon_meta'
[0.147s] Level 1:colcon.colcon_core.package_identification:_identify(.) by extensions ['ros']
[0.147s] Level 1:colcon.colcon_core.package_identification:_identify(.) by extension 'ros'
[0.171s] Level 1:colcon.colcon_core.package_identification:_identify(.) by extensions ['cmake', 'python']
[0.171s] Level 1:colcon.colcon_core.package_identification:_identify(.) by extension 'cmake'
[0.171s] Level 1:colcon.colcon_core.package_identification:_identify(.) by extension 'python'
[0.172s] Level 1:colcon.colcon_core.package_identification:_identify(.) by extensions ['python_setup_py']
[0.172s] Level 1:colcon.colcon_core.package_identification:_identify(.) by extension 'python_setup_py'
[0.172s] Level 1:colcon.colcon_core.package_identification:_identify(build) by extensions ['ignore', 'ignore_ament_install']
[0.172s] Level 1:colcon.colcon_core.package_identification:_identify(build) by extension 'ignore'
[0.172s] Level 1:colcon.colcon_core.package_identification:_identify(build) ignored
[0.172s] Level 1:colcon.colcon_core.package_identification:_identify(docker) by extensions ['ignore', 'ignore_ament_install']
[0.172s] Level 1:colcon.colcon_core.package_identification:_identify(docker) by extension 'ignore'
[0.172s] Level 1:colcon.colcon_core.package_identification:_identify(docker) by extension 'ignore_ament_install'
[0.172s] Level 1:colcon.colcon_core.package_identification:_identify(docker) by extensions ['colcon_pkg']
[0.172s] Level 1:colcon.colcon_core.package_identification:_identify(docker) by extension 'colcon_pkg'
[0.173s] Level 1:colcon.colcon_core.package_identification:_identify(docker) by extensions ['colcon_meta']
[0.173s] Level 1:colcon.colcon_core.package_identification:_identify(docker) by extension 'colcon_meta'
[0.173s] Level 1:colcon.colcon_core.package_identification:_identify(docker) by extensions ['ros']
[0.173s] Level 1:colcon.colcon_core.package_identification:_identify(docker) by extension 'ros'
[0.173s] Level 1:colcon.colcon_core.package_identification:_identify(docker) by extensions ['cmake', 'python']
[0.173s] Level 1:colcon.colcon_core.package_identification:_identify(docker) by extension 'cmake'
[0.173s] Level 1:colcon.colcon_core.package_identification:_identify(docker) by extension 'python'
[0.173s] Level 1:colcon.colcon_core.package_identification:_identify(docker) by extensions ['python_setup_py']
[0.173s] Level 1:colcon.colcon_core.package_identification:_identify(docker) by extension 'python_setup_py'
[0.173s] Level 1:colcon.colcon_core.package_identification:_identify(images) by extensions ['ignore', 'ignore_ament_install']
[0.173s] Level 1:colcon.colcon_core.package_identification:_identify(images) by extension 'ignore'
[0.173s] Level 1:colcon.colcon_core.package_identification:_identify(images) by extension 'ignore_ament_install'
[0.173s] Level 1:colcon.colcon_core.package_identification:_identify(images) by extensions ['colcon_pkg']
[0.173s] Level 1:colcon.colcon_core.package_identification:_identify(images) by extension 'colcon_pkg'
[0.173s] Level 1:colcon.colcon_core.package_identification:_identify(images) by extensions ['colcon_meta']
[0.173s] Level 1:colcon.colcon_core.package_identification:_identify(images) by extension 'colcon_meta'
[0.174s] Level 1:colcon.colcon_core.package_identification:_identify(images) by extensions ['ros']
[0.174s] Level 1:colcon.colcon_core.package_identification:_identify(images) by extension 'ros'
[0.174s] Level 1:colcon.colcon_core.package_identification:_identify(images) by extensions ['cmake', 'python']
[0.174s] Level 1:colcon.colcon_core.package_identification:_identify(images) by extension 'cmake'
[0.174s] Level 1:colcon.colcon_core.package_identification:_identify(images) by extension 'python'
[0.174s] Level 1:colcon.colcon_core.package_identification:_identify(images) by extensions ['python_setup_py']
[0.174s] Level 1:colcon.colcon_core.package_identification:_identify(images) by extension 'python_setup_py'
[0.174s] Level 1:colcon.colcon_core.package_identification:_identify(install) by extensions ['ignore', 'ignore_ament_install']
[0.174s] Level 1:colcon.colcon_core.package_identification:_identify(install) by extension 'ignore'
[0.174s] Level 1:colcon.colcon_core.package_identification:_identify(install) ignored
[0.174s] Level 1:colcon.colcon_core.package_identification:_identify(log) by extensions ['ignore', 'ignore_ament_install']
[0.174s] Level 1:colcon.colcon_core.package_identification:_identify(log) by extension 'ignore'
[0.174s] Level 1:colcon.colcon_core.package_identification:_identify(log) ignored
[0.175s] Level 1:colcon.colcon_core.package_identification:_identify(vrx_gz) by extensions ['ignore', 'ignore_ament_install']
[0.175s] Level 1:colcon.colcon_core.package_identification:_identify(vrx_gz) by extension 'ignore'
[0.175s] Level 1:colcon.colcon_core.package_identification:_identify(vrx_gz) by extension 'ignore_ament_install'
[0.175s] Level 1:colcon.colcon_core.package_identification:_identify(vrx_gz) by extensions ['colcon_pkg']
[0.175s] Level 1:colcon.colcon_core.package_identification:_identify(vrx_gz) by extension 'colcon_pkg'
[0.175s] Level 1:colcon.colcon_core.package_identification:_identify(vrx_gz) by extensions ['colcon_meta']
[0.175s] Level 1:colcon.colcon_core.package_identification:_identify(vrx_gz) by extension 'colcon_meta'
[0.175s] Level 1:colcon.colcon_core.package_identification:_identify(vrx_gz) by extensions ['ros']
[0.175s] Level 1:colcon.colcon_core.package_identification:_identify(vrx_gz) by extension 'ros'
[0.178s] DEBUG:colcon.colcon_core.package_identification:Package 'vrx_gz' with type 'ros.ament_cmake' and name 'vrx_gz'
[0.178s] Level 1:colcon.colcon_core.package_identification:_identify(vrx_ros) by extensions ['ignore', 'ignore_ament_install']
[0.178s] Level 1:colcon.colcon_core.package_identification:_identify(vrx_ros) by extension 'ignore'
[0.178s] Level 1:colcon.colcon_core.package_identification:_identify(vrx_ros) by extension 'ignore_ament_install'
[0.178s] Level 1:colcon.colcon_core.package_identification:_identify(vrx_ros) by extensions ['colcon_pkg']
[0.178s] Level 1:colcon.colcon_core.package_identification:_identify(vrx_ros) by extension 'colcon_pkg'
[0.178s] Level 1:colcon.colcon_core.package_identification:_identify(vrx_ros) by extensions ['colcon_meta']
[0.178s] Level 1:colcon.colcon_core.package_identification:_identify(vrx_ros) by extension 'colcon_meta'
[0.178s] Level 1:colcon.colcon_core.package_identification:_identify(vrx_ros) by extensions ['ros']
[0.178s] Level 1:colcon.colcon_core.package_identification:_identify(vrx_ros) by extension 'ros'
[0.179s] DEBUG:colcon.colcon_core.package_identification:Package 'vrx_ros' with type 'ros.ament_cmake' and name 'vrx_ros'
[0.179s] Level 1:colcon.colcon_core.package_identification:_identify(vrx_urdf) by extensions ['ignore', 'ignore_ament_install']
[0.179s] Level 1:colcon.colcon_core.package_identification:_identify(vrx_urdf) by extension 'ignore'
[0.179s] Level 1:colcon.colcon_core.package_identification:_identify(vrx_urdf) by extension 'ignore_ament_install'
[0.180s] Level 1:colcon.colcon_core.package_identification:_identify(vrx_urdf) by extensions ['colcon_pkg']
[0.180s] Level 1:colcon.colcon_core.package_identification:_identify(vrx_urdf) by extension 'colcon_pkg'
[0.180s] Level 1:colcon.colcon_core.package_identification:_identify(vrx_urdf) by extensions ['colcon_meta']
[0.180s] Level 1:colcon.colcon_core.package_identification:_identify(vrx_urdf) by extension 'colcon_meta'
[0.180s] Level 1:colcon.colcon_core.package_identification:_identify(vrx_urdf) by extensions ['ros']
[0.180s] Level 1:colcon.colcon_core.package_identification:_identify(vrx_urdf) by extension 'ros'
[0.180s] Level 1:colcon.colcon_core.package_identification:_identify(vrx_urdf) by extensions ['cmake', 'python']
[0.180s] Level 1:colcon.colcon_core.package_identification:_identify(vrx_urdf) by extension 'cmake'
[0.180s] Level 1:colcon.colcon_core.package_identification:_identify(vrx_urdf) by extension 'python'
[0.180s] Level 1:colcon.colcon_core.package_identification:_identify(vrx_urdf) by extensions ['python_setup_py']
[0.180s] Level 1:colcon.colcon_core.package_identification:_identify(vrx_urdf) by extension 'python_setup_py'
[0.180s] Level 1:colcon.colcon_core.package_identification:_identify(vrx_urdf/vrx_gazebo) by extensions ['ignore', 'ignore_ament_install']
[0.180s] Level 1:colcon.colcon_core.package_identification:_identify(vrx_urdf/vrx_gazebo) by extension 'ignore'
[0.180s] Level 1:colcon.colcon_core.package_identification:_identify(vrx_urdf/vrx_gazebo) by extension 'ignore_ament_install'
[0.180s] Level 1:colcon.colcon_core.package_identification:_identify(vrx_urdf/vrx_gazebo) by extensions ['colcon_pkg']
[0.180s] Level 1:colcon.colcon_core.package_identification:_identify(vrx_urdf/vrx_gazebo) by extension 'colcon_pkg'
[0.180s] Level 1:colcon.colcon_core.package_identification:_identify(vrx_urdf/vrx_gazebo) by extensions ['colcon_meta']
[0.180s] Level 1:colcon.colcon_core.package_identification:_identify(vrx_urdf/vrx_gazebo) by extension 'colcon_meta'
[0.180s] Level 1:colcon.colcon_core.package_identification:_identify(vrx_urdf/vrx_gazebo) by extensions ['ros']
[0.180s] Level 1:colcon.colcon_core.package_identification:_identify(vrx_urdf/vrx_gazebo) by extension 'ros'
[0.181s] DEBUG:colcon.colcon_core.package_identification:Package 'vrx_urdf/vrx_gazebo' with type 'ros.ament_cmake' and name 'vrx_gazebo'
[0.181s] Level 1:colcon.colcon_core.package_identification:_identify(vrx_urdf/wamv_description) by extensions ['ignore', 'ignore_ament_install']
[0.181s] Level 1:colcon.colcon_core.package_identification:_identify(vrx_urdf/wamv_description) by extension 'ignore'
[0.181s] Level 1:colcon.colcon_core.package_identification:_identify(vrx_urdf/wamv_description) by extension 'ignore_ament_install'
[0.181s] Level 1:colcon.colcon_core.package_identification:_identify(vrx_urdf/wamv_description) by extensions ['colcon_pkg']
[0.181s] Level 1:colcon.colcon_core.package_identification:_identify(vrx_urdf/wamv_description) by extension 'colcon_pkg'
[0.181s] Level 1:colcon.colcon_core.package_identification:_identify(vrx_urdf/wamv_description) by extensions ['colcon_meta']
[0.181s] Level 1:colcon.colcon_core.package_identification:_identify(vrx_urdf/wamv_description) by extension 'colcon_meta'
[0.181s] Level 1:colcon.colcon_core.package_identification:_identify(vrx_urdf/wamv_description) by extensions ['ros']
[0.182s] Level 1:colcon.colcon_core.package_identification:_identify(vrx_urdf/wamv_description) by extension 'ros'
[0.182s] DEBUG:colcon.colcon_core.package_identification:Package 'vrx_urdf/wamv_description' with type 'ros.ament_cmake' and name 'wamv_description'
[0.182s] Level 1:colcon.colcon_core.package_identification:_identify(vrx_urdf/wamv_gazebo) by extensions ['ignore', 'ignore_ament_install']
[0.182s] Level 1:colcon.colcon_core.package_identification:_identify(vrx_urdf/wamv_gazebo) by extension 'ignore'
[0.182s] Level 1:colcon.colcon_core.package_identification:_identify(vrx_urdf/wamv_gazebo) by extension 'ignore_ament_install'
[0.182s] Level 1:colcon.colcon_core.package_identification:_identify(vrx_urdf/wamv_gazebo) by extensions ['colcon_pkg']
[0.182s] Level 1:colcon.colcon_core.package_identification:_identify(vrx_urdf/wamv_gazebo) by extension 'colcon_pkg'
[0.182s] Level 1:colcon.colcon_core.package_identification:_identify(vrx_urdf/wamv_gazebo) by extensions ['colcon_meta']
[0.182s] Level 1:colcon.colcon_core.package_identification:_identify(vrx_urdf/wamv_gazebo) by extension 'colcon_meta'
[0.183s] Level 1:colcon.colcon_core.package_identification:_identify(vrx_urdf/wamv_gazebo) by extensions ['ros']
[0.183s] Level 1:colcon.colcon_core.package_identification:_identify(vrx_urdf/wamv_gazebo) by extension 'ros'
[0.183s] DEBUG:colcon.colcon_core.package_identification:Package 'vrx_urdf/wamv_gazebo' with type 'ros.ament_cmake' and name 'wamv_gazebo'
[0.183s] Level 1:colcon.colcon_core.package_discovery:discover_packages(recursive) using defaults
[0.183s] Level 1:colcon.colcon_core.package_discovery:discover_packages(ignore) discover
[0.183s] Level 1:colcon.colcon_core.package_discovery:discover_packages(ignore) using defaults
[0.183s] Level 1:colcon.colcon_core.package_discovery:discover_packages(path) discover
[0.183s] Level 1:colcon.colcon_core.package_discovery:discover_packages(path) using defaults
[0.201s] Level 1:colcon.colcon_core.package_discovery:discover_packages(prefix_path) check parameters
[0.201s] Level 1:colcon.colcon_core.package_discovery:discover_packages(prefix_path) discover
[0.202s] DEBUG:colcon.colcon_installed_package_information.package_discovery:Found 5 installed packages in /home/kky/vrx_ws/install
[0.205s] DEBUG:colcon.colcon_installed_package_information.package_discovery:Found 373 installed packages in /opt/ros/jazzy
[0.205s] Level 1:colcon.colcon_core.package_discovery:discover_packages(prefix_path) using defaults
[0.258s] Level 5:colcon.colcon_core.verb:set package 'vrx_gazebo' build argument 'cmake_args' from command line to 'None'
[0.258s] Level 5:colcon.colcon_core.verb:set package 'vrx_gazebo' build argument 'cmake_target' from command line to 'None'
[0.258s] Level 5:colcon.colcon_core.verb:set package 'vrx_gazebo' build argument 'cmake_target_skip_unavailable' from command line to 'False'
[0.258s] Level 5:colcon.colcon_core.verb:set package 'vrx_gazebo' build argument 'cmake_clean_cache' from command line to 'False'
[0.258s] Level 5:colcon.colcon_core.verb:set package 'vrx_gazebo' build argument 'cmake_clean_first' from command line to 'False'
[0.258s] Level 5:colcon.colcon_core.verb:set package 'vrx_gazebo' build argument 'cmake_force_configure' from command line to 'False'
[0.258s] Level 5:colcon.colcon_core.verb:set package 'vrx_gazebo' build argument 'ament_cmake_args' from command line to 'None'
[0.258s] Level 5:colcon.colcon_core.verb:set package 'vrx_gazebo' build argument 'catkin_cmake_args' from command line to 'None'
[0.258s] Level 5:colcon.colcon_core.verb:set package 'vrx_gazebo' build argument 'catkin_skip_building_tests' from command line to 'False'
[0.258s] DEBUG:colcon.colcon_core.verb:Building package 'vrx_gazebo' with the following arguments: {'ament_cmake_args': None, 'build_base': '/home/kky/vrx_ws/src/vrx/build/vrx_gazebo', 'catkin_cmake_args': None, 'catkin_skip_building_tests': False, 'cmake_args': None, 'cmake_clean_cache': False, 'cmake_clean_first': False, 'cmake_force_configure': False, 'cmake_target': None, 'cmake_target_skip_unavailable': False, 'install_base': '/home/kky/vrx_ws/src/vrx/install', 'merge_install': True, 'path': '/home/kky/vrx_ws/src/vrx/vrx_urdf/vrx_gazebo', 'symlink_install': False, 'test_result_base': None}
[0.258s] Level 5:colcon.colcon_core.verb:set package 'vrx_ros' build argument 'cmake_args' from command line to 'None'
[0.259s] Level 5:colcon.colcon_core.verb:set package 'vrx_ros' build argument 'cmake_target' from command line to 'None'
[0.259s] Level 5:colcon.colcon_core.verb:set package 'vrx_ros' build argument 'cmake_target_skip_unavailable' from command line to 'False'
[0.259s] Level 5:colcon.colcon_core.verb:set package 'vrx_ros' build argument 'cmake_clean_cache' from command line to 'False'
[0.259s] Level 5:colcon.colcon_core.verb:set package 'vrx_ros' build argument 'cmake_clean_first' from command line to 'False'
[0.259s] Level 5:colcon.colcon_core.verb:set package 'vrx_ros' build argument 'cmake_force_configure' from command line to 'False'
[0.259s] Level 5:colcon.colcon_core.verb:set package 'vrx_ros' build argument 'ament_cmake_args' from command line to 'None'
[0.259s] Level 5:colcon.colcon_core.verb:set package 'vrx_ros' build argument 'catkin_cmake_args' from command line to 'None'
[0.259s] Level 5:colcon.colcon_core.verb:set package 'vrx_ros' build argument 'catkin_skip_building_tests' from command line to 'False'
[0.259s] DEBUG:colcon.colcon_core.verb:Building package 'vrx_ros' with the following arguments: {'ament_cmake_args': None, 'build_base': '/home/kky/vrx_ws/src/vrx/build/vrx_ros', 'catkin_cmake_args': None, 'catkin_skip_building_tests': False, 'cmake_args': None, 'cmake_clean_cache': False, 'cmake_clean_first': False, 'cmake_force_configure': False, 'cmake_target': None, 'cmake_target_skip_unavailable': False, 'install_base': '/home/kky/vrx_ws/src/vrx/install', 'merge_install': True, 'path': '/home/kky/vrx_ws/src/vrx/vrx_ros', 'symlink_install': False, 'test_result_base': None}
[0.259s] Level 5:colcon.colcon_core.verb:set package 'wamv_description' build argument 'cmake_args' from command line to 'None'
[0.259s] Level 5:colcon.colcon_core.verb:set package 'wamv_description' build argument 'cmake_target' from command line to 'None'
[0.259s] Level 5:colcon.colcon_core.verb:set package 'wamv_description' build argument 'cmake_target_skip_unavailable' from command line to 'False'
[0.259s] Level 5:colcon.colcon_core.verb:set package 'wamv_description' build argument 'cmake_clean_cache' from command line to 'False'
[0.259s] Level 5:colcon.colcon_core.verb:set package 'wamv_description' build argument 'cmake_clean_first' from command line to 'False'
[0.259s] Level 5:colcon.colcon_core.verb:set package 'wamv_description' build argument 'cmake_force_configure' from command line to 'False'
[0.259s] Level 5:colcon.colcon_core.verb:set package 'wamv_description' build argument 'ament_cmake_args' from command line to 'None'
[0.259s] Level 5:colcon.colcon_core.verb:set package 'wamv_description' build argument 'catkin_cmake_args' from command line to 'None'
[0.259s] Level 5:colcon.colcon_core.verb:set package 'wamv_description' build argument 'catkin_skip_building_tests' from command line to 'False'
[0.259s] DEBUG:colcon.colcon_core.verb:Building package 'wamv_description' with the following arguments: {'ament_cmake_args': None, 'build_base': '/home/kky/vrx_ws/src/vrx/build/wamv_description', 'catkin_cmake_args': None, 'catkin_skip_building_tests': False, 'cmake_args': None, 'cmake_clean_cache': False, 'cmake_clean_first': False, 'cmake_force_configure': False, 'cmake_target': None, 'cmake_target_skip_unavailable': False, 'install_base': '/home/kky/vrx_ws/src/vrx/install', 'merge_install': True, 'path': '/home/kky/vrx_ws/src/vrx/vrx_urdf/wamv_description', 'symlink_install': False, 'test_result_base': None}
[0.259s] Level 5:colcon.colcon_core.verb:set package 'wamv_gazebo' build argument 'cmake_args' from command line to 'None'
[0.259s] Level 5:colcon.colcon_core.verb:set package 'wamv_gazebo' build argument 'cmake_target' from command line to 'None'
[0.259s] Level 5:colcon.colcon_core.verb:set package 'wamv_gazebo' build argument 'cmake_target_skip_unavailable' from command line to 'False'
[0.260s] Level 5:colcon.colcon_core.verb:set package 'wamv_gazebo' build argument 'cmake_clean_cache' from command line to 'False'
[0.260s] Level 5:colcon.colcon_core.verb:set package 'wamv_gazebo' build argument 'cmake_clean_first' from command line to 'False'
[0.260s] Level 5:colcon.colcon_core.verb:set package 'wamv_gazebo' build argument 'cmake_force_configure' from command line to 'False'
[0.260s] Level 5:colcon.colcon_core.verb:set package 'wamv_gazebo' build argument 'ament_cmake_args' from command line to 'None'
[0.260s] Level 5:colcon.colcon_core.verb:set package 'wamv_gazebo' build argument 'catkin_cmake_args' from command line to 'None'
[0.260s] Level 5:colcon.colcon_core.verb:set package 'wamv_gazebo' build argument 'catkin_skip_building_tests' from command line to 'False'
[0.260s] DEBUG:colcon.colcon_core.verb:Building package 'wamv_gazebo' with the following arguments: {'ament_cmake_args': None, 'build_base': '/home/kky/vrx_ws/src/vrx/build/wamv_gazebo', 'catkin_cmake_args': None, 'catkin_skip_building_tests': False, 'cmake_args': None, 'cmake_clean_cache': False, 'cmake_clean_first': False, 'cmake_force_configure': False, 'cmake_target': None, 'cmake_target_skip_unavailable': False, 'install_base': '/home/kky/vrx_ws/src/vrx/install', 'merge_install': True, 'path': '/home/kky/vrx_ws/src/vrx/vrx_urdf/wamv_gazebo', 'symlink_install': False, 'test_result_base': None}
[0.260s] Level 5:colcon.colcon_core.verb:set package 'vrx_gz' build argument 'cmake_args' from command line to 'None'
[0.260s] Level 5:colcon.colcon_core.verb:set package 'vrx_gz' build argument 'cmake_target' from command line to 'None'
[0.260s] Level 5:colcon.colcon_core.verb:set package 'vrx_gz' build argument 'cmake_target_skip_unavailable' from command line to 'False'
[0.260s] Level 5:colcon.colcon_core.verb:set package 'vrx_gz' build argument 'cmake_clean_cache' from command line to 'False'
[0.260s] Level 5:colcon.colcon_core.verb:set package 'vrx_gz' build argument 'cmake_clean_first' from command line to 'False'
[0.260s] Level 5:colcon.colcon_core.verb:set package 'vrx_gz' build argument 'cmake_force_configure' from command line to 'False'
[0.260s] Level 5:colcon.colcon_core.verb:set package 'vrx_gz' build argument 'ament_cmake_args' from command line to 'None'
[0.260s] Level 5:colcon.colcon_core.verb:set package 'vrx_gz' build argument 'catkin_cmake_args' from command line to 'None'
[0.260s] Level 5:colcon.colcon_core.verb:set package 'vrx_gz' build argument 'catkin_skip_building_tests' from command line to 'False'
[0.260s] DEBUG:colcon.colcon_core.verb:Building package 'vrx_gz' with the following arguments: {'ament_cmake_args': None, 'build_base': '/home/kky/vrx_ws/src/vrx/build/vrx_gz', 'catkin_cmake_args': None, 'catkin_skip_building_tests': False, 'cmake_args': None, 'cmake_clean_cache': False, 'cmake_clean_first': False, 'cmake_force_configure': False, 'cmake_target': None, 'cmake_target_skip_unavailable': False, 'install_base': '/home/kky/vrx_ws/src/vrx/install', 'merge_install': True, 'path': '/home/kky/vrx_ws/src/vrx/vrx_gz', 'symlink_install': False, 'test_result_base': None}
[0.260s] INFO:colcon.colcon_core.executor:Executing jobs using 'parallel' executor
[0.261s] DEBUG:colcon.colcon_parallel_executor.executor.parallel:run_until_complete
[0.261s] INFO:colcon.colcon_ros.task.ament_cmake.build:Building ROS package in '/home/kky/vrx_ws/src/vrx/vrx_urdf/vrx_gazebo' with build type 'ament_cmake'
[0.261s] INFO:colcon.colcon_cmake.task.cmake.build:Building CMake package in '/home/kky/vrx_ws/src/vrx/vrx_urdf/vrx_gazebo'
[0.263s] INFO:colcon.colcon_core.plugin_system:Skipping extension 'colcon_core.shell.bat': Not used on non-Windows systems
[0.263s] INFO:colcon.colcon_core.shell:Skip shell extension 'powershell' for command environment: Not usable outside of PowerShell
[0.263s] DEBUG:colcon.colcon_core.shell:Skip shell extension 'dsv' for command environment
[0.267s] INFO:colcon.colcon_ros.task.ament_cmake.build:Building ROS package in '/home/kky/vrx_ws/src/vrx/vrx_ros' with build type 'ament_cmake'
[0.267s] INFO:colcon.colcon_cmake.task.cmake.build:Building CMake package in '/home/kky/vrx_ws/src/vrx/vrx_ros'
[0.267s] INFO:colcon.colcon_core.shell:Skip shell extension 'powershell' for command environment: Not usable outside of PowerShell
[0.267s] DEBUG:colcon.colcon_core.shell:Skip shell extension 'dsv' for command environment
[0.274s] DEBUG:colcon.colcon_core.event_handler.log_command:Invoking command in '/home/kky/vrx_ws/src/vrx/build/vrx_gazebo': CMAKE_PREFIX_PATH=${CMAKE_PREFIX_PATH}:/opt/ros/jazzy DEBUGINFOD_URLS=https://debuginfod.ubuntu.com /usr/bin/cmake --build /home/kky/vrx_ws/src/vrx/build/vrx_gazebo -- -j16 -l16
[0.278s] DEBUG:colcon.colcon_core.event_handler.log_command:Invoking command in '/home/kky/vrx_ws/src/vrx/build/vrx_ros': CMAKE_PREFIX_PATH=${CMAKE_PREFIX_PATH}:/opt/ros/jazzy DEBUGINFOD_URLS=https://debuginfod.ubuntu.com /usr/bin/cmake --build /home/kky/vrx_ws/src/vrx/build/vrx_ros -- -j16 -l16
[0.355s] DEBUG:colcon.colcon_core.event_handler.log_command:Invoked command in '/home/kky/vrx_ws/src/vrx/build/vrx_ros' returned '0': CMAKE_PREFIX_PATH=${CMAKE_PREFIX_PATH}:/opt/ros/jazzy DEBUGINFOD_URLS=https://debuginfod.ubuntu.com /usr/bin/cmake --build /home/kky/vrx_ws/src/vrx/build/vrx_ros -- -j16 -l16
[0.366s] DEBUG:colcon.colcon_core.event_handler.log_command:Invoking command in '/home/kky/vrx_ws/src/vrx/build/vrx_ros': CMAKE_PREFIX_PATH=${CMAKE_PREFIX_PATH}:/opt/ros/jazzy DEBUGINFOD_URLS=https://debuginfod.ubuntu.com /usr/bin/cmake --install /home/kky/vrx_ws/src/vrx/build/vrx_ros
[0.379s] Level 1:colcon.colcon_core.environment:create_environment_scripts_only(vrx_ros)
[0.379s] DEBUG:colcon.colcon_core.event_handler.log_command:Invoked command in '/home/kky/vrx_ws/src/vrx/build/vrx_ros' returned '0': CMAKE_PREFIX_PATH=${CMAKE_PREFIX_PATH}:/opt/ros/jazzy DEBUGINFOD_URLS=https://debuginfod.ubuntu.com /usr/bin/cmake --install /home/kky/vrx_ws/src/vrx/build/vrx_ros
[0.381s] Level 1:colcon.colcon_core.environment:checking '/home/kky/vrx_ws/src/vrx/install' for CMake module files
[0.382s] Level 1:colcon.colcon_core.environment:checking '/home/kky/vrx_ws/src/vrx/install' for CMake config files
[0.382s] Level 1:colcon.colcon_core.shell:create_environment_hook('vrx_ros', 'cmake_prefix_path')
[0.382s] INFO:colcon.colcon_core.shell:Creating environment hook '/home/kky/vrx_ws/src/vrx/install/share/vrx_ros/hook/cmake_prefix_path.ps1'
[0.383s] INFO:colcon.colcon_core.shell:Creating environment descriptor '/home/kky/vrx_ws/src/vrx/install/share/vrx_ros/hook/cmake_prefix_path.dsv'
[0.383s] INFO:colcon.colcon_core.shell:Creating environment hook '/home/kky/vrx_ws/src/vrx/install/share/vrx_ros/hook/cmake_prefix_path.sh'
[0.384s] Level 1:colcon.colcon_core.environment:checking '/home/kky/vrx_ws/src/vrx/install/lib'
[0.384s] Level 1:colcon.colcon_core.shell:create_environment_hook('vrx_ros', 'ld_library_path_lib')
[0.384s] INFO:colcon.colcon_core.shell:Creating environment hook '/home/kky/vrx_ws/src/vrx/install/share/vrx_ros/hook/ld_library_path_lib.ps1'
[0.385s] INFO:colcon.colcon_core.shell:Creating environment descriptor '/home/kky/vrx_ws/src/vrx/install/share/vrx_ros/hook/ld_library_path_lib.dsv'
[0.385s] INFO:colcon.colcon_core.shell:Creating environment hook '/home/kky/vrx_ws/src/vrx/install/share/vrx_ros/hook/ld_library_path_lib.sh'
[0.386s] Level 1:colcon.colcon_core.environment:checking '/home/kky/vrx_ws/src/vrx/install/bin'
[0.386s] Level 1:colcon.colcon_core.environment:checking '/home/kky/vrx_ws/src/vrx/install/lib/pkgconfig/vrx_ros.pc'
[0.386s] Level 1:colcon.colcon_core.environment:checking '/home/kky/vrx_ws/src/vrx/install/lib/python3.12/site-packages'
[0.386s] Level 1:colcon.colcon_core.shell:create_environment_hook('vrx_ros', 'pythonpath')
[0.386s] INFO:colcon.colcon_core.shell:Creating environment hook '/home/kky/vrx_ws/src/vrx/install/share/vrx_ros/hook/pythonpath.ps1'
[0.386s] INFO:colcon.colcon_core.shell:Creating environment descriptor '/home/kky/vrx_ws/src/vrx/install/share/vrx_ros/hook/pythonpath.dsv'
[0.387s] INFO:colcon.colcon_core.shell:Creating environment hook '/home/kky/vrx_ws/src/vrx/install/share/vrx_ros/hook/pythonpath.sh'
[0.387s] Level 1:colcon.colcon_core.environment:checking '/home/kky/vrx_ws/src/vrx/install/bin'
[0.388s] INFO:colcon.colcon_core.shell:Creating package script '/home/kky/vrx_ws/src/vrx/install/share/vrx_ros/package.ps1'
[0.389s] INFO:colcon.colcon_core.shell:Creating package descriptor '/home/kky/vrx_ws/src/vrx/install/share/vrx_ros/package.dsv'
[0.389s] INFO:colcon.colcon_core.shell:Creating package script '/home/kky/vrx_ws/src/vrx/install/share/vrx_ros/package.sh'
[0.390s] INFO:colcon.colcon_core.shell:Creating package script '/home/kky/vrx_ws/src/vrx/install/share/vrx_ros/package.bash'
[0.391s] INFO:colcon.colcon_core.shell:Creating package script '/home/kky/vrx_ws/src/vrx/install/share/vrx_ros/package.zsh'
[0.391s] Level 1:colcon.colcon_core.environment:create_file_with_runtime_dependencies(/home/kky/vrx_ws/src/vrx/install/share/colcon-core/packages/vrx_ros)
[0.392s] Level 1:colcon.colcon_core.environment:create_environment_scripts_only(vrx_ros)
[0.392s] Level 1:colcon.colcon_core.environment:checking '/home/kky/vrx_ws/src/vrx/install' for CMake module files
[0.393s] Level 1:colcon.colcon_core.environment:checking '/home/kky/vrx_ws/src/vrx/install' for CMake config files
[0.393s] Level 1:colcon.colcon_core.shell:create_environment_hook('vrx_ros', 'cmake_prefix_path')
[0.393s] INFO:colcon.colcon_core.shell:Creating environment hook '/home/kky/vrx_ws/src/vrx/install/share/vrx_ros/hook/cmake_prefix_path.ps1'
[0.393s] INFO:colcon.colcon_core.shell:Creating environment descriptor '/home/kky/vrx_ws/src/vrx/install/share/vrx_ros/hook/cmake_prefix_path.dsv'
[0.394s] INFO:colcon.colcon_core.shell:Creating environment hook '/home/kky/vrx_ws/src/vrx/install/share/vrx_ros/hook/cmake_prefix_path.sh'
[0.394s] Level 1:colcon.colcon_core.environment:checking '/home/kky/vrx_ws/src/vrx/install/lib'
[0.395s] Level 1:colcon.colcon_core.shell:create_environment_hook('vrx_ros', 'ld_library_path_lib')
[0.395s] INFO:colcon.colcon_core.shell:Creating environment hook '/home/kky/vrx_ws/src/vrx/install/share/vrx_ros/hook/ld_library_path_lib.ps1'
[0.395s] INFO:colcon.colcon_core.shell:Creating environment descriptor '/home/kky/vrx_ws/src/vrx/install/share/vrx_ros/hook/ld_library_path_lib.dsv'
[0.396s] INFO:colcon.colcon_core.shell:Creating environment hook '/home/kky/vrx_ws/src/vrx/install/share/vrx_ros/hook/ld_library_path_lib.sh'
[0.396s] Level 1:colcon.colcon_core.environment:checking '/home/kky/vrx_ws/src/vrx/install/bin'
[0.396s] Level 1:colcon.colcon_core.environment:checking '/home/kky/vrx_ws/src/vrx/install/lib/pkgconfig/vrx_ros.pc'
[0.396s] Level 1:colcon.colcon_core.environment:checking '/home/kky/vrx_ws/src/vrx/install/lib/python3.12/site-packages'
[0.396s] Level 1:colcon.colcon_core.shell:create_environment_hook('vrx_ros', 'pythonpath')
[0.397s] INFO:colcon.colcon_core.shell:Creating environment hook '/home/kky/vrx_ws/src/vrx/install/share/vrx_ros/hook/pythonpath.ps1'
[0.397s] INFO:colcon.colcon_core.shell:Creating environment descriptor '/home/kky/vrx_ws/src/vrx/install/share/vrx_ros/hook/pythonpath.dsv'
[0.397s] INFO:colcon.colcon_core.shell:Creating environment hook '/home/kky/vrx_ws/src/vrx/install/share/vrx_ros/hook/pythonpath.sh'
[0.398s] Level 1:colcon.colcon_core.environment:checking '/home/kky/vrx_ws/src/vrx/install/bin'
[0.399s] INFO:colcon.colcon_core.shell:Creating package script '/home/kky/vrx_ws/src/vrx/install/share/vrx_ros/package.ps1'
[0.399s] INFO:colcon.colcon_core.shell:Creating package descriptor '/home/kky/vrx_ws/src/vrx/install/share/vrx_ros/package.dsv'
[0.400s] INFO:colcon.colcon_core.shell:Creating package script '/home/kky/vrx_ws/src/vrx/install/share/vrx_ros/package.sh'
[0.400s] INFO:colcon.colcon_core.shell:Creating package script '/home/kky/vrx_ws/src/vrx/install/share/vrx_ros/package.bash'
[0.401s] INFO:colcon.colcon_core.shell:Creating package script '/home/kky/vrx_ws/src/vrx/install/share/vrx_ros/package.zsh'
[0.401s] Level 1:colcon.colcon_core.environment:create_file_with_runtime_dependencies(/home/kky/vrx_ws/src/vrx/install/share/colcon-core/packages/vrx_ros)
[0.717s] DEBUG:colcon.colcon_core.event_handler.log_command:Invoked command in '/home/kky/vrx_ws/src/vrx/build/vrx_gazebo' returned '0': CMAKE_PREFIX_PATH=${CMAKE_PREFIX_PATH}:/opt/ros/jazzy DEBUGINFOD_URLS=https://debuginfod.ubuntu.com /usr/bin/cmake --build /home/kky/vrx_ws/src/vrx/build/vrx_gazebo -- -j16 -l16
[0.718s] DEBUG:colcon.colcon_core.event_handler.log_command:Invoking command in '/home/kky/vrx_ws/src/vrx/build/vrx_gazebo': CMAKE_PREFIX_PATH=${CMAKE_PREFIX_PATH}:/opt/ros/jazzy DEBUGINFOD_URLS=https://debuginfod.ubuntu.com /usr/bin/cmake --install /home/kky/vrx_ws/src/vrx/build/vrx_gazebo
[0.773s] Level 1:colcon.colcon_core.environment:create_environment_scripts_only(vrx_gazebo)
[0.774s] Level 1:colcon.colcon_core.environment:checking '/home/kky/vrx_ws/src/vrx/install' for CMake module files
[0.774s] DEBUG:colcon.colcon_core.event_handler.log_command:Invoked command in '/home/kky/vrx_ws/src/vrx/build/vrx_gazebo' returned '0': CMAKE_PREFIX_PATH=${CMAKE_PREFIX_PATH}:/opt/ros/jazzy DEBUGINFOD_URLS=https://debuginfod.ubuntu.com /usr/bin/cmake --install /home/kky/vrx_ws/src/vrx/build/vrx_gazebo
[0.775s] Level 1:colcon.colcon_core.environment:checking '/home/kky/vrx_ws/src/vrx/install' for CMake config files
[0.775s] Level 1:colcon.colcon_core.shell:create_environment_hook('vrx_gazebo', 'cmake_prefix_path')
[0.775s] INFO:colcon.colcon_core.shell:Creating environment hook '/home/kky/vrx_ws/src/vrx/install/share/vrx_gazebo/hook/cmake_prefix_path.ps1'
[0.775s] INFO:colcon.colcon_core.shell:Creating environment descriptor '/home/kky/vrx_ws/src/vrx/install/share/vrx_gazebo/hook/cmake_prefix_path.dsv'
[0.776s] INFO:colcon.colcon_core.shell:Creating environment hook '/home/kky/vrx_ws/src/vrx/install/share/vrx_gazebo/hook/cmake_prefix_path.sh'
[0.776s] Level 1:colcon.colcon_core.environment:checking '/home/kky/vrx_ws/src/vrx/install/lib'
[0.776s] Level 1:colcon.colcon_core.shell:create_environment_hook('vrx_gazebo', 'ld_library_path_lib')
[0.776s] INFO:colcon.colcon_core.shell:Creating environment hook '/home/kky/vrx_ws/src/vrx/install/share/vrx_gazebo/hook/ld_library_path_lib.ps1'
[0.777s] INFO:colcon.colcon_core.shell:Creating environment descriptor '/home/kky/vrx_ws/src/vrx/install/share/vrx_gazebo/hook/ld_library_path_lib.dsv'
[0.777s] INFO:colcon.colcon_core.shell:Creating environment hook '/home/kky/vrx_ws/src/vrx/install/share/vrx_gazebo/hook/ld_library_path_lib.sh'
[0.778s] Level 1:colcon.colcon_core.environment:checking '/home/kky/vrx_ws/src/vrx/install/bin'
[0.778s] Level 1:colcon.colcon_core.environment:checking '/home/kky/vrx_ws/src/vrx/install/lib/pkgconfig/vrx_gazebo.pc'
[0.778s] Level 1:colcon.colcon_core.environment:checking '/home/kky/vrx_ws/src/vrx/install/lib/python3.12/site-packages'
[0.778s] Level 1:colcon.colcon_core.shell:create_environment_hook('vrx_gazebo', 'pythonpath')
[0.778s] INFO:colcon.colcon_core.shell:Creating environment hook '/home/kky/vrx_ws/src/vrx/install/share/vrx_gazebo/hook/pythonpath.ps1'
[0.778s] INFO:colcon.colcon_core.shell:Creating environment descriptor '/home/kky/vrx_ws/src/vrx/install/share/vrx_gazebo/hook/pythonpath.dsv'
[0.779s] INFO:colcon.colcon_core.shell:Creating environment hook '/home/kky/vrx_ws/src/vrx/install/share/vrx_gazebo/hook/pythonpath.sh'
[0.780s] Level 1:colcon.colcon_core.environment:checking '/home/kky/vrx_ws/src/vrx/install/bin'
[0.780s] INFO:colcon.colcon_core.shell:Creating package script '/home/kky/vrx_ws/src/vrx/install/share/vrx_gazebo/package.ps1'
[0.780s] INFO:colcon.colcon_core.shell:Creating package descriptor '/home/kky/vrx_ws/src/vrx/install/share/vrx_gazebo/package.dsv'
[0.781s] INFO:colcon.colcon_core.shell:Creating package script '/home/kky/vrx_ws/src/vrx/install/share/vrx_gazebo/package.sh'
[0.781s] INFO:colcon.colcon_core.shell:Creating package script '/home/kky/vrx_ws/src/vrx/install/share/vrx_gazebo/package.bash'
[0.782s] INFO:colcon.colcon_core.shell:Creating package script '/home/kky/vrx_ws/src/vrx/install/share/vrx_gazebo/package.zsh'
[0.782s] Level 1:colcon.colcon_core.environment:create_file_with_runtime_dependencies(/home/kky/vrx_ws/src/vrx/install/share/colcon-core/packages/vrx_gazebo)
[0.783s] Level 1:colcon.colcon_core.environment:create_environment_scripts_only(vrx_gazebo)
[0.783s] Level 1:colcon.colcon_core.environment:checking '/home/kky/vrx_ws/src/vrx/install' for CMake module files
[0.783s] Level 1:colcon.colcon_core.environment:checking '/home/kky/vrx_ws/src/vrx/install' for CMake config files
[0.784s] Level 1:colcon.colcon_core.shell:create_environment_hook('vrx_gazebo', 'cmake_prefix_path')
[0.784s] INFO:colcon.colcon_core.shell:Creating environment hook '/home/kky/vrx_ws/src/vrx/install/share/vrx_gazebo/hook/cmake_prefix_path.ps1'
[0.784s] INFO:colcon.colcon_core.shell:Creating environment descriptor '/home/kky/vrx_ws/src/vrx/install/share/vrx_gazebo/hook/cmake_prefix_path.dsv'
[0.785s] INFO:colcon.colcon_core.shell:Creating environment hook '/home/kky/vrx_ws/src/vrx/install/share/vrx_gazebo/hook/cmake_prefix_path.sh'
[0.785s] Level 1:colcon.colcon_core.environment:checking '/home/kky/vrx_ws/src/vrx/install/lib'
[0.785s] Level 1:colcon.colcon_core.shell:create_environment_hook('vrx_gazebo', 'ld_library_path_lib')
[0.786s] INFO:colcon.colcon_core.shell:Creating environment hook '/home/kky/vrx_ws/src/vrx/install/share/vrx_gazebo/hook/ld_library_path_lib.ps1'
[0.786s] INFO:colcon.colcon_core.shell:Creating environment descriptor '/home/kky/vrx_ws/src/vrx/install/share/vrx_gazebo/hook/ld_library_path_lib.dsv'
[0.786s] INFO:colcon.colcon_core.shell:Creating environment hook '/home/kky/vrx_ws/src/vrx/install/share/vrx_gazebo/hook/ld_library_path_lib.sh'
[0.787s] Level 1:colcon.colcon_core.environment:checking '/home/kky/vrx_ws/src/vrx/install/bin'
[0.787s] Level 1:colcon.colcon_core.environment:checking '/home/kky/vrx_ws/src/vrx/install/lib/pkgconfig/vrx_gazebo.pc'
[0.787s] Level 1:colcon.colcon_core.environment:checking '/home/kky/vrx_ws/src/vrx/install/lib/python3.12/site-packages'
[0.787s] Level 1:colcon.colcon_core.shell:create_environment_hook('vrx_gazebo', 'pythonpath')
[0.787s] INFO:colcon.colcon_core.shell:Creating environment hook '/home/kky/vrx_ws/src/vrx/install/share/vrx_gazebo/hook/pythonpath.ps1'
[0.787s] INFO:colcon.colcon_core.shell:Creating environment descriptor '/home/kky/vrx_ws/src/vrx/install/share/vrx_gazebo/hook/pythonpath.dsv'
[0.788s] INFO:colcon.colcon_core.shell:Creating environment hook '/home/kky/vrx_ws/src/vrx/install/share/vrx_gazebo/hook/pythonpath.sh'
[0.789s] Level 1:colcon.colcon_core.environment:checking '/home/kky/vrx_ws/src/vrx/install/bin'
[0.789s] INFO:colcon.colcon_core.shell:Creating package script '/home/kky/vrx_ws/src/vrx/install/share/vrx_gazebo/package.ps1'
[0.789s] INFO:colcon.colcon_core.shell:Creating package descriptor '/home/kky/vrx_ws/src/vrx/install/share/vrx_gazebo/package.dsv'
[0.790s] INFO:colcon.colcon_core.shell:Creating package script '/home/kky/vrx_ws/src/vrx/install/share/vrx_gazebo/package.sh'
[0.790s] INFO:colcon.colcon_core.shell:Creating package script '/home/kky/vrx_ws/src/vrx/install/share/vrx_gazebo/package.bash'
[0.791s] INFO:colcon.colcon_core.shell:Creating package script '/home/kky/vrx_ws/src/vrx/install/share/vrx_gazebo/package.zsh'
[0.791s] Level 1:colcon.colcon_core.environment:create_file_with_runtime_dependencies(/home/kky/vrx_ws/src/vrx/install/share/colcon-core/packages/vrx_gazebo)
[0.791s] INFO:colcon.colcon_ros.task.ament_cmake.build:Building ROS package in '/home/kky/vrx_ws/src/vrx/vrx_urdf/wamv_description' with build type 'ament_cmake'
[0.791s] INFO:colcon.colcon_cmake.task.cmake.build:Building CMake package in '/home/kky/vrx_ws/src/vrx/vrx_urdf/wamv_description'
[0.792s] INFO:colcon.colcon_core.shell:Skip shell extension 'powershell' for command environment: Not usable outside of PowerShell
[0.792s] DEBUG:colcon.colcon_core.shell:Skip shell extension 'dsv' for command environment
[0.801s] DEBUG:colcon.colcon_core.event_handler.log_command:Invoking command in '/home/kky/vrx_ws/src/vrx/build/wamv_description': AMENT_PREFIX_PATH=/home/kky/vrx_ws/src/vrx/install:${AMENT_PREFIX_PATH} CMAKE_PREFIX_PATH=/home/kky/vrx_ws/src/vrx/install:/home/kky/vrx_ws/install:/opt/ros/jazzy/opt/gz_sim_vendor:/opt/ros/jazzy/opt/gz_sensors_vendor:/opt/ros/jazzy/opt/gz_physics_vendor:/opt/ros/jazzy/opt/sdformat_vendor:/opt/ros/jazzy/opt/gz_gui_vendor:/opt/ros/jazzy/opt/gz_transport_vendor:/opt/ros/jazzy/opt/gz_rendering_vendor:/opt/ros/jazzy/opt/gz_plugin_vendor:/opt/ros/jazzy/opt/gz_fuel_tools_vendor:/opt/ros/jazzy/opt/gz_msgs_vendor:/opt/ros/jazzy/opt/gz_common_vendor:/opt/ros/jazzy/opt/gz_math_vendor:/opt/ros/jazzy/opt/gz_utils_vendor:/opt/ros/jazzy/opt/gz_tools_vendor:/opt/ros/jazzy/opt/gz_ogre_next_vendor:/opt/ros/jazzy/opt/gz_dartsim_vendor:/opt/ros/jazzy/opt/gz_cmake_vendor:/opt/ros/jazzy DEBUGINFOD_URLS=https://debuginfod.ubuntu.com GZ_SIM_RESOURCE_PATH=/home/kky/vrx_ws/src/vrx/install/share/vrx_gazebo/models:/home/kky/vrx_ws/src/vrx/install/share:${GZ_SIM_RESOURCE_PATH} LD_LIBRARY_PATH=/home/kky/vrx_ws/src/vrx/install/lib:${LD_LIBRARY_PATH} PYTHONPATH=/home/kky/vrx_ws/src/vrx/install/lib/python3.12/site-packages:${PYTHONPATH} /usr/bin/cmake --build /home/kky/vrx_ws/src/vrx/build/wamv_description -- -j16 -l16
[0.867s] DEBUG:colcon.colcon_core.event_handler.log_command:Invoked command in '/home/kky/vrx_ws/src/vrx/build/wamv_description' returned '0': AMENT_PREFIX_PATH=/home/kky/vrx_ws/src/vrx/install:${AMENT_PREFIX_PATH} CMAKE_PREFIX_PATH=/home/kky/vrx_ws/src/vrx/install:/home/kky/vrx_ws/install:/opt/ros/jazzy/opt/gz_sim_vendor:/opt/ros/jazzy/opt/gz_sensors_vendor:/opt/ros/jazzy/opt/gz_physics_vendor:/opt/ros/jazzy/opt/sdformat_vendor:/opt/ros/jazzy/opt/gz_gui_vendor:/opt/ros/jazzy/opt/gz_transport_vendor:/opt/ros/jazzy/opt/gz_rendering_vendor:/opt/ros/jazzy/opt/gz_plugin_vendor:/opt/ros/jazzy/opt/gz_fuel_tools_vendor:/opt/ros/jazzy/opt/gz_msgs_vendor:/opt/ros/jazzy/opt/gz_common_vendor:/opt/ros/jazzy/opt/gz_math_vendor:/opt/ros/jazzy/opt/gz_utils_vendor:/opt/ros/jazzy/opt/gz_tools_vendor:/opt/ros/jazzy/opt/gz_ogre_next_vendor:/opt/ros/jazzy/opt/gz_dartsim_vendor:/opt/ros/jazzy/opt/gz_cmake_vendor:/opt/ros/jazzy DEBUGINFOD_URLS=https://debuginfod.ubuntu.com GZ_SIM_RESOURCE_PATH=/home/kky/vrx_ws/src/vrx/install/share/vrx_gazebo/models:/home/kky/vrx_ws/src/vrx/install/share:${GZ_SIM_RESOURCE_PATH} LD_LIBRARY_PATH=/home/kky/vrx_ws/src/vrx/install/lib:${LD_LIBRARY_PATH} PYTHONPATH=/home/kky/vrx_ws/src/vrx/install/lib/python3.12/site-packages:${PYTHONPATH} /usr/bin/cmake --build /home/kky/vrx_ws/src/vrx/build/wamv_description -- -j16 -l16
[0.868s] DEBUG:colcon.colcon_core.event_handler.log_command:Invoking command in '/home/kky/vrx_ws/src/vrx/build/wamv_description': AMENT_PREFIX_PATH=/home/kky/vrx_ws/src/vrx/install:${AMENT_PREFIX_PATH} CMAKE_PREFIX_PATH=/home/kky/vrx_ws/src/vrx/install:/home/kky/vrx_ws/install:/opt/ros/jazzy/opt/gz_sim_vendor:/opt/ros/jazzy/opt/gz_sensors_vendor:/opt/ros/jazzy/opt/gz_physics_vendor:/opt/ros/jazzy/opt/sdformat_vendor:/opt/ros/jazzy/opt/gz_gui_vendor:/opt/ros/jazzy/opt/gz_transport_vendor:/opt/ros/jazzy/opt/gz_rendering_vendor:/opt/ros/jazzy/opt/gz_plugin_vendor:/opt/ros/jazzy/opt/gz_fuel_tools_vendor:/opt/ros/jazzy/opt/gz_msgs_vendor:/opt/ros/jazzy/opt/gz_common_vendor:/opt/ros/jazzy/opt/gz_math_vendor:/opt/ros/jazzy/opt/gz_utils_vendor:/opt/ros/jazzy/opt/gz_tools_vendor:/opt/ros/jazzy/opt/gz_ogre_next_vendor:/opt/ros/jazzy/opt/gz_dartsim_vendor:/opt/ros/jazzy/opt/gz_cmake_vendor:/opt/ros/jazzy DEBUGINFOD_URLS=https://debuginfod.ubuntu.com GZ_SIM_RESOURCE_PATH=/home/kky/vrx_ws/src/vrx/install/share/vrx_gazebo/models:/home/kky/vrx_ws/src/vrx/install/share:${GZ_SIM_RESOURCE_PATH} LD_LIBRARY_PATH=/home/kky/vrx_ws/src/vrx/install/lib:${LD_LIBRARY_PATH} PYTHONPATH=/home/kky/vrx_ws/src/vrx/install/lib/python3.12/site-packages:${PYTHONPATH} /usr/bin/cmake --install /home/kky/vrx_ws/src/vrx/build/wamv_description
[0.881s] Level 1:colcon.colcon_core.environment:create_environment_scripts_only(wamv_description)
[0.881s] Level 1:colcon.colcon_core.environment:checking '/home/kky/vrx_ws/src/vrx/install' for CMake module files
[0.882s] DEBUG:colcon.colcon_core.event_handler.log_command:Invoked command in '/home/kky/vrx_ws/src/vrx/build/wamv_description' returned '0': AMENT_PREFIX_PATH=/home/kky/vrx_ws/src/vrx/install:${AMENT_PREFIX_PATH} CMAKE_PREFIX_PATH=/home/kky/vrx_ws/src/vrx/install:/home/kky/vrx_ws/install:/opt/ros/jazzy/opt/gz_sim_vendor:/opt/ros/jazzy/opt/gz_sensors_vendor:/opt/ros/jazzy/opt/gz_physics_vendor:/opt/ros/jazzy/opt/sdformat_vendor:/opt/ros/jazzy/opt/gz_gui_vendor:/opt/ros/jazzy/opt/gz_transport_vendor:/opt/ros/jazzy/opt/gz_rendering_vendor:/opt/ros/jazzy/opt/gz_plugin_vendor:/opt/ros/jazzy/opt/gz_fuel_tools_vendor:/opt/ros/jazzy/opt/gz_msgs_vendor:/opt/ros/jazzy/opt/gz_common_vendor:/opt/ros/jazzy/opt/gz_math_vendor:/opt/ros/jazzy/opt/gz_utils_vendor:/opt/ros/jazzy/opt/gz_tools_vendor:/opt/ros/jazzy/opt/gz_ogre_next_vendor:/opt/ros/jazzy/opt/gz_dartsim_vendor:/opt/ros/jazzy/opt/gz_cmake_vendor:/opt/ros/jazzy DEBUGINFOD_URLS=https://debuginfod.ubuntu.com GZ_SIM_RESOURCE_PATH=/home/kky/vrx_ws/src/vrx/install/share/vrx_gazebo/models:/home/kky/vrx_ws/src/vrx/install/share:${GZ_SIM_RESOURCE_PATH} LD_LIBRARY_PATH=/home/kky/vrx_ws/src/vrx/install/lib:${LD_LIBRARY_PATH} PYTHONPATH=/home/kky/vrx_ws/src/vrx/install/lib/python3.12/site-packages:${PYTHONPATH} /usr/bin/cmake --install /home/kky/vrx_ws/src/vrx/build/wamv_description
[0.882s] Level 1:colcon.colcon_core.environment:checking '/home/kky/vrx_ws/src/vrx/install' for CMake config files
[0.882s] Level 1:colcon.colcon_core.shell:create_environment_hook('wamv_description', 'cmake_prefix_path')
[0.883s] INFO:colcon.colcon_core.shell:Creating environment hook '/home/kky/vrx_ws/src/vrx/install/share/wamv_description/hook/cmake_prefix_path.ps1'
[0.883s] INFO:colcon.colcon_core.shell:Creating environment descriptor '/home/kky/vrx_ws/src/vrx/install/share/wamv_description/hook/cmake_prefix_path.dsv'
[0.883s] INFO:colcon.colcon_core.shell:Creating environment hook '/home/kky/vrx_ws/src/vrx/install/share/wamv_description/hook/cmake_prefix_path.sh'
[0.884s] Level 1:colcon.colcon_core.environment:checking '/home/kky/vrx_ws/src/vrx/install/lib'
[0.884s] Level 1:colcon.colcon_core.shell:create_environment_hook('wamv_description', 'ld_library_path_lib')
[0.884s] INFO:colcon.colcon_core.shell:Creating environment hook '/home/kky/vrx_ws/src/vrx/install/share/wamv_description/hook/ld_library_path_lib.ps1'
[0.884s] INFO:colcon.colcon_core.shell:Creating environment descriptor '/home/kky/vrx_ws/src/vrx/install/share/wamv_description/hook/ld_library_path_lib.dsv'
[0.885s] INFO:colcon.colcon_core.shell:Creating environment hook '/home/kky/vrx_ws/src/vrx/install/share/wamv_description/hook/ld_library_path_lib.sh'
[0.885s] Level 1:colcon.colcon_core.environment:checking '/home/kky/vrx_ws/src/vrx/install/bin'
[0.885s] Level 1:colcon.colcon_core.environment:checking '/home/kky/vrx_ws/src/vrx/install/lib/pkgconfig/wamv_description.pc'
[0.885s] Level 1:colcon.colcon_core.environment:checking '/home/kky/vrx_ws/src/vrx/install/lib/python3.12/site-packages'
[0.886s] Level 1:colcon.colcon_core.shell:create_environment_hook('wamv_description', 'pythonpath')
[0.886s] INFO:colcon.colcon_core.shell:Creating environment hook '/home/kky/vrx_ws/src/vrx/install/share/wamv_description/hook/pythonpath.ps1'
[0.886s] INFO:colcon.colcon_core.shell:Creating environment descriptor '/home/kky/vrx_ws/src/vrx/install/share/wamv_description/hook/pythonpath.dsv'
[0.886s] INFO:colcon.colcon_core.shell:Creating environment hook '/home/kky/vrx_ws/src/vrx/install/share/wamv_description/hook/pythonpath.sh'
[0.887s] Level 1:colcon.colcon_core.environment:checking '/home/kky/vrx_ws/src/vrx/install/bin'
[0.887s] INFO:colcon.colcon_core.shell:Creating package script '/home/kky/vrx_ws/src/vrx/install/share/wamv_description/package.ps1'
[0.888s] INFO:colcon.colcon_core.shell:Creating package descriptor '/home/kky/vrx_ws/src/vrx/install/share/wamv_description/package.dsv'
[0.888s] INFO:colcon.colcon_core.shell:Creating package script '/home/kky/vrx_ws/src/vrx/install/share/wamv_description/package.sh'
[0.889s] INFO:colcon.colcon_core.shell:Creating package script '/home/kky/vrx_ws/src/vrx/install/share/wamv_description/package.bash'
[0.889s] INFO:colcon.colcon_core.shell:Creating package script '/home/kky/vrx_ws/src/vrx/install/share/wamv_description/package.zsh'
[0.889s] Level 1:colcon.colcon_core.environment:create_file_with_runtime_dependencies(/home/kky/vrx_ws/src/vrx/install/share/colcon-core/packages/wamv_description)
[0.890s] Level 1:colcon.colcon_core.environment:create_environment_scripts_only(wamv_description)
[0.890s] Level 1:colcon.colcon_core.environment:checking '/home/kky/vrx_ws/src/vrx/install' for CMake module files
[0.890s] Level 1:colcon.colcon_core.environment:checking '/home/kky/vrx_ws/src/vrx/install' for CMake config files
[0.891s] Level 1:colcon.colcon_core.shell:create_environment_hook('wamv_description', 'cmake_prefix_path')
[0.891s] INFO:colcon.colcon_core.shell:Creating environment hook '/home/kky/vrx_ws/src/vrx/install/share/wamv_description/hook/cmake_prefix_path.ps1'
[0.891s] INFO:colcon.colcon_core.shell:Creating environment descriptor '/home/kky/vrx_ws/src/vrx/install/share/wamv_description/hook/cmake_prefix_path.dsv'
[0.892s] INFO:colcon.colcon_core.shell:Creating environment hook '/home/kky/vrx_ws/src/vrx/install/share/wamv_description/hook/cmake_prefix_path.sh'
[0.892s] Level 1:colcon.colcon_core.environment:checking '/home/kky/vrx_ws/src/vrx/install/lib'
[0.892s] Level 1:colcon.colcon_core.shell:create_environment_hook('wamv_description', 'ld_library_path_lib')
[0.892s] INFO:colcon.colcon_core.shell:Creating environment hook '/home/kky/vrx_ws/src/vrx/install/share/wamv_description/hook/ld_library_path_lib.ps1'
[0.893s] INFO:colcon.colcon_core.shell:Creating environment descriptor '/home/kky/vrx_ws/src/vrx/install/share/wamv_description/hook/ld_library_path_lib.dsv'
[0.893s] INFO:colcon.colcon_core.shell:Creating environment hook '/home/kky/vrx_ws/src/vrx/install/share/wamv_description/hook/ld_library_path_lib.sh'
[0.893s] Level 1:colcon.colcon_core.environment:checking '/home/kky/vrx_ws/src/vrx/install/bin'
[0.893s] Level 1:colcon.colcon_core.environment:checking '/home/kky/vrx_ws/src/vrx/install/lib/pkgconfig/wamv_description.pc'
[0.894s] Level 1:colcon.colcon_core.environment:checking '/home/kky/vrx_ws/src/vrx/install/lib/python3.12/site-packages'
[0.894s] Level 1:colcon.colcon_core.shell:create_environment_hook('wamv_description', 'pythonpath')
[0.894s] INFO:colcon.colcon_core.shell:Creating environment hook '/home/kky/vrx_ws/src/vrx/install/share/wamv_description/hook/pythonpath.ps1'
[0.894s] INFO:colcon.colcon_core.shell:Creating environment descriptor '/home/kky/vrx_ws/src/vrx/install/share/wamv_description/hook/pythonpath.dsv'
[0.895s] INFO:colcon.colcon_core.shell:Creating environment hook '/home/kky/vrx_ws/src/vrx/install/share/wamv_description/hook/pythonpath.sh'
[0.895s] Level 1:colcon.colcon_core.environment:checking '/home/kky/vrx_ws/src/vrx/install/bin'
[0.896s] INFO:colcon.colcon_core.shell:Creating package script '/home/kky/vrx_ws/src/vrx/install/share/wamv_description/package.ps1'
[0.896s] INFO:colcon.colcon_core.shell:Creating package descriptor '/home/kky/vrx_ws/src/vrx/install/share/wamv_description/package.dsv'
[0.897s] INFO:colcon.colcon_core.shell:Creating package script '/home/kky/vrx_ws/src/vrx/install/share/wamv_description/package.sh'
[0.897s] INFO:colcon.colcon_core.shell:Creating package script '/home/kky/vrx_ws/src/vrx/install/share/wamv_description/package.bash'
[0.897s] INFO:colcon.colcon_core.shell:Creating package script '/home/kky/vrx_ws/src/vrx/install/share/wamv_description/package.zsh'
[0.898s] Level 1:colcon.colcon_core.environment:create_file_with_runtime_dependencies(/home/kky/vrx_ws/src/vrx/install/share/colcon-core/packages/wamv_description)
[0.898s] INFO:colcon.colcon_ros.task.ament_cmake.build:Building ROS package in '/home/kky/vrx_ws/src/vrx/vrx_urdf/wamv_gazebo' with build type 'ament_cmake'
[0.898s] INFO:colcon.colcon_cmake.task.cmake.build:Building CMake package in '/home/kky/vrx_ws/src/vrx/vrx_urdf/wamv_gazebo'
[0.898s] INFO:colcon.colcon_core.shell:Skip shell extension 'powershell' for command environment: Not usable outside of PowerShell
[0.899s] DEBUG:colcon.colcon_core.shell:Skip shell extension 'dsv' for command environment
[0.909s] DEBUG:colcon.colcon_core.event_handler.log_command:Invoking command in '/home/kky/vrx_ws/src/vrx/build/wamv_gazebo': AMENT_PREFIX_PATH=/home/kky/vrx_ws/src/vrx/install:${AMENT_PREFIX_PATH} CMAKE_PREFIX_PATH=/home/kky/vrx_ws/src/vrx/install:/home/kky/vrx_ws/install:/opt/ros/jazzy/opt/gz_sim_vendor:/opt/ros/jazzy/opt/gz_sensors_vendor:/opt/ros/jazzy/opt/gz_physics_vendor:/opt/ros/jazzy/opt/sdformat_vendor:/opt/ros/jazzy/opt/gz_gui_vendor:/opt/ros/jazzy/opt/gz_transport_vendor:/opt/ros/jazzy/opt/gz_rendering_vendor:/opt/ros/jazzy/opt/gz_plugin_vendor:/opt/ros/jazzy/opt/gz_fuel_tools_vendor:/opt/ros/jazzy/opt/gz_msgs_vendor:/opt/ros/jazzy/opt/gz_common_vendor:/opt/ros/jazzy/opt/gz_math_vendor:/opt/ros/jazzy/opt/gz_utils_vendor:/opt/ros/jazzy/opt/gz_tools_vendor:/opt/ros/jazzy/opt/gz_ogre_next_vendor:/opt/ros/jazzy/opt/gz_dartsim_vendor:/opt/ros/jazzy/opt/gz_cmake_vendor:/opt/ros/jazzy DEBUGINFOD_URLS=https://debuginfod.ubuntu.com GZ_SIM_RESOURCE_PATH=/home/kky/vrx_ws/src/vrx/install/share/wamv_description/models:/home/kky/vrx_ws/src/vrx/install/share/vrx_gazebo/models:/home/kky/vrx_ws/src/vrx/install/share:${GZ_SIM_RESOURCE_PATH} LD_LIBRARY_PATH=/home/kky/vrx_ws/src/vrx/install/lib:${LD_LIBRARY_PATH} PYTHONPATH=/home/kky/vrx_ws/src/vrx/install/lib/python3.12/site-packages:${PYTHONPATH} /usr/bin/cmake --build /home/kky/vrx_ws/src/vrx/build/wamv_gazebo -- -j16 -l16
[0.952s] DEBUG:colcon.colcon_core.event_handler.log_command:Invoked command in '/home/kky/vrx_ws/src/vrx/build/wamv_gazebo' returned '0': AMENT_PREFIX_PATH=/home/kky/vrx_ws/src/vrx/install:${AMENT_PREFIX_PATH} CMAKE_PREFIX_PATH=/home/kky/vrx_ws/src/vrx/install:/home/kky/vrx_ws/install:/opt/ros/jazzy/opt/gz_sim_vendor:/opt/ros/jazzy/opt/gz_sensors_vendor:/opt/ros/jazzy/opt/gz_physics_vendor:/opt/ros/jazzy/opt/sdformat_vendor:/opt/ros/jazzy/opt/gz_gui_vendor:/opt/ros/jazzy/opt/gz_transport_vendor:/opt/ros/jazzy/opt/gz_rendering_vendor:/opt/ros/jazzy/opt/gz_plugin_vendor:/opt/ros/jazzy/opt/gz_fuel_tools_vendor:/opt/ros/jazzy/opt/gz_msgs_vendor:/opt/ros/jazzy/opt/gz_common_vendor:/opt/ros/jazzy/opt/gz_math_vendor:/opt/ros/jazzy/opt/gz_utils_vendor:/opt/ros/jazzy/opt/gz_tools_vendor:/opt/ros/jazzy/opt/gz_ogre_next_vendor:/opt/ros/jazzy/opt/gz_dartsim_vendor:/opt/ros/jazzy/opt/gz_cmake_vendor:/opt/ros/jazzy DEBUGINFOD_URLS=https://debuginfod.ubuntu.com GZ_SIM_RESOURCE_PATH=/home/kky/vrx_ws/src/vrx/install/share/wamv_description/models:/home/kky/vrx_ws/src/vrx/install/share/vrx_gazebo/models:/home/kky/vrx_ws/src/vrx/install/share:${GZ_SIM_RESOURCE_PATH} LD_LIBRARY_PATH=/home/kky/vrx_ws/src/vrx/install/lib:${LD_LIBRARY_PATH} PYTHONPATH=/home/kky/vrx_ws/src/vrx/install/lib/python3.12/site-packages:${PYTHONPATH} /usr/bin/cmake --build /home/kky/vrx_ws/src/vrx/build/wamv_gazebo -- -j16 -l16
[0.953s] DEBUG:colcon.colcon_core.event_handler.log_command:Invoking command in '/home/kky/vrx_ws/src/vrx/build/wamv_gazebo': AMENT_PREFIX_PATH=/home/kky/vrx_ws/src/vrx/install:${AMENT_PREFIX_PATH} CMAKE_PREFIX_PATH=/home/kky/vrx_ws/src/vrx/install:/home/kky/vrx_ws/install:/opt/ros/jazzy/opt/gz_sim_vendor:/opt/ros/jazzy/opt/gz_sensors_vendor:/opt/ros/jazzy/opt/gz_physics_vendor:/opt/ros/jazzy/opt/sdformat_vendor:/opt/ros/jazzy/opt/gz_gui_vendor:/opt/ros/jazzy/opt/gz_transport_vendor:/opt/ros/jazzy/opt/gz_rendering_vendor:/opt/ros/jazzy/opt/gz_plugin_vendor:/opt/ros/jazzy/opt/gz_fuel_tools_vendor:/opt/ros/jazzy/opt/gz_msgs_vendor:/opt/ros/jazzy/opt/gz_common_vendor:/opt/ros/jazzy/opt/gz_math_vendor:/opt/ros/jazzy/opt/gz_utils_vendor:/opt/ros/jazzy/opt/gz_tools_vendor:/opt/ros/jazzy/opt/gz_ogre_next_vendor:/opt/ros/jazzy/opt/gz_dartsim_vendor:/opt/ros/jazzy/opt/gz_cmake_vendor:/opt/ros/jazzy DEBUGINFOD_URLS=https://debuginfod.ubuntu.com GZ_SIM_RESOURCE_PATH=/home/kky/vrx_ws/src/vrx/install/share/wamv_description/models:/home/kky/vrx_ws/src/vrx/install/share/vrx_gazebo/models:/home/kky/vrx_ws/src/vrx/install/share:${GZ_SIM_RESOURCE_PATH} LD_LIBRARY_PATH=/home/kky/vrx_ws/src/vrx/install/lib:${LD_LIBRARY_PATH} PYTHONPATH=/home/kky/vrx_ws/src/vrx/install/lib/python3.12/site-packages:${PYTHONPATH} /usr/bin/cmake --install /home/kky/vrx_ws/src/vrx/build/wamv_gazebo
[0.966s] Level 1:colcon.colcon_core.environment:create_environment_scripts_only(wamv_gazebo)
[0.966s] Level 1:colcon.colcon_core.environment:checking '/home/kky/vrx_ws/src/vrx/install' for CMake module files
[0.966s] DEBUG:colcon.colcon_core.event_handler.log_command:Invoked command in '/home/kky/vrx_ws/src/vrx/build/wamv_gazebo' returned '0': AMENT_PREFIX_PATH=/home/kky/vrx_ws/src/vrx/install:${AMENT_PREFIX_PATH} CMAKE_PREFIX_PATH=/home/kky/vrx_ws/src/vrx/install:/home/kky/vrx_ws/install:/opt/ros/jazzy/opt/gz_sim_vendor:/opt/ros/jazzy/opt/gz_sensors_vendor:/opt/ros/jazzy/opt/gz_physics_vendor:/opt/ros/jazzy/opt/sdformat_vendor:/opt/ros/jazzy/opt/gz_gui_vendor:/opt/ros/jazzy/opt/gz_transport_vendor:/opt/ros/jazzy/opt/gz_rendering_vendor:/opt/ros/jazzy/opt/gz_plugin_vendor:/opt/ros/jazzy/opt/gz_fuel_tools_vendor:/opt/ros/jazzy/opt/gz_msgs_vendor:/opt/ros/jazzy/opt/gz_common_vendor:/opt/ros/jazzy/opt/gz_math_vendor:/opt/ros/jazzy/opt/gz_utils_vendor:/opt/ros/jazzy/opt/gz_tools_vendor:/opt/ros/jazzy/opt/gz_ogre_next_vendor:/opt/ros/jazzy/opt/gz_dartsim_vendor:/opt/ros/jazzy/opt/gz_cmake_vendor:/opt/ros/jazzy DEBUGINFOD_URLS=https://debuginfod.ubuntu.com GZ_SIM_RESOURCE_PATH=/home/kky/vrx_ws/src/vrx/install/share/wamv_description/models:/home/kky/vrx_ws/src/vrx/install/share/vrx_gazebo/models:/home/kky/vrx_ws/src/vrx/install/share:${GZ_SIM_RESOURCE_PATH} LD_LIBRARY_PATH=/home/kky/vrx_ws/src/vrx/install/lib:${LD_LIBRARY_PATH} PYTHONPATH=/home/kky/vrx_ws/src/vrx/install/lib/python3.12/site-packages:${PYTHONPATH} /usr/bin/cmake --install /home/kky/vrx_ws/src/vrx/build/wamv_gazebo
[0.967s] Level 1:colcon.colcon_core.environment:checking '/home/kky/vrx_ws/src/vrx/install' for CMake config files
[0.967s] Level 1:colcon.colcon_core.shell:create_environment_hook('wamv_gazebo', 'cmake_prefix_path')
[0.967s] INFO:colcon.colcon_core.shell:Creating environment hook '/home/kky/vrx_ws/src/vrx/install/share/wamv_gazebo/hook/cmake_prefix_path.ps1'
[0.968s] INFO:colcon.colcon_core.shell:Creating environment descriptor '/home/kky/vrx_ws/src/vrx/install/share/wamv_gazebo/hook/cmake_prefix_path.dsv'
[0.968s] INFO:colcon.colcon_core.shell:Creating environment hook '/home/kky/vrx_ws/src/vrx/install/share/wamv_gazebo/hook/cmake_prefix_path.sh'
[0.968s] Level 1:colcon.colcon_core.environment:checking '/home/kky/vrx_ws/src/vrx/install/lib'
[0.969s] Level 1:colcon.colcon_core.shell:create_environment_hook('wamv_gazebo', 'ld_library_path_lib')
[0.969s] INFO:colcon.colcon_core.shell:Creating environment hook '/home/kky/vrx_ws/src/vrx/install/share/wamv_gazebo/hook/ld_library_path_lib.ps1'
[0.969s] INFO:colcon.colcon_core.shell:Creating environment descriptor '/home/kky/vrx_ws/src/vrx/install/share/wamv_gazebo/hook/ld_library_path_lib.dsv'
[0.969s] INFO:colcon.colcon_core.shell:Creating environment hook '/home/kky/vrx_ws/src/vrx/install/share/wamv_gazebo/hook/ld_library_path_lib.sh'
[0.970s] Level 1:colcon.colcon_core.environment:checking '/home/kky/vrx_ws/src/vrx/install/bin'
[0.970s] Level 1:colcon.colcon_core.environment:checking '/home/kky/vrx_ws/src/vrx/install/lib/pkgconfig/wamv_gazebo.pc'
[0.970s] Level 1:colcon.colcon_core.environment:checking '/home/kky/vrx_ws/src/vrx/install/lib/python3.12/site-packages'
[0.970s] Level 1:colcon.colcon_core.shell:create_environment_hook('wamv_gazebo', 'pythonpath')
[0.970s] INFO:colcon.colcon_core.shell:Creating environment hook '/home/kky/vrx_ws/src/vrx/install/share/wamv_gazebo/hook/pythonpath.ps1'
[0.971s] INFO:colcon.colcon_core.shell:Creating environment descriptor '/home/kky/vrx_ws/src/vrx/install/share/wamv_gazebo/hook/pythonpath.dsv'
[0.971s] INFO:colcon.colcon_core.shell:Creating environment hook '/home/kky/vrx_ws/src/vrx/install/share/wamv_gazebo/hook/pythonpath.sh'
[0.972s] Level 1:colcon.colcon_core.environment:checking '/home/kky/vrx_ws/src/vrx/install/bin'
[0.972s] INFO:colcon.colcon_core.shell:Creating package script '/home/kky/vrx_ws/src/vrx/install/share/wamv_gazebo/package.ps1'
[0.972s] INFO:colcon.colcon_core.shell:Creating package descriptor '/home/kky/vrx_ws/src/vrx/install/share/wamv_gazebo/package.dsv'
[0.973s] INFO:colcon.colcon_core.shell:Creating package script '/home/kky/vrx_ws/src/vrx/install/share/wamv_gazebo/package.sh'
[0.973s] INFO:colcon.colcon_core.shell:Creating package script '/home/kky/vrx_ws/src/vrx/install/share/wamv_gazebo/package.bash'
[0.974s] INFO:colcon.colcon_core.shell:Creating package script '/home/kky/vrx_ws/src/vrx/install/share/wamv_gazebo/package.zsh'
[0.974s] Level 1:colcon.colcon_core.environment:create_file_with_runtime_dependencies(/home/kky/vrx_ws/src/vrx/install/share/colcon-core/packages/wamv_gazebo)
[0.974s] Level 1:colcon.colcon_core.environment:create_environment_scripts_only(wamv_gazebo)
[0.974s] Level 1:colcon.colcon_core.environment:checking '/home/kky/vrx_ws/src/vrx/install' for CMake module files
[0.975s] Level 1:colcon.colcon_core.environment:checking '/home/kky/vrx_ws/src/vrx/install' for CMake config files
[0.975s] Level 1:colcon.colcon_core.shell:create_environment_hook('wamv_gazebo', 'cmake_prefix_path')
[0.975s] INFO:colcon.colcon_core.shell:Creating environment hook '/home/kky/vrx_ws/src/vrx/install/share/wamv_gazebo/hook/cmake_prefix_path.ps1'
[0.976s] INFO:colcon.colcon_core.shell:Creating environment descriptor '/home/kky/vrx_ws/src/vrx/install/share/wamv_gazebo/hook/cmake_prefix_path.dsv'
[0.976s] INFO:colcon.colcon_core.shell:Creating environment hook '/home/kky/vrx_ws/src/vrx/install/share/wamv_gazebo/hook/cmake_prefix_path.sh'
[0.976s] Level 1:colcon.colcon_core.environment:checking '/home/kky/vrx_ws/src/vrx/install/lib'
[0.977s] Level 1:colcon.colcon_core.shell:create_environment_hook('wamv_gazebo', 'ld_library_path_lib')
[0.977s] INFO:colcon.colcon_core.shell:Creating environment hook '/home/kky/vrx_ws/src/vrx/install/share/wamv_gazebo/hook/ld_library_path_lib.ps1'
[0.977s] INFO:colcon.colcon_core.shell:Creating environment descriptor '/home/kky/vrx_ws/src/vrx/install/share/wamv_gazebo/hook/ld_library_path_lib.dsv'
[0.977s] INFO:colcon.colcon_core.shell:Creating environment hook '/home/kky/vrx_ws/src/vrx/install/share/wamv_gazebo/hook/ld_library_path_lib.sh'
[0.978s] Level 1:colcon.colcon_core.environment:checking '/home/kky/vrx_ws/src/vrx/install/bin'
[0.978s] Level 1:colcon.colcon_core.environment:checking '/home/kky/vrx_ws/src/vrx/install/lib/pkgconfig/wamv_gazebo.pc'
[0.978s] Level 1:colcon.colcon_core.environment:checking '/home/kky/vrx_ws/src/vrx/install/lib/python3.12/site-packages'
[0.978s] Level 1:colcon.colcon_core.shell:create_environment_hook('wamv_gazebo', 'pythonpath')
[0.978s] INFO:colcon.colcon_core.shell:Creating environment hook '/home/kky/vrx_ws/src/vrx/install/share/wamv_gazebo/hook/pythonpath.ps1'
[0.979s] INFO:colcon.colcon_core.shell:Creating environment descriptor '/home/kky/vrx_ws/src/vrx/install/share/wamv_gazebo/hook/pythonpath.dsv'
[0.979s] INFO:colcon.colcon_core.shell:Creating environment hook '/home/kky/vrx_ws/src/vrx/install/share/wamv_gazebo/hook/pythonpath.sh'
[0.980s] Level 1:colcon.colcon_core.environment:checking '/home/kky/vrx_ws/src/vrx/install/bin'
[0.980s] INFO:colcon.colcon_core.shell:Creating package script '/home/kky/vrx_ws/src/vrx/install/share/wamv_gazebo/package.ps1'
[0.981s] INFO:colcon.colcon_core.shell:Creating package descriptor '/home/kky/vrx_ws/src/vrx/install/share/wamv_gazebo/package.dsv'
[0.981s] INFO:colcon.colcon_core.shell:Creating package script '/home/kky/vrx_ws/src/vrx/install/share/wamv_gazebo/package.sh'
[0.982s] INFO:colcon.colcon_core.shell:Creating package script '/home/kky/vrx_ws/src/vrx/install/share/wamv_gazebo/package.bash'
[0.982s] INFO:colcon.colcon_core.shell:Creating package script '/home/kky/vrx_ws/src/vrx/install/share/wamv_gazebo/package.zsh'
[0.983s] Level 1:colcon.colcon_core.environment:create_file_with_runtime_dependencies(/home/kky/vrx_ws/src/vrx/install/share/colcon-core/packages/wamv_gazebo)
[0.983s] INFO:colcon.colcon_ros.task.ament_cmake.build:Building ROS package in '/home/kky/vrx_ws/src/vrx/vrx_gz' with build type 'ament_cmake'
[0.983s] INFO:colcon.colcon_cmake.task.cmake.build:Building CMake package in '/home/kky/vrx_ws/src/vrx/vrx_gz'
[0.983s] INFO:colcon.colcon_core.shell:Skip shell extension 'powershell' for command environment: Not usable outside of PowerShell
[0.983s] DEBUG:colcon.colcon_core.shell:Skip shell extension 'dsv' for command environment
[0.997s] DEBUG:colcon.colcon_core.event_handler.log_command:Invoking command in '/home/kky/vrx_ws/src/vrx/build/vrx_gz': AMENT_PREFIX_PATH=/home/kky/vrx_ws/src/vrx/install:${AMENT_PREFIX_PATH} CMAKE_PREFIX_PATH=/home/kky/vrx_ws/src/vrx/install:/home/kky/vrx_ws/install:/opt/ros/jazzy/opt/gz_sim_vendor:/opt/ros/jazzy/opt/gz_sensors_vendor:/opt/ros/jazzy/opt/gz_physics_vendor:/opt/ros/jazzy/opt/sdformat_vendor:/opt/ros/jazzy/opt/gz_gui_vendor:/opt/ros/jazzy/opt/gz_transport_vendor:/opt/ros/jazzy/opt/gz_rendering_vendor:/opt/ros/jazzy/opt/gz_plugin_vendor:/opt/ros/jazzy/opt/gz_fuel_tools_vendor:/opt/ros/jazzy/opt/gz_msgs_vendor:/opt/ros/jazzy/opt/gz_common_vendor:/opt/ros/jazzy/opt/gz_math_vendor:/opt/ros/jazzy/opt/gz_utils_vendor:/opt/ros/jazzy/opt/gz_tools_vendor:/opt/ros/jazzy/opt/gz_ogre_next_vendor:/opt/ros/jazzy/opt/gz_dartsim_vendor:/opt/ros/jazzy/opt/gz_cmake_vendor:/opt/ros/jazzy DEBUGINFOD_URLS=https://debuginfod.ubuntu.com GZ_SIM_RESOURCE_PATH=/home/kky/vrx_ws/src/vrx/install/share/wamv_description/models:/home/kky/vrx_ws/src/vrx/install/share/vrx_gazebo/models:/home/kky/vrx_ws/src/vrx/install/share:${GZ_SIM_RESOURCE_PATH} LD_LIBRARY_PATH=/home/kky/vrx_ws/src/vrx/install/lib:${LD_LIBRARY_PATH} PYTHONPATH=/home/kky/vrx_ws/src/vrx/install/lib/python3.12/site-packages:${PYTHONPATH} /usr/bin/cmake --build /home/kky/vrx_ws/src/vrx/build/vrx_gz -- -j16 -l16
[1.485s] DEBUG:colcon.colcon_core.event_handler.log_command:Invoked command in '/home/kky/vrx_ws/src/vrx/build/vrx_gz' returned '0': AMENT_PREFIX_PATH=/home/kky/vrx_ws/src/vrx/install:${AMENT_PREFIX_PATH} CMAKE_PREFIX_PATH=/home/kky/vrx_ws/src/vrx/install:/home/kky/vrx_ws/install:/opt/ros/jazzy/opt/gz_sim_vendor:/opt/ros/jazzy/opt/gz_sensors_vendor:/opt/ros/jazzy/opt/gz_physics_vendor:/opt/ros/jazzy/opt/sdformat_vendor:/opt/ros/jazzy/opt/gz_gui_vendor:/opt/ros/jazzy/opt/gz_transport_vendor:/opt/ros/jazzy/opt/gz_rendering_vendor:/opt/ros/jazzy/opt/gz_plugin_vendor:/opt/ros/jazzy/opt/gz_fuel_tools_vendor:/opt/ros/jazzy/opt/gz_msgs_vendor:/opt/ros/jazzy/opt/gz_common_vendor:/opt/ros/jazzy/opt/gz_math_vendor:/opt/ros/jazzy/opt/gz_utils_vendor:/opt/ros/jazzy/opt/gz_tools_vendor:/opt/ros/jazzy/opt/gz_ogre_next_vendor:/opt/ros/jazzy/opt/gz_dartsim_vendor:/opt/ros/jazzy/opt/gz_cmake_vendor:/opt/ros/jazzy DEBUGINFOD_URLS=https://debuginfod.ubuntu.com GZ_SIM_RESOURCE_PATH=/home/kky/vrx_ws/src/vrx/install/share/wamv_description/models:/home/kky/vrx_ws/src/vrx/install/share/vrx_gazebo/models:/home/kky/vrx_ws/src/vrx/install/share:${GZ_SIM_RESOURCE_PATH} LD_LIBRARY_PATH=/home/kky/vrx_ws/src/vrx/install/lib:${LD_LIBRARY_PATH} PYTHONPATH=/home/kky/vrx_ws/src/vrx/install/lib/python3.12/site-packages:${PYTHONPATH} /usr/bin/cmake --build /home/kky/vrx_ws/src/vrx/build/vrx_gz -- -j16 -l16
[1.486s] DEBUG:colcon.colcon_core.event_handler.log_command:Invoking command in '/home/kky/vrx_ws/src/vrx/build/vrx_gz': AMENT_PREFIX_PATH=/home/kky/vrx_ws/src/vrx/install:${AMENT_PREFIX_PATH} CMAKE_PREFIX_PATH=/home/kky/vrx_ws/src/vrx/install:/home/kky/vrx_ws/install:/opt/ros/jazzy/opt/gz_sim_vendor:/opt/ros/jazzy/opt/gz_sensors_vendor:/opt/ros/jazzy/opt/gz_physics_vendor:/opt/ros/jazzy/opt/sdformat_vendor:/opt/ros/jazzy/opt/gz_gui_vendor:/opt/ros/jazzy/opt/gz_transport_vendor:/opt/ros/jazzy/opt/gz_rendering_vendor:/opt/ros/jazzy/opt/gz_plugin_vendor:/opt/ros/jazzy/opt/gz_fuel_tools_vendor:/opt/ros/jazzy/opt/gz_msgs_vendor:/opt/ros/jazzy/opt/gz_common_vendor:/opt/ros/jazzy/opt/gz_math_vendor:/opt/ros/jazzy/opt/gz_utils_vendor:/opt/ros/jazzy/opt/gz_tools_vendor:/opt/ros/jazzy/opt/gz_ogre_next_vendor:/opt/ros/jazzy/opt/gz_dartsim_vendor:/opt/ros/jazzy/opt/gz_cmake_vendor:/opt/ros/jazzy DEBUGINFOD_URLS=https://debuginfod.ubuntu.com GZ_SIM_RESOURCE_PATH=/home/kky/vrx_ws/src/vrx/install/share/wamv_description/models:/home/kky/vrx_ws/src/vrx/install/share/vrx_gazebo/models:/home/kky/vrx_ws/src/vrx/install/share:${GZ_SIM_RESOURCE_PATH} LD_LIBRARY_PATH=/home/kky/vrx_ws/src/vrx/install/lib:${LD_LIBRARY_PATH} PYTHONPATH=/home/kky/vrx_ws/src/vrx/install/lib/python3.12/site-packages:${PYTHONPATH} /usr/bin/cmake --install /home/kky/vrx_ws/src/vrx/build/vrx_gz
[1.556s] Level 1:colcon.colcon_core.environment:create_environment_scripts_only(vrx_gz)
[1.556s] Level 1:colcon.colcon_core.environment:checking '/home/kky/vrx_ws/src/vrx/install' for CMake module files
[1.557s] Level 1:colcon.colcon_core.environment:checking '/home/kky/vrx_ws/src/vrx/install' for CMake config files
[1.558s] Level 1:colcon.colcon_core.shell:create_environment_hook('vrx_gz', 'cmake_prefix_path')
[1.559s] INFO:colcon.colcon_core.shell:Creating environment hook '/home/kky/vrx_ws/src/vrx/install/share/vrx_gz/hook/cmake_prefix_path.ps1'
[1.560s] INFO:colcon.colcon_core.shell:Creating environment descriptor '/home/kky/vrx_ws/src/vrx/install/share/vrx_gz/hook/cmake_prefix_path.dsv'
[1.560s] INFO:colcon.colcon_core.shell:Creating environment hook '/home/kky/vrx_ws/src/vrx/install/share/vrx_gz/hook/cmake_prefix_path.sh'
[1.562s] Level 1:colcon.colcon_core.environment:checking '/home/kky/vrx_ws/src/vrx/install/lib'
[1.562s] Level 1:colcon.colcon_core.shell:create_environment_hook('vrx_gz', 'ld_library_path_lib')
[1.562s] INFO:colcon.colcon_core.shell:Creating environment hook '/home/kky/vrx_ws/src/vrx/install/share/vrx_gz/hook/ld_library_path_lib.ps1'
[1.563s] INFO:colcon.colcon_core.shell:Creating environment descriptor '/home/kky/vrx_ws/src/vrx/install/share/vrx_gz/hook/ld_library_path_lib.dsv'
[1.564s] INFO:colcon.colcon_core.shell:Creating environment hook '/home/kky/vrx_ws/src/vrx/install/share/vrx_gz/hook/ld_library_path_lib.sh'
[1.565s] Level 1:colcon.colcon_core.environment:checking '/home/kky/vrx_ws/src/vrx/install/bin'
[1.565s] Level 1:colcon.colcon_core.environment:checking '/home/kky/vrx_ws/src/vrx/install/lib/pkgconfig/vrx_gz.pc'
[1.565s] Level 1:colcon.colcon_core.environment:checking '/home/kky/vrx_ws/src/vrx/install/lib/python3.12/site-packages'
[1.565s] Level 1:colcon.colcon_core.shell:create_environment_hook('vrx_gz', 'pythonpath')
[1.566s] INFO:colcon.colcon_core.shell:Creating environment hook '/home/kky/vrx_ws/src/vrx/install/share/vrx_gz/hook/pythonpath.ps1'
[1.566s] INFO:colcon.colcon_core.shell:Creating environment descriptor '/home/kky/vrx_ws/src/vrx/install/share/vrx_gz/hook/pythonpath.dsv'
[1.567s] INFO:colcon.colcon_core.shell:Creating environment hook '/home/kky/vrx_ws/src/vrx/install/share/vrx_gz/hook/pythonpath.sh'
[1.568s] Level 1:colcon.colcon_core.environment:checking '/home/kky/vrx_ws/src/vrx/install/bin'
[1.569s] INFO:colcon.colcon_core.shell:Creating package script '/home/kky/vrx_ws/src/vrx/install/share/vrx_gz/package.ps1'
[1.569s] INFO:colcon.colcon_core.shell:Creating package descriptor '/home/kky/vrx_ws/src/vrx/install/share/vrx_gz/package.dsv'
[1.571s] INFO:colcon.colcon_core.shell:Creating package script '/home/kky/vrx_ws/src/vrx/install/share/vrx_gz/package.sh'
[1.572s] INFO:colcon.colcon_core.shell:Creating package script '/home/kky/vrx_ws/src/vrx/install/share/vrx_gz/package.bash'
[1.573s] INFO:colcon.colcon_core.shell:Creating package script '/home/kky/vrx_ws/src/vrx/install/share/vrx_gz/package.zsh'
[1.574s] Level 1:colcon.colcon_core.environment:create_file_with_runtime_dependencies(/home/kky/vrx_ws/src/vrx/install/share/colcon-core/packages/vrx_gz)
[1.576s] Level 1:colcon.colcon_core.environment:create_environment_scripts_only(vrx_gz)
[1.577s] Level 1:colcon.colcon_core.environment:checking '/home/kky/vrx_ws/src/vrx/install' for CMake module files
[1.578s] Level 1:colcon.colcon_core.environment:checking '/home/kky/vrx_ws/src/vrx/install' for CMake config files
[1.579s] Level 1:colcon.colcon_core.shell:create_environment_hook('vrx_gz', 'cmake_prefix_path')
[1.579s] INFO:colcon.colcon_core.shell:Creating environment hook '/home/kky/vrx_ws/src/vrx/install/share/vrx_gz/hook/cmake_prefix_path.ps1'
[1.581s] INFO:colcon.colcon_core.shell:Creating environment descriptor '/home/kky/vrx_ws/src/vrx/install/share/vrx_gz/hook/cmake_prefix_path.dsv'
[1.582s] DEBUG:colcon.colcon_core.event_handler.log_command:Invoked command in '/home/kky/vrx_ws/src/vrx/build/vrx_gz' returned '0': AMENT_PREFIX_PATH=/home/kky/vrx_ws/src/vrx/install:${AMENT_PREFIX_PATH} CMAKE_PREFIX_PATH=/home/kky/vrx_ws/src/vrx/install:/home/kky/vrx_ws/install:/opt/ros/jazzy/opt/gz_sim_vendor:/opt/ros/jazzy/opt/gz_sensors_vendor:/opt/ros/jazzy/opt/gz_physics_vendor:/opt/ros/jazzy/opt/sdformat_vendor:/opt/ros/jazzy/opt/gz_gui_vendor:/opt/ros/jazzy/opt/gz_transport_vendor:/opt/ros/jazzy/opt/gz_rendering_vendor:/opt/ros/jazzy/opt/gz_plugin_vendor:/opt/ros/jazzy/opt/gz_fuel_tools_vendor:/opt/ros/jazzy/opt/gz_msgs_vendor:/opt/ros/jazzy/opt/gz_common_vendor:/opt/ros/jazzy/opt/gz_math_vendor:/opt/ros/jazzy/opt/gz_utils_vendor:/opt/ros/jazzy/opt/gz_tools_vendor:/opt/ros/jazzy/opt/gz_ogre_next_vendor:/opt/ros/jazzy/opt/gz_dartsim_vendor:/opt/ros/jazzy/opt/gz_cmake_vendor:/opt/ros/jazzy DEBUGINFOD_URLS=https://debuginfod.ubuntu.com GZ_SIM_RESOURCE_PATH=/home/kky/vrx_ws/src/vrx/install/share/wamv_description/models:/home/kky/vrx_ws/src/vrx/install/share/vrx_gazebo/models:/home/kky/vrx_ws/src/vrx/install/share:${GZ_SIM_RESOURCE_PATH} LD_LIBRARY_PATH=/home/kky/vrx_ws/src/vrx/install/lib:${LD_LIBRARY_PATH} PYTHONPATH=/home/kky/vrx_ws/src/vrx/install/lib/python3.12/site-packages:${PYTHONPATH} /usr/bin/cmake --install /home/kky/vrx_ws/src/vrx/build/vrx_gz
[1.582s] INFO:colcon.colcon_core.shell:Creating environment hook '/home/kky/vrx_ws/src/vrx/install/share/vrx_gz/hook/cmake_prefix_path.sh'
[1.583s] Level 1:colcon.colcon_core.environment:checking '/home/kky/vrx_ws/src/vrx/install/lib'
[1.583s] Level 1:colcon.colcon_core.shell:create_environment_hook('vrx_gz', 'ld_library_path_lib')
[1.583s] INFO:colcon.colcon_core.shell:Creating environment hook '/home/kky/vrx_ws/src/vrx/install/share/vrx_gz/hook/ld_library_path_lib.ps1'
[1.583s] INFO:colcon.colcon_core.shell:Creating environment descriptor '/home/kky/vrx_ws/src/vrx/install/share/vrx_gz/hook/ld_library_path_lib.dsv'
[1.584s] INFO:colcon.colcon_core.shell:Creating environment hook '/home/kky/vrx_ws/src/vrx/install/share/vrx_gz/hook/ld_library_path_lib.sh'
[1.584s] Level 1:colcon.colcon_core.environment:checking '/home/kky/vrx_ws/src/vrx/install/bin'
[1.584s] Level 1:colcon.colcon_core.environment:checking '/home/kky/vrx_ws/src/vrx/install/lib/pkgconfig/vrx_gz.pc'
[1.584s] Level 1:colcon.colcon_core.environment:checking '/home/kky/vrx_ws/src/vrx/install/lib/python3.12/site-packages'
[1.584s] Level 1:colcon.colcon_core.shell:create_environment_hook('vrx_gz', 'pythonpath')
[1.585s] INFO:colcon.colcon_core.shell:Creating environment hook '/home/kky/vrx_ws/src/vrx/install/share/vrx_gz/hook/pythonpath.ps1'
[1.585s] INFO:colcon.colcon_core.shell:Creating environment descriptor '/home/kky/vrx_ws/src/vrx/install/share/vrx_gz/hook/pythonpath.dsv'
[1.585s] INFO:colcon.colcon_core.shell:Creating environment hook '/home/kky/vrx_ws/src/vrx/install/share/vrx_gz/hook/pythonpath.sh'
[1.586s] Level 1:colcon.colcon_core.environment:checking '/home/kky/vrx_ws/src/vrx/install/bin'
[1.586s] INFO:colcon.colcon_core.shell:Creating package script '/home/kky/vrx_ws/src/vrx/install/share/vrx_gz/package.ps1'
[1.587s] INFO:colcon.colcon_core.shell:Creating package descriptor '/home/kky/vrx_ws/src/vrx/install/share/vrx_gz/package.dsv'
[1.587s] INFO:colcon.colcon_core.shell:Creating package script '/home/kky/vrx_ws/src/vrx/install/share/vrx_gz/package.sh'
[1.588s] INFO:colcon.colcon_core.shell:Creating package script '/home/kky/vrx_ws/src/vrx/install/share/vrx_gz/package.bash'
[1.588s] INFO:colcon.colcon_core.shell:Creating package script '/home/kky/vrx_ws/src/vrx/install/share/vrx_gz/package.zsh'
[1.588s] Level 1:colcon.colcon_core.environment:create_file_with_runtime_dependencies(/home/kky/vrx_ws/src/vrx/install/share/colcon-core/packages/vrx_gz)
[1.589s] DEBUG:colcon.colcon_parallel_executor.executor.parallel:closing loop
[1.589s] DEBUG:colcon.colcon_parallel_executor.executor.parallel:loop closed
[1.589s] DEBUG:colcon.colcon_parallel_executor.executor.parallel:run_until_complete finished with '0'
[1.589s] DEBUG:colcon.colcon_core.event_reactor:joining thread
[1.594s] INFO:colcon.colcon_core.plugin_system:Skipping extension 'colcon_notification.desktop_notification.terminal_notifier': Not used on non-Darwin systems
[1.594s] INFO:colcon.colcon_core.plugin_system:Skipping extension 'colcon_notification.desktop_notification.win32': Not used on non-Windows systems
[1.594s] INFO:colcon.colcon_notification.desktop_notification:Sending desktop notification using 'notify2'
[1.608s] DEBUG:colcon.colcon_core.event_reactor:joined thread
[1.608s] INFO:colcon.colcon_core.shell:Creating prefix script '/home/kky/vrx_ws/src/vrx/install/local_setup.ps1'
[1.609s] INFO:colcon.colcon_core.shell:Creating prefix util module '/home/kky/vrx_ws/src/vrx/install/_local_setup_util_ps1.py'
[1.610s] INFO:colcon.colcon_core.shell:Creating prefix chain script '/home/kky/vrx_ws/src/vrx/install/setup.ps1'
[1.610s] INFO:colcon.colcon_core.shell:Creating prefix script '/home/kky/vrx_ws/src/vrx/install/local_setup.sh'
[1.611s] INFO:colcon.colcon_core.shell:Creating prefix util module '/home/kky/vrx_ws/src/vrx/install/_local_setup_util_sh.py'
[1.612s] INFO:colcon.colcon_core.shell:Creating prefix chain script '/home/kky/vrx_ws/src/vrx/install/setup.sh'
[1.613s] INFO:colcon.colcon_core.shell:Creating prefix script '/home/kky/vrx_ws/src/vrx/install/local_setup.bash'
[1.613s] INFO:colcon.colcon_core.shell:Creating prefix chain script '/home/kky/vrx_ws/src/vrx/install/setup.bash'
[1.614s] INFO:colcon.colcon_core.shell:Creating prefix script '/home/kky/vrx_ws/src/vrx/install/local_setup.zsh'
[1.614s] INFO:colcon.colcon_core.shell:Creating prefix chain script '/home/kky/vrx_ws/src/vrx/install/setup.zsh'
