[0.010s] Invoking command in '/home/kky/vrx_ws/src/vrx/build/vrx_ros': CMAKE_PREFIX_PATH=${CMAKE_PREFIX_PATH}:/opt/ros/jazzy DEBUGINFOD_URLS=https://debuginfod.ubuntu.com /usr/bin/cmake /home/kky/vrx_ws/src/vrx/vrx_ros -DCMAKE_INSTALL_PREFIX=/home/kky/vrx_ws/src/vrx/install
[0.093s] -- The C compiler identification is GNU 13.3.0
[0.176s] -- The CXX compiler identification is GNU 13.3.0
[0.195s] -- Detecting C compiler ABI info
[0.289s] -- Detecting C compiler ABI info - done
[0.299s] -- Check for working C compiler: /usr/bin/cc - skipped
[0.299s] -- Detecting C compile features
[0.300s] -- Detecting C compile features - done
[0.310s] -- Detecting CXX compiler ABI info
[0.415s] -- Detecting CXX compiler ABI info - done
[0.425s] -- Check for working CXX compiler: /usr/bin/c++ - skipped
[0.426s] -- Detecting CXX compile features
[0.426s] -- Detecting CXX compile features - done
[0.428s] -- Performing Test COMPILER_SUPPORTS_CXX17
[0.528s] -- Performing Test COMPILER_SUPPORTS_CXX17 - Success
[0.533s] -- Found ament_cmake: 2.5.4 (/opt/ros/jazzy/share/ament_cmake/cmake)
[0.697s] -- Found Python3: /usr/bin/python3 (found version "3.12.3") found components: Interpreter 
[0.835s] -- Found geometry_msgs: 5.3.6 (/opt/ros/jazzy/share/geometry_msgs/cmake)
[0.912s] -- Found rosidl_generator_c: 4.6.6 (/opt/ros/jazzy/share/rosidl_generator_c/cmake)
[0.936s] -- Found rosidl_generator_cpp: 4.6.6 (/opt/ros/jazzy/share/rosidl_generator_cpp/cmake)
[0.963s] -- Using all available rosidl_typesupport_c: rosidl_typesupport_fastrtps_c;rosidl_typesupport_introspection_c
[0.993s] -- Using all available rosidl_typesupport_cpp: rosidl_typesupport_fastrtps_cpp;rosidl_typesupport_introspection_cpp
[1.061s] -- Looking for gz-msgs10 -- found version 10.3.2
[1.073s] -- Searching for dependencies of gz-msgs10
[1.211s] -- Found Protobuf: /usr/lib/x86_64-linux-gnu/libprotobuf.so (found version "3.21.12") 
[1.215s] -- Looking for gz-utils2 -- found version 2.2.1
[1.215s] -- Searching for dependencies of gz-utils2
[1.218s] -- Looking for gz-math7 -- found version 7.5.2
[1.218s] -- Searching for dependencies of gz-math7
[1.219s] -- Looking for gz-utils2 -- found version 2.2.1
[1.226s] -- Checking for module 'tinyxml2'
[1.242s] --   Found tinyxml2, version 10.0.0
[1.284s] -- Looking for gz-transport13 -- found version 13.5.0
[1.284s] -- Searching for dependencies of gz-transport13
[1.324s] -- Config-file not installed for ZeroMQ -- checking for pkg-config
[1.329s] -- Checking for module 'libzmq >= 4'
[1.346s] --   Found libzmq, version 4.3.5
[1.396s] -- Found ZeroMQ: TRUE (Required is at least version "4") 
[1.403s] -- Checking for module 'uuid'
[1.421s] --   Found uuid, version 2.39.3
[1.459s] -- Found UUID: TRUE  
[1.460s] -- Looking for gz-utils2 -- found version 2.2.1
[1.460s] -- Searching for dependencies of gz-utils2
[1.460s] -- Searching for <gz-utils2> component [cli]
[1.463s] -- Looking for gz-utils2-cli -- found version 2.2.1
[1.463s] -- Searching for dependencies of gz-utils2-cli
[1.464s] -- Looking for gz-msgs10 -- found version 10.3.2
[1.470s] -- Found rclcpp: 28.1.13 (/opt/ros/jazzy/share/rclcpp/cmake)
[1.574s] -- Found rmw_implementation_cmake: 7.3.2 (/opt/ros/jazzy/share/rmw_implementation_cmake/cmake)
[1.580s] -- Found rmw_fastrtps_cpp: 8.4.3 (/opt/ros/jazzy/share/rmw_fastrtps_cpp/cmake)
[1.701s] -- Found OpenSSL: /usr/lib/x86_64-linux-gnu/libcrypto.so (found version "3.0.13")  
[1.725s] -- Found FastRTPS: /opt/ros/jazzy/include (Required is at least version "2.13") 
[1.750s] -- Using RMW implementation 'rmw_fastrtps_cpp' as default
[1.855s] -- Found ros_gz_interfaces: 1.0.16 (/opt/ros/jazzy/share/ros_gz_interfaces/cmake)
[1.899s] -- Found sensor_msgs: 5.3.6 (/opt/ros/jazzy/share/sensor_msgs/cmake)
[1.934s] -- Found tf2: 0.36.16 (/opt/ros/jazzy/share/tf2/cmake)
[1.942s] -- Found tf2_msgs: 0.36.16 (/opt/ros/jazzy/share/tf2_msgs/cmake)
[2.024s] -- Found tf2_ros: 0.36.16 (/opt/ros/jazzy/share/tf2_ros/cmake)
[2.213s] -- Configuring done (2.2s)
[2.234s] -- Generating done (0.0s)
[2.240s] -- Build files have been written to: /home/kky/vrx_ws/src/vrx/build/vrx_ros
[2.251s] Invoked command in '/home/kky/vrx_ws/src/vrx/build/vrx_ros' returned '0': CMAKE_PREFIX_PATH=${CMAKE_PREFIX_PATH}:/opt/ros/jazzy DEBUGINFOD_URLS=https://debuginfod.ubuntu.com /usr/bin/cmake /home/kky/vrx_ws/src/vrx/vrx_ros -DCMAKE_INSTALL_PREFIX=/home/kky/vrx_ws/src/vrx/install
[2.252s] Invoking command in '/home/kky/vrx_ws/src/vrx/build/vrx_ros': CMAKE_PREFIX_PATH=${CMAKE_PREFIX_PATH}:/opt/ros/jazzy DEBUGINFOD_URLS=https://debuginfod.ubuntu.com /usr/bin/cmake --build /home/kky/vrx_ws/src/vrx/build/vrx_ros -- -j16 -l16
[2.311s] [ 25%] [32mBuilding CXX object CMakeFiles/pose_tf_broadcaster.dir/src/pose_tf_broadcaster.cc.o[0m
[2.312s] [ 50%] [32mBuilding CXX object CMakeFiles/optical_frame_publisher.dir/src/optical_frame_publisher.cc.o[0m
[9.400s] [ 75%] [32m[1mLinking CXX executable pose_tf_broadcaster[0m
[9.688s] [ 75%] Built target pose_tf_broadcaster
[12.060s] [100%] [32m[1mLinking CXX executable optical_frame_publisher[0m
[12.449s] [100%] Built target optical_frame_publisher
[12.463s] Invoked command in '/home/kky/vrx_ws/src/vrx/build/vrx_ros' returned '0': CMAKE_PREFIX_PATH=${CMAKE_PREFIX_PATH}:/opt/ros/jazzy DEBUGINFOD_URLS=https://debuginfod.ubuntu.com /usr/bin/cmake --build /home/kky/vrx_ws/src/vrx/build/vrx_ros -- -j16 -l16
[12.464s] Invoking command in '/home/kky/vrx_ws/src/vrx/build/vrx_ros': CMAKE_PREFIX_PATH=${CMAKE_PREFIX_PATH}:/opt/ros/jazzy DEBUGINFOD_URLS=https://debuginfod.ubuntu.com /usr/bin/cmake --install /home/kky/vrx_ws/src/vrx/build/vrx_ros
[12.472s] -- Install configuration: ""
[12.472s] -- Installing: /home/kky/vrx_ws/src/vrx/install/lib/vrx_ros/optical_frame_publisher
[12.484s] -- Set non-toolchain portion of runtime path of "/home/kky/vrx_ws/src/vrx/install/lib/vrx_ros/optical_frame_publisher" to ""
[12.484s] -- Installing: /home/kky/vrx_ws/src/vrx/install/lib/vrx_ros/pose_tf_broadcaster
[12.490s] -- Set non-toolchain portion of runtime path of "/home/kky/vrx_ws/src/vrx/install/lib/vrx_ros/pose_tf_broadcaster" to ""
[12.490s] -- Installing: /home/kky/vrx_ws/src/vrx/install/share/vrx_ros/launch
[12.491s] -- Installing: /home/kky/vrx_ws/src/vrx/install/share/vrx_ros/launch/monitor_sim.py
[12.491s] -- Installing: /home/kky/vrx_ws/src/vrx/install/share/ament_index/resource_index/package_run_dependencies/vrx_ros
[12.491s] -- Installing: /home/kky/vrx_ws/src/vrx/install/share/ament_index/resource_index/parent_prefix_path/vrx_ros
[12.491s] -- Installing: /home/kky/vrx_ws/src/vrx/install/share/vrx_ros/environment/ament_prefix_path.sh
[12.491s] -- Installing: /home/kky/vrx_ws/src/vrx/install/share/vrx_ros/environment/ament_prefix_path.dsv
[12.491s] -- Installing: /home/kky/vrx_ws/src/vrx/install/share/vrx_ros/environment/path.sh
[12.492s] -- Installing: /home/kky/vrx_ws/src/vrx/install/share/vrx_ros/environment/path.dsv
[12.492s] -- Installing: /home/kky/vrx_ws/src/vrx/install/share/vrx_ros/local_setup.bash
[12.492s] -- Installing: /home/kky/vrx_ws/src/vrx/install/share/vrx_ros/local_setup.sh
[12.492s] -- Installing: /home/kky/vrx_ws/src/vrx/install/share/vrx_ros/local_setup.zsh
[12.492s] -- Installing: /home/kky/vrx_ws/src/vrx/install/share/vrx_ros/local_setup.dsv
[12.493s] -- Installing: /home/kky/vrx_ws/src/vrx/install/share/vrx_ros/package.dsv
[12.493s] -- Installing: /home/kky/vrx_ws/src/vrx/install/share/ament_index/resource_index/packages/vrx_ros
[12.493s] -- Installing: /home/kky/vrx_ws/src/vrx/install/share/vrx_ros/cmake/vrx_rosConfig.cmake
[12.493s] -- Installing: /home/kky/vrx_ws/src/vrx/install/share/vrx_ros/cmake/vrx_rosConfig-version.cmake
[12.493s] -- Installing: /home/kky/vrx_ws/src/vrx/install/share/vrx_ros/package.xml
[12.495s] Invoked command in '/home/kky/vrx_ws/src/vrx/build/vrx_ros' returned '0': CMAKE_PREFIX_PATH=${CMAKE_PREFIX_PATH}:/opt/ros/jazzy DEBUGINFOD_URLS=https://debuginfod.ubuntu.com /usr/bin/cmake --install /home/kky/vrx_ws/src/vrx/build/vrx_ros
