[0.009s] Invoking command in '/home/kky/vrx_ws/src/vrx/build/wamv_description': AMENT_PREFIX_PATH=/home/kky/vrx_ws/src/vrx/install:${AMENT_PREFIX_PATH} CMAKE_PREFIX_PATH=/home/kky/vrx_ws/src/vrx/install:/home/kky/vrx_ws/install:/opt/ros/jazzy/opt/gz_sim_vendor:/opt/ros/jazzy/opt/gz_sensors_vendor:/opt/ros/jazzy/opt/gz_physics_vendor:/opt/ros/jazzy/opt/sdformat_vendor:/opt/ros/jazzy/opt/gz_gui_vendor:/opt/ros/jazzy/opt/gz_transport_vendor:/opt/ros/jazzy/opt/gz_rendering_vendor:/opt/ros/jazzy/opt/gz_plugin_vendor:/opt/ros/jazzy/opt/gz_fuel_tools_vendor:/opt/ros/jazzy/opt/gz_msgs_vendor:/opt/ros/jazzy/opt/gz_common_vendor:/opt/ros/jazzy/opt/gz_math_vendor:/opt/ros/jazzy/opt/gz_utils_vendor:/opt/ros/jazzy/opt/gz_tools_vendor:/opt/ros/jazzy/opt/gz_ogre_next_vendor:/opt/ros/jazzy/opt/gz_dartsim_vendor:/opt/ros/jazzy/opt/gz_cmake_vendor:/opt/ros/jazzy DEBUGINFOD_URLS=https://debuginfod.ubuntu.com GZ_SIM_RESOURCE_PATH=/home/kky/vrx_ws/src/vrx/install/share/vrx_gazebo/models:/home/kky/vrx_ws/src/vrx/install/share:${GZ_SIM_RESOURCE_PATH} LD_LIBRARY_PATH=/home/kky/vrx_ws/src/vrx/install/lib:${LD_LIBRARY_PATH} PYTHONPATH=/home/kky/vrx_ws/src/vrx/install/lib/python3.12/site-packages:${PYTHONPATH} /usr/bin/cmake --build /home/kky/vrx_ws/src/vrx/build/wamv_description -- -j16 -l16
[0.064s] [100%] Built target wamv_description__xacro_auto_generate
[0.076s] Invoked command in '/home/kky/vrx_ws/src/vrx/build/wamv_description' returned '0': AMENT_PREFIX_PATH=/home/kky/vrx_ws/src/vrx/install:${AMENT_PREFIX_PATH} CMAKE_PREFIX_PATH=/home/kky/vrx_ws/src/vrx/install:/home/kky/vrx_ws/install:/opt/ros/jazzy/opt/gz_sim_vendor:/opt/ros/jazzy/opt/gz_sensors_vendor:/opt/ros/jazzy/opt/gz_physics_vendor:/opt/ros/jazzy/opt/sdformat_vendor:/opt/ros/jazzy/opt/gz_gui_vendor:/opt/ros/jazzy/opt/gz_transport_vendor:/opt/ros/jazzy/opt/gz_rendering_vendor:/opt/ros/jazzy/opt/gz_plugin_vendor:/opt/ros/jazzy/opt/gz_fuel_tools_vendor:/opt/ros/jazzy/opt/gz_msgs_vendor:/opt/ros/jazzy/opt/gz_common_vendor:/opt/ros/jazzy/opt/gz_math_vendor:/opt/ros/jazzy/opt/gz_utils_vendor:/opt/ros/jazzy/opt/gz_tools_vendor:/opt/ros/jazzy/opt/gz_ogre_next_vendor:/opt/ros/jazzy/opt/gz_dartsim_vendor:/opt/ros/jazzy/opt/gz_cmake_vendor:/opt/ros/jazzy DEBUGINFOD_URLS=https://debuginfod.ubuntu.com GZ_SIM_RESOURCE_PATH=/home/kky/vrx_ws/src/vrx/install/share/vrx_gazebo/models:/home/kky/vrx_ws/src/vrx/install/share:${GZ_SIM_RESOURCE_PATH} LD_LIBRARY_PATH=/home/kky/vrx_ws/src/vrx/install/lib:${LD_LIBRARY_PATH} PYTHONPATH=/home/kky/vrx_ws/src/vrx/install/lib/python3.12/site-packages:${PYTHONPATH} /usr/bin/cmake --build /home/kky/vrx_ws/src/vrx/build/wamv_description -- -j16 -l16
[0.077s] Invoking command in '/home/kky/vrx_ws/src/vrx/build/wamv_description': AMENT_PREFIX_PATH=/home/kky/vrx_ws/src/vrx/install:${AMENT_PREFIX_PATH} CMAKE_PREFIX_PATH=/home/kky/vrx_ws/src/vrx/install:/home/kky/vrx_ws/install:/opt/ros/jazzy/opt/gz_sim_vendor:/opt/ros/jazzy/opt/gz_sensors_vendor:/opt/ros/jazzy/opt/gz_physics_vendor:/opt/ros/jazzy/opt/sdformat_vendor:/opt/ros/jazzy/opt/gz_gui_vendor:/opt/ros/jazzy/opt/gz_transport_vendor:/opt/ros/jazzy/opt/gz_rendering_vendor:/opt/ros/jazzy/opt/gz_plugin_vendor:/opt/ros/jazzy/opt/gz_fuel_tools_vendor:/opt/ros/jazzy/opt/gz_msgs_vendor:/opt/ros/jazzy/opt/gz_common_vendor:/opt/ros/jazzy/opt/gz_math_vendor:/opt/ros/jazzy/opt/gz_utils_vendor:/opt/ros/jazzy/opt/gz_tools_vendor:/opt/ros/jazzy/opt/gz_ogre_next_vendor:/opt/ros/jazzy/opt/gz_dartsim_vendor:/opt/ros/jazzy/opt/gz_cmake_vendor:/opt/ros/jazzy DEBUGINFOD_URLS=https://debuginfod.ubuntu.com GZ_SIM_RESOURCE_PATH=/home/kky/vrx_ws/src/vrx/install/share/vrx_gazebo/models:/home/kky/vrx_ws/src/vrx/install/share:${GZ_SIM_RESOURCE_PATH} LD_LIBRARY_PATH=/home/kky/vrx_ws/src/vrx/install/lib:${LD_LIBRARY_PATH} PYTHONPATH=/home/kky/vrx_ws/src/vrx/install/lib/python3.12/site-packages:${PYTHONPATH} /usr/bin/cmake --install /home/kky/vrx_ws/src/vrx/build/wamv_description
[0.086s] -- Install configuration: ""
[0.086s] -- Up-to-date: /home/kky/vrx_ws/src/vrx/install/share/wamv_description/environment/resource_paths.dsv
[0.086s] -- Up-to-date: /home/kky/vrx_ws/src/vrx/install/share/wamv_description/environment/resource_paths.sh
[0.086s] -- Up-to-date: /home/kky/vrx_ws/src/vrx/install/share/wamv_description/urdf/wamv_base.urdf
[0.086s] -- Up-to-date: /home/kky/vrx_ws/src/vrx/install/share/wamv_description/models
[0.086s] -- Up-to-date: /home/kky/vrx_ws/src/vrx/install/share/wamv_description/models/propeller
[0.087s] -- Up-to-date: /home/kky/vrx_ws/src/vrx/install/share/wamv_description/models/propeller/model.config
[0.087s] -- Up-to-date: /home/kky/vrx_ws/src/vrx/install/share/wamv_description/models/propeller/mesh
[0.087s] -- Up-to-date: /home/kky/vrx_ws/src/vrx/install/share/wamv_description/models/propeller/mesh/propeller.dae
[0.087s] -- Up-to-date: /home/kky/vrx_ws/src/vrx/install/share/wamv_description/models/engine
[0.087s] -- Up-to-date: /home/kky/vrx_ws/src/vrx/install/share/wamv_description/models/engine/model.config
[0.087s] -- Up-to-date: /home/kky/vrx_ws/src/vrx/install/share/wamv_description/models/engine/mesh
[0.087s] -- Up-to-date: /home/kky/vrx_ws/src/vrx/install/share/wamv_description/models/engine/mesh/engine.dae
[0.087s] -- Up-to-date: /home/kky/vrx_ws/src/vrx/install/share/wamv_description/models/WAM-V-Base
[0.087s] -- Up-to-date: /home/kky/vrx_ws/src/vrx/install/share/wamv_description/models/WAM-V-Base/model.config
[0.087s] -- Up-to-date: /home/kky/vrx_ws/src/vrx/install/share/wamv_description/models/WAM-V-Base/mesh
[0.087s] -- Up-to-date: /home/kky/vrx_ws/src/vrx/install/share/wamv_description/models/WAM-V-Base/mesh/WAM-V_Roughness.png
[0.088s] -- Up-to-date: /home/kky/vrx_ws/src/vrx/install/share/wamv_description/models/WAM-V-Base/mesh/WAM-V_Albedo.png
[0.088s] -- Up-to-date: /home/kky/vrx_ws/src/vrx/install/share/wamv_description/models/WAM-V-Base/mesh/WAM-V-Base.dae
[0.088s] -- Up-to-date: /home/kky/vrx_ws/src/vrx/install/share/wamv_description/models/WAM-V-Base/mesh/WamV.png
[0.088s] -- Up-to-date: /home/kky/vrx_ws/src/vrx/install/share/wamv_description/models/WAM-V-Base/mesh/WAM-V_Metalness.png
[0.088s] -- Up-to-date: /home/kky/vrx_ws/src/vrx/install/share/wamv_description/models/WAM-V-Base/mesh/WAM-V_Normal.png
[0.088s] -- Up-to-date: /home/kky/vrx_ws/src/vrx/install/share/wamv_description/urdf
[0.088s] -- Up-to-date: /home/kky/vrx_ws/src/vrx/install/share/wamv_description/urdf/thrusters
[0.088s] -- Up-to-date: /home/kky/vrx_ws/src/vrx/install/share/wamv_description/urdf/thrusters/engine.xacro
[0.088s] -- Up-to-date: /home/kky/vrx_ws/src/vrx/install/share/wamv_description/urdf/battery.xacro
[0.088s] -- Up-to-date: /home/kky/vrx_ws/src/vrx/install/share/wamv_description/urdf/wamv_base.urdf.xacro
[0.088s] -- Up-to-date: /home/kky/vrx_ws/src/vrx/install/share/wamv_description/urdf/cpu_cases.xacro
[0.088s] -- Up-to-date: /home/kky/vrx_ws/src/vrx/install/share/ament_index/resource_index/package_run_dependencies/wamv_description
[0.088s] -- Up-to-date: /home/kky/vrx_ws/src/vrx/install/share/ament_index/resource_index/parent_prefix_path/wamv_description
[0.089s] -- Up-to-date: /home/kky/vrx_ws/src/vrx/install/share/wamv_description/environment/ament_prefix_path.sh
[0.089s] -- Up-to-date: /home/kky/vrx_ws/src/vrx/install/share/wamv_description/environment/ament_prefix_path.dsv
[0.089s] -- Up-to-date: /home/kky/vrx_ws/src/vrx/install/share/wamv_description/environment/path.sh
[0.089s] -- Up-to-date: /home/kky/vrx_ws/src/vrx/install/share/wamv_description/environment/path.dsv
[0.089s] -- Up-to-date: /home/kky/vrx_ws/src/vrx/install/share/wamv_description/local_setup.bash
[0.089s] -- Up-to-date: /home/kky/vrx_ws/src/vrx/install/share/wamv_description/local_setup.sh
[0.089s] -- Up-to-date: /home/kky/vrx_ws/src/vrx/install/share/wamv_description/local_setup.zsh
[0.090s] -- Up-to-date: /home/kky/vrx_ws/src/vrx/install/share/wamv_description/local_setup.dsv
[0.090s] -- Up-to-date: /home/kky/vrx_ws/src/vrx/install/share/wamv_description/package.dsv
[0.090s] -- Up-to-date: /home/kky/vrx_ws/src/vrx/install/share/ament_index/resource_index/packages/wamv_description
[0.091s] -- Up-to-date: /home/kky/vrx_ws/src/vrx/install/share/wamv_description/cmake/wamv_descriptionConfig.cmake
[0.091s] -- Up-to-date: /home/kky/vrx_ws/src/vrx/install/share/wamv_description/cmake/wamv_descriptionConfig-version.cmake
[0.091s] -- Up-to-date: /home/kky/vrx_ws/src/vrx/install/share/wamv_description/package.xml
[0.091s] Invoked command in '/home/kky/vrx_ws/src/vrx/build/wamv_description' returned '0': AMENT_PREFIX_PATH=/home/kky/vrx_ws/src/vrx/install:${AMENT_PREFIX_PATH} CMAKE_PREFIX_PATH=/home/kky/vrx_ws/src/vrx/install:/home/kky/vrx_ws/install:/opt/ros/jazzy/opt/gz_sim_vendor:/opt/ros/jazzy/opt/gz_sensors_vendor:/opt/ros/jazzy/opt/gz_physics_vendor:/opt/ros/jazzy/opt/sdformat_vendor:/opt/ros/jazzy/opt/gz_gui_vendor:/opt/ros/jazzy/opt/gz_transport_vendor:/opt/ros/jazzy/opt/gz_rendering_vendor:/opt/ros/jazzy/opt/gz_plugin_vendor:/opt/ros/jazzy/opt/gz_fuel_tools_vendor:/opt/ros/jazzy/opt/gz_msgs_vendor:/opt/ros/jazzy/opt/gz_common_vendor:/opt/ros/jazzy/opt/gz_math_vendor:/opt/ros/jazzy/opt/gz_utils_vendor:/opt/ros/jazzy/opt/gz_tools_vendor:/opt/ros/jazzy/opt/gz_ogre_next_vendor:/opt/ros/jazzy/opt/gz_dartsim_vendor:/opt/ros/jazzy/opt/gz_cmake_vendor:/opt/ros/jazzy DEBUGINFOD_URLS=https://debuginfod.ubuntu.com GZ_SIM_RESOURCE_PATH=/home/kky/vrx_ws/src/vrx/install/share/vrx_gazebo/models:/home/kky/vrx_ws/src/vrx/install/share:${GZ_SIM_RESOURCE_PATH} LD_LIBRARY_PATH=/home/kky/vrx_ws/src/vrx/install/lib:${LD_LIBRARY_PATH} PYTHONPATH=/home/kky/vrx_ws/src/vrx/install/lib/python3.12/site-packages:${PYTHONPATH} /usr/bin/cmake --install /home/kky/vrx_ws/src/vrx/build/wamv_description
