[0.010s] Invoking command in '/home/kky/vrx_ws/src/vrx/build/vrx_ros': CMAKE_PREFIX_PATH=${CMAKE_PREFIX_PATH}:/opt/ros/jazzy DEBUGINFOD_URLS=https://debuginfod.ubuntu.com /usr/bin/cmake --build /home/kky/vrx_ws/src/vrx/build/vrx_ros -- -j16 -l16
[0.075s] [ 50%] Built target optical_frame_publisher
[0.075s] [100%] Built target pose_tf_broadcaster
[0.088s] Invoked command in '/home/kky/vrx_ws/src/vrx/build/vrx_ros' returned '0': CMAKE_PREFIX_PATH=${CMAKE_PREFIX_PATH}:/opt/ros/jazzy DEBUGINFOD_URLS=https://debuginfod.ubuntu.com /usr/bin/cmake --build /home/kky/vrx_ws/src/vrx/build/vrx_ros -- -j16 -l16
[0.099s] Invoking command in '/home/kky/vrx_ws/src/vrx/build/vrx_ros': CMAKE_PREFIX_PATH=${CMAKE_PREFIX_PATH}:/opt/ros/jazzy DEBUGINFOD_URLS=https://debuginfod.ubuntu.com /usr/bin/cmake --install /home/kky/vrx_ws/src/vrx/build/vrx_ros
[0.108s] -- Install configuration: ""
[0.108s] -- Up-to-date: /home/kky/vrx_ws/src/vrx/install/lib/vrx_ros/optical_frame_publisher
[0.109s] -- Up-to-date: /home/kky/vrx_ws/src/vrx/install/lib/vrx_ros/pose_tf_broadcaster
[0.109s] -- Up-to-date: /home/kky/vrx_ws/src/vrx/install/share/vrx_ros/launch
[0.109s] -- Up-to-date: /home/kky/vrx_ws/src/vrx/install/share/vrx_ros/launch/monitor_sim.py
[0.109s] -- Up-to-date: /home/kky/vrx_ws/src/vrx/install/share/ament_index/resource_index/package_run_dependencies/vrx_ros
[0.110s] -- Up-to-date: /home/kky/vrx_ws/src/vrx/install/share/ament_index/resource_index/parent_prefix_path/vrx_ros
[0.110s] -- Up-to-date: /home/kky/vrx_ws/src/vrx/install/share/vrx_ros/environment/ament_prefix_path.sh
[0.110s] -- Up-to-date: /home/kky/vrx_ws/src/vrx/install/share/vrx_ros/environment/ament_prefix_path.dsv
[0.110s] -- Up-to-date: /home/kky/vrx_ws/src/vrx/install/share/vrx_ros/environment/path.sh
[0.110s] -- Up-to-date: /home/kky/vrx_ws/src/vrx/install/share/vrx_ros/environment/path.dsv
[0.110s] -- Up-to-date: /home/kky/vrx_ws/src/vrx/install/share/vrx_ros/local_setup.bash
[0.110s] -- Up-to-date: /home/kky/vrx_ws/src/vrx/install/share/vrx_ros/local_setup.sh
[0.110s] -- Up-to-date: /home/kky/vrx_ws/src/vrx/install/share/vrx_ros/local_setup.zsh
[0.110s] -- Up-to-date: /home/kky/vrx_ws/src/vrx/install/share/vrx_ros/local_setup.dsv
[0.110s] -- Installing: /home/kky/vrx_ws/src/vrx/install/share/vrx_ros/package.dsv
[0.110s] -- Up-to-date: /home/kky/vrx_ws/src/vrx/install/share/ament_index/resource_index/packages/vrx_ros
[0.111s] -- Up-to-date: /home/kky/vrx_ws/src/vrx/install/share/vrx_ros/cmake/vrx_rosConfig.cmake
[0.111s] -- Up-to-date: /home/kky/vrx_ws/src/vrx/install/share/vrx_ros/cmake/vrx_rosConfig-version.cmake
[0.111s] -- Up-to-date: /home/kky/vrx_ws/src/vrx/install/share/vrx_ros/package.xml
[0.112s] Invoked command in '/home/kky/vrx_ws/src/vrx/build/vrx_ros' returned '0': CMAKE_PREFIX_PATH=${CMAKE_PREFIX_PATH}:/opt/ros/jazzy DEBUGINFOD_URLS=https://debuginfod.ubuntu.com /usr/bin/cmake --install /home/kky/vrx_ws/src/vrx/build/vrx_ros
