[0.013s] Invoking command in '/home/kky/vrx_ws/src/vrx/build/vrx_gazebo': CMAKE_PREFIX_PATH=${CMAKE_PREFIX_PATH}:/opt/ros/jazzy DEBUGINFOD_URLS=https://debuginfod.ubuntu.com /usr/bin/cmake /home/kky/vrx_ws/src/vrx/vrx_urdf/vrx_gazebo -DCMAKE_INSTALL_PREFIX=/home/kky/vrx_ws/src/vrx/install
[0.099s] -- The C compiler identification is GNU 13.3.0
[0.182s] -- The CXX compiler identification is GNU 13.3.0
[0.201s] -- Detecting C compiler ABI info
[0.296s] -- Detecting C compiler ABI info - done
[0.306s] -- Check for working C compiler: /usr/bin/cc - skipped
[0.306s] -- Detecting C compile features
[0.306s] -- Detecting C compile features - done
[0.316s] -- Detecting CXX compiler ABI info
[0.421s] -- Detecting CXX compiler ABI info - done
[0.431s] -- Check for working CXX compiler: /usr/bin/c++ - skipped
[0.431s] -- Detecting CXX compile features
[0.432s] -- Detecting CXX compile features - done
[0.438s] -- Found ament_cmake: 2.5.4 (/opt/ros/jazzy/share/ament_cmake/cmake)
[0.607s] -- Found Python3: /usr/bin/python3 (found version "3.12.3") found components: Interpreter 
[0.947s] -- Configuring done (0.9s)
[0.952s] -- Generating done (0.0s)
[0.954s] -- Build files have been written to: /home/kky/vrx_ws/src/vrx/build/vrx_gazebo
[0.959s] Invoked command in '/home/kky/vrx_ws/src/vrx/build/vrx_gazebo' returned '0': CMAKE_PREFIX_PATH=${CMAKE_PREFIX_PATH}:/opt/ros/jazzy DEBUGINFOD_URLS=https://debuginfod.ubuntu.com /usr/bin/cmake /home/kky/vrx_ws/src/vrx/vrx_urdf/vrx_gazebo -DCMAKE_INSTALL_PREFIX=/home/kky/vrx_ws/src/vrx/install
[0.960s] Invoking command in '/home/kky/vrx_ws/src/vrx/build/vrx_gazebo': CMAKE_PREFIX_PATH=${CMAKE_PREFIX_PATH}:/opt/ros/jazzy DEBUGINFOD_URLS=https://debuginfod.ubuntu.com /usr/bin/cmake --build /home/kky/vrx_ws/src/vrx/build/vrx_gazebo -- -j16 -l16
[1.025s] Built target ament_cmake_python_copy_vrx_gazebo
[1.268s] running egg_info
[1.268s] creating vrx_gazebo.egg-info
[1.293s] writing vrx_gazebo.egg-info/PKG-INFO
[1.293s] writing dependency_links to vrx_gazebo.egg-info/dependency_links.txt
[1.293s] writing top-level names to vrx_gazebo.egg-info/top_level.txt
[1.293s] writing manifest file 'vrx_gazebo.egg-info/SOURCES.txt'
[1.366s] reading manifest file 'vrx_gazebo.egg-info/SOURCES.txt'
[1.366s] writing manifest file 'vrx_gazebo.egg-info/SOURCES.txt'
[1.392s] Built target ament_cmake_python_build_vrx_gazebo_egg
[1.405s] Invoked command in '/home/kky/vrx_ws/src/vrx/build/vrx_gazebo' returned '0': CMAKE_PREFIX_PATH=${CMAKE_PREFIX_PATH}:/opt/ros/jazzy DEBUGINFOD_URLS=https://debuginfod.ubuntu.com /usr/bin/cmake --build /home/kky/vrx_ws/src/vrx/build/vrx_gazebo -- -j16 -l16
[1.416s] Invoking command in '/home/kky/vrx_ws/src/vrx/build/vrx_gazebo': CMAKE_PREFIX_PATH=${CMAKE_PREFIX_PATH}:/opt/ros/jazzy DEBUGINFOD_URLS=https://debuginfod.ubuntu.com /usr/bin/cmake --install /home/kky/vrx_ws/src/vrx/build/vrx_gazebo
[1.425s] -- Install configuration: ""
[1.425s] -- Installing: /home/kky/vrx_ws/src/vrx/install/share/vrx_gazebo/environment/resource_paths.dsv
[1.425s] -- Installing: /home/kky/vrx_ws/src/vrx/install/share/vrx_gazebo/environment/resource_paths.sh
[1.426s] -- Installing: /home/kky/vrx_ws/src/vrx/install/share/vrx_gazebo/models
[1.426s] -- Installing: /home/kky/vrx_ws/src/vrx/install/share/vrx_gazebo/models/blue_projectile
[1.426s] -- Installing: /home/kky/vrx_ws/src/vrx/install/share/vrx_gazebo/models/blue_projectile/model.config
[1.426s] -- Installing: /home/kky/vrx_ws/src/vrx/install/share/vrx_gazebo/models/blue_projectile/model.sdf
[1.426s] -- Installing: /home/kky/vrx_ws/src/vrx/install/share/vrx_gazebo/models/cpu_cases
[1.426s] -- Installing: /home/kky/vrx_ws/src/vrx/install/share/vrx_gazebo/models/cpu_cases/model.config
[1.426s] -- Installing: /home/kky/vrx_ws/src/vrx/install/share/vrx_gazebo/models/cpu_cases/mesh
[1.427s] -- Installing: /home/kky/vrx_ws/src/vrx/install/share/vrx_gazebo/models/cpu_cases/mesh/cpu_cases_Normal.png
[1.432s] -- Installing: /home/kky/vrx_ws/src/vrx/install/share/vrx_gazebo/models/cpu_cases/mesh/cpu_cases.png
[1.438s] -- Installing: /home/kky/vrx_ws/src/vrx/install/share/vrx_gazebo/models/cpu_cases/mesh/cpu_cases_Albedo.png
[1.442s] -- Installing: /home/kky/vrx_ws/src/vrx/install/share/vrx_gazebo/models/cpu_cases/mesh/cpu_cases.dae
[1.443s] -- Installing: /home/kky/vrx_ws/src/vrx/install/share/vrx_gazebo/models/cpu_cases/mesh/cpu_cases_Metalness.png
[1.443s] -- Installing: /home/kky/vrx_ws/src/vrx/install/share/vrx_gazebo/models/cpu_cases/mesh/cpu_cases_Roughness.png
[1.445s] -- Installing: /home/kky/vrx_ws/src/vrx/install/share/vrx_gazebo/models/cpu_cases/model.sdf
[1.446s] -- Installing: /home/kky/vrx_ws/src/vrx/install/share/vrx_gazebo/models/battery
[1.446s] -- Installing: /home/kky/vrx_ws/src/vrx/install/share/vrx_gazebo/models/battery/model.config
[1.446s] -- Installing: /home/kky/vrx_ws/src/vrx/install/share/vrx_gazebo/models/battery/mesh
[1.446s] -- Installing: /home/kky/vrx_ws/src/vrx/install/share/vrx_gazebo/models/battery/mesh/battery_Roughness.png
[1.448s] -- Installing: /home/kky/vrx_ws/src/vrx/install/share/vrx_gazebo/models/battery/mesh/battery_Normal.png
[1.453s] -- Installing: /home/kky/vrx_ws/src/vrx/install/share/vrx_gazebo/models/battery/mesh/battery.dae
[1.454s] -- Installing: /home/kky/vrx_ws/src/vrx/install/share/vrx_gazebo/models/battery/mesh/battery_Metalness.png
[1.454s] -- Installing: /home/kky/vrx_ws/src/vrx/install/share/vrx_gazebo/models/battery/mesh/battery_Albedo.png
[1.459s] -- Installing: /home/kky/vrx_ws/src/vrx/install/share/vrx_gazebo/models/battery/mesh/battery.png
[1.465s] -- Installing: /home/kky/vrx_ws/src/vrx/install/share/vrx_gazebo/models/battery/model.sdf
[1.465s] -- Installing: /home/kky/vrx_ws/src/vrx/install/share/vrx_gazebo/models/mono_camera
[1.465s] -- Installing: /home/kky/vrx_ws/src/vrx/install/share/vrx_gazebo/models/mono_camera/model.config
[1.465s] -- Installing: /home/kky/vrx_ws/src/vrx/install/share/vrx_gazebo/models/mono_camera/mesh
[1.465s] -- Installing: /home/kky/vrx_ws/src/vrx/install/share/vrx_gazebo/models/mono_camera/mesh/mono_camera_Metalness.png
[1.465s] -- Installing: /home/kky/vrx_ws/src/vrx/install/share/vrx_gazebo/models/mono_camera/mesh/mono_camera_Roughness.png
[1.466s] -- Installing: /home/kky/vrx_ws/src/vrx/install/share/vrx_gazebo/models/mono_camera/mesh/mono_camera_Albedo.png
[1.466s] -- Installing: /home/kky/vrx_ws/src/vrx/install/share/vrx_gazebo/models/mono_camera/mesh/mono_camera.png
[1.466s] -- Installing: /home/kky/vrx_ws/src/vrx/install/share/vrx_gazebo/models/mono_camera/mesh/mono_camera.dae
[1.467s] -- Installing: /home/kky/vrx_ws/src/vrx/install/share/vrx_gazebo/models/mono_camera/mesh/mono_camera_Normal.png
[1.467s] -- Installing: /home/kky/vrx_ws/src/vrx/install/share/vrx_gazebo/models/mono_camera/model.sdf
[1.467s] -- Installing: /home/kky/vrx_ws/src/vrx/install/share/vrx_gazebo/models/ball_shooter
[1.467s] -- Installing: /home/kky/vrx_ws/src/vrx/install/share/vrx_gazebo/models/ball_shooter/model.config
[1.467s] -- Installing: /home/kky/vrx_ws/src/vrx/install/share/vrx_gazebo/models/ball_shooter/meshes
[1.467s] -- Installing: /home/kky/vrx_ws/src/vrx/install/share/vrx_gazebo/models/ball_shooter/meshes/Launcher_BaseColor.png
[1.469s] -- Installing: /home/kky/vrx_ws/src/vrx/install/share/vrx_gazebo/models/ball_shooter/meshes/ball_shooter_launcher.dae
[1.470s] -- Installing: /home/kky/vrx_ws/src/vrx/install/share/vrx_gazebo/models/ball_shooter/meshes/Launcher_Albedo.png
[1.471s] -- Installing: /home/kky/vrx_ws/src/vrx/install/share/vrx_gazebo/models/ball_shooter/meshes/ball_shooter_base.dae
[1.471s] -- Installing: /home/kky/vrx_ws/src/vrx/install/share/vrx_gazebo/models/ball_shooter/materials
[1.471s] -- Installing: /home/kky/vrx_ws/src/vrx/install/share/vrx_gazebo/models/ball_shooter/materials/Textures
[1.471s] -- Installing: /home/kky/vrx_ws/src/vrx/install/share/vrx_gazebo/models/ball_shooter/materials/Textures/Launcher_Roughness.png
[1.472s] -- Installing: /home/kky/vrx_ws/src/vrx/install/share/vrx_gazebo/models/ball_shooter/materials/Textures/Launcher_Albedo.png
[1.473s] -- Installing: /home/kky/vrx_ws/src/vrx/install/share/vrx_gazebo/models/ball_shooter/materials/Textures/Launcher_Normal.png
[1.473s] -- Installing: /home/kky/vrx_ws/src/vrx/install/share/vrx_gazebo/models/ball_shooter/materials/Textures/Launcher_Metalness.png
[1.473s] -- Installing: /home/kky/vrx_ws/src/vrx/install/share/vrx_gazebo/models/ball_shooter/model.sdf
[1.473s] -- Installing: /home/kky/vrx_ws/src/vrx/install/share/vrx_gazebo/models/sensor_post
[1.474s] -- Installing: /home/kky/vrx_ws/src/vrx/install/share/vrx_gazebo/models/sensor_post/model.config
[1.474s] -- Installing: /home/kky/vrx_ws/src/vrx/install/share/vrx_gazebo/models/sensor_post/mesh
[1.474s] -- Installing: /home/kky/vrx_ws/src/vrx/install/share/vrx_gazebo/models/sensor_post/mesh/sensor_post.dae
[1.474s] -- Installing: /home/kky/vrx_ws/src/vrx/install/share/vrx_gazebo/models/sensor_post/mesh/sensor_post.png
[1.474s] -- Installing: /home/kky/vrx_ws/src/vrx/install/share/vrx_gazebo/models/sensor_post/mesh/sensor_post_arm.dae
[1.474s] -- Installing: /home/kky/vrx_ws/src/vrx/install/share/vrx_gazebo/models/sensor_post/model.sdf
[1.475s] -- Installing: /home/kky/vrx_ws/src/vrx/install/share/vrx_gazebo/models/3d_lidar
[1.475s] -- Installing: /home/kky/vrx_ws/src/vrx/install/share/vrx_gazebo/models/3d_lidar/model.config
[1.475s] -- Installing: /home/kky/vrx_ws/src/vrx/install/share/vrx_gazebo/models/3d_lidar/mesh
[1.475s] -- Installing: /home/kky/vrx_ws/src/vrx/install/share/vrx_gazebo/models/3d_lidar/mesh/3d_Lidar_Albedo.png
[1.476s] -- Installing: /home/kky/vrx_ws/src/vrx/install/share/vrx_gazebo/models/3d_lidar/mesh/3d_lidar.dae
[1.476s] -- Installing: /home/kky/vrx_ws/src/vrx/install/share/vrx_gazebo/models/3d_lidar/mesh/3d_Lidar_Metalness.png
[1.476s] -- Installing: /home/kky/vrx_ws/src/vrx/install/share/vrx_gazebo/models/3d_lidar/mesh/3d_lidar.png
[1.476s] -- Installing: /home/kky/vrx_ws/src/vrx/install/share/vrx_gazebo/models/3d_lidar/mesh/3d_Lidar_Roughness.png
[1.477s] -- Installing: /home/kky/vrx_ws/src/vrx/install/share/vrx_gazebo/models/3d_lidar/mesh/3d_Lidar_Normal.png
[1.477s] -- Installing: /home/kky/vrx_ws/src/vrx/install/share/vrx_gazebo/models/3d_lidar/model.sdf
[1.477s] -- Installing: /home/kky/vrx_ws/src/vrx/install/share/vrx_gazebo/launch
[1.477s] -- Installing: /home/kky/vrx_ws/src/vrx/install/share/vrx_gazebo/launch/rviz.launch.py
[1.477s] -- Installing: /home/kky/vrx_ws/src/vrx/install/share/vrx_gazebo/launch/generate_wamv.launch.py
[1.477s] -- Installing: /home/kky/vrx_ws/src/vrx/install/share/vrx_gazebo/config
[1.478s] -- Installing: /home/kky/vrx_ws/src/vrx/install/share/vrx_gazebo/config/rviz_vrx_rsp.rviz
[1.478s] -- Installing: /home/kky/vrx_ws/src/vrx/install/share/vrx_gazebo/config/rviz_vrx_final.rviz
[1.478s] -- Installing: /home/kky/vrx_ws/src/vrx/install/share/vrx_gazebo/config/wamv_config
[1.478s] -- Installing: /home/kky/vrx_ws/src/vrx/install/share/vrx_gazebo/config/wamv_config/example_component_config.yaml
[1.478s] -- Installing: /home/kky/vrx_ws/src/vrx/install/share/vrx_gazebo/config/wamv_config/example_thruster_config.yaml
[1.478s] -- Installing: /home/kky/vrx_ws/src/vrx/install/share/vrx_gazebo/config/wamv_config/component_compliance
[1.478s] -- Installing: /home/kky/vrx_ws/src/vrx/install/share/vrx_gazebo/config/wamv_config/component_compliance/numeric.yaml
[1.479s] -- Installing: /home/kky/vrx_ws/src/vrx/install/share/vrx_gazebo/config/wamv_config/component_compliance/bounding_boxes.yaml
[1.479s] -- Installing: /home/kky/vrx_ws/src/vrx/install/share/vrx_gazebo/config/wamv_config/thruster_compliance
[1.479s] -- Installing: /home/kky/vrx_ws/src/vrx/install/share/vrx_gazebo/config/wamv_config/thruster_compliance/numeric.yaml
[1.479s] -- Installing: /home/kky/vrx_ws/src/vrx/install/share/vrx_gazebo/config/wamv_config/thruster_compliance/bounding_boxes.yaml
[1.479s] -- Installing: /home/kky/vrx_ws/src/vrx/install/lib/vrx_gazebo/generate_wamv.py
[1.479s] -- Installing: /home/kky/vrx_ws/src/vrx/install/share/vrx_gazebo/environment/pythonpath.sh
[1.480s] -- Installing: /home/kky/vrx_ws/src/vrx/install/share/vrx_gazebo/environment/pythonpath.dsv
[1.480s] -- Installing: /home/kky/vrx_ws/src/vrx/install/lib/python3.12/site-packages/vrx_gazebo-1.3.0-py3.12.egg-info
[1.480s] -- Installing: /home/kky/vrx_ws/src/vrx/install/lib/python3.12/site-packages/vrx_gazebo-1.3.0-py3.12.egg-info/PKG-INFO
[1.480s] -- Installing: /home/kky/vrx_ws/src/vrx/install/lib/python3.12/site-packages/vrx_gazebo-1.3.0-py3.12.egg-info/dependency_links.txt
[1.480s] -- Installing: /home/kky/vrx_ws/src/vrx/install/lib/python3.12/site-packages/vrx_gazebo-1.3.0-py3.12.egg-info/SOURCES.txt
[1.480s] -- Installing: /home/kky/vrx_ws/src/vrx/install/lib/python3.12/site-packages/vrx_gazebo-1.3.0-py3.12.egg-info/top_level.txt
[1.481s] -- Installing: /home/kky/vrx_ws/src/vrx/install/lib/python3.12/site-packages/vrx_gazebo
[1.481s] -- Installing: /home/kky/vrx_ws/src/vrx/install/lib/python3.12/site-packages/vrx_gazebo/compliance.py
[1.481s] -- Installing: /home/kky/vrx_ws/src/vrx/install/lib/python3.12/site-packages/vrx_gazebo/__init__.py
[1.481s] -- Installing: /home/kky/vrx_ws/src/vrx/install/lib/python3.12/site-packages/vrx_gazebo/configure_wamv.py
[1.481s] -- Installing: /home/kky/vrx_ws/src/vrx/install/lib/python3.12/site-packages/vrx_gazebo/utils.py
[1.522s] Listing '/home/kky/vrx_ws/src/vrx/install/lib/python3.12/site-packages/vrx_gazebo'...
[1.522s] Compiling '/home/kky/vrx_ws/src/vrx/install/lib/python3.12/site-packages/vrx_gazebo/__init__.py'...
[1.522s] Compiling '/home/kky/vrx_ws/src/vrx/install/lib/python3.12/site-packages/vrx_gazebo/compliance.py'...
[1.522s] Compiling '/home/kky/vrx_ws/src/vrx/install/lib/python3.12/site-packages/vrx_gazebo/configure_wamv.py'...
[1.522s] Compiling '/home/kky/vrx_ws/src/vrx/install/lib/python3.12/site-packages/vrx_gazebo/utils.py'...
[1.527s] -- Installing: /home/kky/vrx_ws/src/vrx/install/share/ament_index/resource_index/package_run_dependencies/vrx_gazebo
[1.527s] -- Installing: /home/kky/vrx_ws/src/vrx/install/share/ament_index/resource_index/parent_prefix_path/vrx_gazebo
[1.527s] -- Installing: /home/kky/vrx_ws/src/vrx/install/share/vrx_gazebo/environment/ament_prefix_path.sh
[1.527s] -- Installing: /home/kky/vrx_ws/src/vrx/install/share/vrx_gazebo/environment/ament_prefix_path.dsv
[1.528s] -- Installing: /home/kky/vrx_ws/src/vrx/install/share/vrx_gazebo/environment/path.sh
[1.528s] -- Installing: /home/kky/vrx_ws/src/vrx/install/share/vrx_gazebo/environment/path.dsv
[1.528s] -- Installing: /home/kky/vrx_ws/src/vrx/install/share/vrx_gazebo/local_setup.bash
[1.528s] -- Installing: /home/kky/vrx_ws/src/vrx/install/share/vrx_gazebo/local_setup.sh
[1.528s] -- Installing: /home/kky/vrx_ws/src/vrx/install/share/vrx_gazebo/local_setup.zsh
[1.529s] -- Installing: /home/kky/vrx_ws/src/vrx/install/share/vrx_gazebo/local_setup.dsv
[1.529s] -- Installing: /home/kky/vrx_ws/src/vrx/install/share/vrx_gazebo/package.dsv
[1.529s] -- Installing: /home/kky/vrx_ws/src/vrx/install/share/ament_index/resource_index/packages/vrx_gazebo
[1.529s] -- Installing: /home/kky/vrx_ws/src/vrx/install/share/vrx_gazebo/cmake/vrx_gazeboConfig.cmake
[1.529s] -- Installing: /home/kky/vrx_ws/src/vrx/install/share/vrx_gazebo/cmake/vrx_gazeboConfig-version.cmake
[1.530s] -- Installing: /home/kky/vrx_ws/src/vrx/install/share/vrx_gazebo/package.xml
[1.532s] Invoked command in '/home/kky/vrx_ws/src/vrx/build/vrx_gazebo' returned '0': CMAKE_PREFIX_PATH=${CMAKE_PREFIX_PATH}:/opt/ros/jazzy DEBUGINFOD_URLS=https://debuginfod.ubuntu.com /usr/bin/cmake --install /home/kky/vrx_ws/src/vrx/build/vrx_gazebo
