[0.014s] Invoking command in '/home/kky/vrx_ws/src/vrx/build/vrx_gz': AMENT_PREFIX_PATH=/home/kky/vrx_ws/src/vrx/install:${AMENT_PREFIX_PATH} CMAKE_PREFIX_PATH=/home/kky/vrx_ws/src/vrx/install:/home/kky/vrx_ws/install:/opt/ros/jazzy/opt/gz_sim_vendor:/opt/ros/jazzy/opt/gz_sensors_vendor:/opt/ros/jazzy/opt/gz_physics_vendor:/opt/ros/jazzy/opt/sdformat_vendor:/opt/ros/jazzy/opt/gz_gui_vendor:/opt/ros/jazzy/opt/gz_transport_vendor:/opt/ros/jazzy/opt/gz_rendering_vendor:/opt/ros/jazzy/opt/gz_plugin_vendor:/opt/ros/jazzy/opt/gz_fuel_tools_vendor:/opt/ros/jazzy/opt/gz_msgs_vendor:/opt/ros/jazzy/opt/gz_common_vendor:/opt/ros/jazzy/opt/gz_math_vendor:/opt/ros/jazzy/opt/gz_utils_vendor:/opt/ros/jazzy/opt/gz_tools_vendor:/opt/ros/jazzy/opt/gz_ogre_next_vendor:/opt/ros/jazzy/opt/gz_dartsim_vendor:/opt/ros/jazzy/opt/gz_cmake_vendor:/opt/ros/jazzy DEBUGINFOD_URLS=https://debuginfod.ubuntu.com GZ_SIM_RESOURCE_PATH=/home/kky/vrx_ws/src/vrx/install/share/wamv_description/models:/home/kky/vrx_ws/src/vrx/install/share/vrx_gazebo/models:/home/kky/vrx_ws/src/vrx/install/share:${GZ_SIM_RESOURCE_PATH} LD_LIBRARY_PATH=/home/kky/vrx_ws/src/vrx/install/lib:${LD_LIBRARY_PATH} PYTHONPATH=/home/kky/vrx_ws/src/vrx/install/lib/python3.12/site-packages:${PYTHONPATH} /usr/bin/cmake --build /home/kky/vrx_ws/src/vrx/build/vrx_gz -- -j16 -l16
[0.078s] [  4%] Built target Waves
[0.078s] [  8%] Built target ScoringPlugin
[0.083s] [  8%] Built target ament_cmake_python_copy_vrx_gz
[0.117s] [ 12%] Built target LightBuoyPlugin
[0.119s] [ 16%] Built target AcousticPingerPlugin
[0.119s] [ 20%] Built target PerceptionScoringPlugin
[0.121s] [ 29%] Built target BallShooterPlugin
[0.121s] [ 29%] Built target GymkhanaScoringPlugin
[0.121s] [ 33%] Built target PlacardPlugin
[0.121s] [ 47%] Built target WayfindingScoringPlugin
[0.122s] [ 52%] Built target StationkeepingScoringPlugin
[0.122s] [ 56%] Built target PolyhedraBuoyancyDrag
[0.122s] [ 60%] Built target PublisherPlugin
[0.123s] [ 64%] Built target ScanDockScoringPlugin
[0.123s] [ 68%] Built target AcousticPerceptionScoringPlugin
[0.124s] [ 75%] Built target AcousticTrackingScoringPlugin
[0.124s] [ 79%] Built target NavigationScoringPlugin
[0.128s] [ 87%] Built target Surface
[0.128s] [ 87%] Built target SimpleHydrodynamics
[0.151s] [ 91%] Built target WildlifeScoringPlugin
[0.151s] [ 95%] Built target USVWind
[0.152s] [100%] Built target WaveVisual
[0.363s] running egg_info
[0.388s] writing vrx_gz.egg-info/PKG-INFO
[0.388s] writing dependency_links to vrx_gz.egg-info/dependency_links.txt
[0.389s] writing top-level names to vrx_gz.egg-info/top_level.txt
[0.459s] reading manifest file 'vrx_gz.egg-info/SOURCES.txt'
[0.460s] writing manifest file 'vrx_gz.egg-info/SOURCES.txt'
[0.487s] [100%] Built target ament_cmake_python_build_vrx_gz_egg
[0.501s] Invoked command in '/home/kky/vrx_ws/src/vrx/build/vrx_gz' returned '0': AMENT_PREFIX_PATH=/home/kky/vrx_ws/src/vrx/install:${AMENT_PREFIX_PATH} CMAKE_PREFIX_PATH=/home/kky/vrx_ws/src/vrx/install:/home/kky/vrx_ws/install:/opt/ros/jazzy/opt/gz_sim_vendor:/opt/ros/jazzy/opt/gz_sensors_vendor:/opt/ros/jazzy/opt/gz_physics_vendor:/opt/ros/jazzy/opt/sdformat_vendor:/opt/ros/jazzy/opt/gz_gui_vendor:/opt/ros/jazzy/opt/gz_transport_vendor:/opt/ros/jazzy/opt/gz_rendering_vendor:/opt/ros/jazzy/opt/gz_plugin_vendor:/opt/ros/jazzy/opt/gz_fuel_tools_vendor:/opt/ros/jazzy/opt/gz_msgs_vendor:/opt/ros/jazzy/opt/gz_common_vendor:/opt/ros/jazzy/opt/gz_math_vendor:/opt/ros/jazzy/opt/gz_utils_vendor:/opt/ros/jazzy/opt/gz_tools_vendor:/opt/ros/jazzy/opt/gz_ogre_next_vendor:/opt/ros/jazzy/opt/gz_dartsim_vendor:/opt/ros/jazzy/opt/gz_cmake_vendor:/opt/ros/jazzy DEBUGINFOD_URLS=https://debuginfod.ubuntu.com GZ_SIM_RESOURCE_PATH=/home/kky/vrx_ws/src/vrx/install/share/wamv_description/models:/home/kky/vrx_ws/src/vrx/install/share/vrx_gazebo/models:/home/kky/vrx_ws/src/vrx/install/share:${GZ_SIM_RESOURCE_PATH} LD_LIBRARY_PATH=/home/kky/vrx_ws/src/vrx/install/lib:${LD_LIBRARY_PATH} PYTHONPATH=/home/kky/vrx_ws/src/vrx/install/lib/python3.12/site-packages:${PYTHONPATH} /usr/bin/cmake --build /home/kky/vrx_ws/src/vrx/build/vrx_gz -- -j16 -l16
[0.502s] Invoking command in '/home/kky/vrx_ws/src/vrx/build/vrx_gz': AMENT_PREFIX_PATH=/home/kky/vrx_ws/src/vrx/install:${AMENT_PREFIX_PATH} CMAKE_PREFIX_PATH=/home/kky/vrx_ws/src/vrx/install:/home/kky/vrx_ws/install:/opt/ros/jazzy/opt/gz_sim_vendor:/opt/ros/jazzy/opt/gz_sensors_vendor:/opt/ros/jazzy/opt/gz_physics_vendor:/opt/ros/jazzy/opt/sdformat_vendor:/opt/ros/jazzy/opt/gz_gui_vendor:/opt/ros/jazzy/opt/gz_transport_vendor:/opt/ros/jazzy/opt/gz_rendering_vendor:/opt/ros/jazzy/opt/gz_plugin_vendor:/opt/ros/jazzy/opt/gz_fuel_tools_vendor:/opt/ros/jazzy/opt/gz_msgs_vendor:/opt/ros/jazzy/opt/gz_common_vendor:/opt/ros/jazzy/opt/gz_math_vendor:/opt/ros/jazzy/opt/gz_utils_vendor:/opt/ros/jazzy/opt/gz_tools_vendor:/opt/ros/jazzy/opt/gz_ogre_next_vendor:/opt/ros/jazzy/opt/gz_dartsim_vendor:/opt/ros/jazzy/opt/gz_cmake_vendor:/opt/ros/jazzy DEBUGINFOD_URLS=https://debuginfod.ubuntu.com GZ_SIM_RESOURCE_PATH=/home/kky/vrx_ws/src/vrx/install/share/wamv_description/models:/home/kky/vrx_ws/src/vrx/install/share/vrx_gazebo/models:/home/kky/vrx_ws/src/vrx/install/share:${GZ_SIM_RESOURCE_PATH} LD_LIBRARY_PATH=/home/kky/vrx_ws/src/vrx/install/lib:${LD_LIBRARY_PATH} PYTHONPATH=/home/kky/vrx_ws/src/vrx/install/lib/python3.12/site-packages:${PYTHONPATH} /usr/bin/cmake --install /home/kky/vrx_ws/src/vrx/build/vrx_gz
[0.512s] -- Install configuration: ""
[0.512s] -- Up-to-date: /home/kky/vrx_ws/src/vrx/install/share/vrx_gz/environment/resource_paths.dsv
[0.512s] -- Up-to-date: /home/kky/vrx_ws/src/vrx/install/share/vrx_gz/environment/resource_paths.sh
[0.512s] -- Up-to-date: /home/kky/vrx_ws/src/vrx/install/lib/libWaves.so
[0.512s] -- Up-to-date: /home/kky/vrx_ws/src/vrx/install/lib/libPolyhedraBuoyancyDrag.so
[0.513s] -- Up-to-date: /home/kky/vrx_ws/src/vrx/install/lib/libScoringPlugin.so
[0.513s] -- Up-to-date: /home/kky/vrx_ws/src/vrx/install/lib/libStationkeepingScoringPlugin.so
[0.513s] -- Up-to-date: /home/kky/vrx_ws/src/vrx/install/lib/libWayfindingScoringPlugin.so
[0.514s] -- Up-to-date: /home/kky/vrx_ws/src/vrx/install/lib/libAcousticPerceptionScoringPlugin.so
[0.514s] -- Up-to-date: /home/kky/vrx_ws/src/vrx/install/lib/libAcousticTrackingScoringPlugin.so
[0.514s] -- Up-to-date: /home/kky/vrx_ws/src/vrx/install/lib/libAcousticPingerPlugin.so
[0.515s] -- Up-to-date: /home/kky/vrx_ws/src/vrx/install/lib/libBallShooterPlugin.so
[0.515s] -- Up-to-date: /home/kky/vrx_ws/src/vrx/install/lib/libLightBuoyPlugin.so
[0.515s] -- Up-to-date: /home/kky/vrx_ws/src/vrx/install/lib/libNavigationScoringPlugin.so
[0.516s] -- Up-to-date: /home/kky/vrx_ws/src/vrx/install/lib/libGymkhanaScoringPlugin.so
[0.516s] -- Up-to-date: /home/kky/vrx_ws/src/vrx/install/lib/libPerceptionScoringPlugin.so
[0.516s] -- Up-to-date: /home/kky/vrx_ws/src/vrx/install/lib/libPlacardPlugin.so
[0.517s] -- Up-to-date: /home/kky/vrx_ws/src/vrx/install/lib/libPublisherPlugin.so
[0.517s] -- Up-to-date: /home/kky/vrx_ws/src/vrx/install/lib/libScanDockScoringPlugin.so
[0.517s] -- Up-to-date: /home/kky/vrx_ws/src/vrx/install/lib/libSimpleHydrodynamics.so
[0.518s] -- Up-to-date: /home/kky/vrx_ws/src/vrx/install/lib/libSurface.so
[0.518s] -- Up-to-date: /home/kky/vrx_ws/src/vrx/install/lib/libUSVWind.so
[0.519s] -- Up-to-date: /home/kky/vrx_ws/src/vrx/install/lib/libWaveVisual.so
[0.519s] -- Up-to-date: /home/kky/vrx_ws/src/vrx/install/lib/libWildlifeScoringPlugin.so
[0.519s] -- Up-to-date: /home/kky/vrx_ws/src/vrx/install/share/vrx_gz/environment/pythonpath.sh
[0.519s] -- Up-to-date: /home/kky/vrx_ws/src/vrx/install/share/vrx_gz/environment/pythonpath.dsv
[0.519s] -- Up-to-date: /home/kky/vrx_ws/src/vrx/install/lib/python3.12/site-packages/vrx_gz-0.0.0-py3.12.egg-info
[0.520s] -- Installing: /home/kky/vrx_ws/src/vrx/install/lib/python3.12/site-packages/vrx_gz-0.0.0-py3.12.egg-info/PKG-INFO
[0.520s] -- Installing: /home/kky/vrx_ws/src/vrx/install/lib/python3.12/site-packages/vrx_gz-0.0.0-py3.12.egg-info/dependency_links.txt
[0.520s] -- Installing: /home/kky/vrx_ws/src/vrx/install/lib/python3.12/site-packages/vrx_gz-0.0.0-py3.12.egg-info/SOURCES.txt
[0.520s] -- Installing: /home/kky/vrx_ws/src/vrx/install/lib/python3.12/site-packages/vrx_gz-0.0.0-py3.12.egg-info/top_level.txt
[0.520s] -- Up-to-date: /home/kky/vrx_ws/src/vrx/install/lib/python3.12/site-packages/vrx_gz
[0.520s] -- Up-to-date: /home/kky/vrx_ws/src/vrx/install/lib/python3.12/site-packages/vrx_gz/__init__.py
[0.520s] -- Up-to-date: /home/kky/vrx_ws/src/vrx/install/lib/python3.12/site-packages/vrx_gz/bridges.py
[0.520s] -- Up-to-date: /home/kky/vrx_ws/src/vrx/install/lib/python3.12/site-packages/vrx_gz/launch.py
[0.520s] -- Up-to-date: /home/kky/vrx_ws/src/vrx/install/lib/python3.12/site-packages/vrx_gz/model.py
[0.521s] -- Up-to-date: /home/kky/vrx_ws/src/vrx/install/lib/python3.12/site-packages/vrx_gz/bridge.py
[0.521s] -- Up-to-date: /home/kky/vrx_ws/src/vrx/install/lib/python3.12/site-packages/vrx_gz/payload_bridges.py
[0.555s] Listing '/home/kky/vrx_ws/src/vrx/install/lib/python3.12/site-packages/vrx_gz'...
[0.560s] -- Up-to-date: /home/kky/vrx_ws/src/vrx/install/share/vrx_gz/config
[0.560s] -- Up-to-date: /home/kky/vrx_ws/src/vrx/install/share/vrx_gz/config/roboboat.yaml
[0.560s] -- Up-to-date: /home/kky/vrx_ws/src/vrx/install/share/vrx_gz/config/wamv.yaml
[0.561s] -- Up-to-date: /home/kky/vrx_ws/src/vrx/install/share/vrx_gz/launch
[0.561s] -- Up-to-date: /home/kky/vrx_ws/src/vrx/install/share/vrx_gz/launch/usv_joy_teleop.py
[0.561s] -- Up-to-date: /home/kky/vrx_ws/src/vrx/install/share/vrx_gz/launch/spawn.launch.py
[0.561s] -- Up-to-date: /home/kky/vrx_ws/src/vrx/install/share/vrx_gz/launch/vrx_environment.launch.py
[0.561s] -- Up-to-date: /home/kky/vrx_ws/src/vrx/install/share/vrx_gz/launch/spawn_config.launch.py
[0.561s] -- Up-to-date: /home/kky/vrx_ws/src/vrx/install/share/vrx_gz/launch/competition.launch.py
[0.562s] -- Up-to-date: /home/kky/vrx_ws/src/vrx/install/share/vrx_gz/models
[0.562s] -- Up-to-date: /home/kky/vrx_ws/src/vrx/install/share/vrx_gz/models/roboboat02
[0.562s] -- Up-to-date: /home/kky/vrx_ws/src/vrx/install/share/vrx_gz/models/roboboat02/model.config
[0.562s] -- Up-to-date: /home/kky/vrx_ws/src/vrx/install/share/vrx_gz/models/roboboat02/meshes
[0.562s] -- Up-to-date: /home/kky/vrx_ws/src/vrx/install/share/vrx_gz/models/roboboat02/meshes/roboboat02.dae
[0.563s] -- Up-to-date: /home/kky/vrx_ws/src/vrx/install/share/vrx_gz/models/roboboat02/materials
[0.563s] -- Up-to-date: /home/kky/vrx_ws/src/vrx/install/share/vrx_gz/models/roboboat02/materials/textures
[0.563s] -- Up-to-date: /home/kky/vrx_ws/src/vrx/install/share/vrx_gz/models/roboboat02/materials/textures/Boat02_Metallic.png
[0.563s] -- Up-to-date: /home/kky/vrx_ws/src/vrx/install/share/vrx_gz/models/roboboat02/materials/textures/Boat02_Roughness.png
[0.563s] -- Up-to-date: /home/kky/vrx_ws/src/vrx/install/share/vrx_gz/models/roboboat02/materials/textures/Boat02_Albedo.png
[0.563s] -- Up-to-date: /home/kky/vrx_ws/src/vrx/install/share/vrx_gz/models/roboboat02/materials/textures/Boat02_Normal.png
[0.564s] -- Up-to-date: /home/kky/vrx_ws/src/vrx/install/share/vrx_gz/models/roboboat02/materials/scripts
[0.564s] -- Up-to-date: /home/kky/vrx_ws/src/vrx/install/share/vrx_gz/models/roboboat02/materials/scripts/model.material
[0.564s] -- Up-to-date: /home/kky/vrx_ws/src/vrx/install/share/vrx_gz/models/roboboat02/model.sdf
[0.564s] -- Up-to-date: /home/kky/vrx_ws/src/vrx/install/share/vrx_gz/models/dock_2022_base
[0.564s] -- Up-to-date: /home/kky/vrx_ws/src/vrx/install/share/vrx_gz/models/dock_2022_base/model.config
[0.564s] -- Up-to-date: /home/kky/vrx_ws/src/vrx/install/share/vrx_gz/models/dock_2022_base/model.sdf
[0.564s] -- Up-to-date: /home/kky/vrx_ws/src/vrx/install/share/vrx_gz/models/robotx_light_buoy_gbr
[0.564s] -- Up-to-date: /home/kky/vrx_ws/src/vrx/install/share/vrx_gz/models/robotx_light_buoy_gbr/model.config
[0.565s] -- Up-to-date: /home/kky/vrx_ws/src/vrx/install/share/vrx_gz/models/robotx_light_buoy_gbr/model.sdf
[0.565s] -- Up-to-date: /home/kky/vrx_ws/src/vrx/install/share/vrx_gz/models/robotx_light_buoy_bgy
[0.565s] -- Up-to-date: /home/kky/vrx_ws/src/vrx/install/share/vrx_gz/models/robotx_light_buoy_bgy/model.config
[0.565s] -- Up-to-date: /home/kky/vrx_ws/src/vrx/install/share/vrx_gz/models/robotx_light_buoy_bgy/model.sdf
[0.565s] -- Up-to-date: /home/kky/vrx_ws/src/vrx/install/share/vrx_gz/models/articulated_platform
[0.565s] -- Up-to-date: /home/kky/vrx_ws/src/vrx/install/share/vrx_gz/models/articulated_platform/model.config
[0.565s] -- Up-to-date: /home/kky/vrx_ws/src/vrx/install/share/vrx_gz/models/articulated_platform/model.sdf
[0.565s] -- Up-to-date: /home/kky/vrx_ws/src/vrx/install/share/vrx_gz/models/platform
[0.565s] -- Up-to-date: /home/kky/vrx_ws/src/vrx/install/share/vrx_gz/models/platform/model.config
[0.565s] -- Up-to-date: /home/kky/vrx_ws/src/vrx/install/share/vrx_gz/models/platform/model.sdf
[0.566s] -- Up-to-date: /home/kky/vrx_ws/src/vrx/install/share/vrx_gz/models/robotx_light_buoy_ygb
[0.566s] -- Up-to-date: /home/kky/vrx_ws/src/vrx/install/share/vrx_gz/models/robotx_light_buoy_ygb/model.config
[0.566s] -- Up-to-date: /home/kky/vrx_ws/src/vrx/install/share/vrx_gz/models/robotx_light_buoy_ygb/model.sdf
[0.566s] -- Up-to-date: /home/kky/vrx_ws/src/vrx/install/share/vrx_gz/models/robotx_light_buoy_bgr
[0.566s] -- Up-to-date: /home/kky/vrx_ws/src/vrx/install/share/vrx_gz/models/robotx_light_buoy_bgr/model.config
[0.566s] -- Up-to-date: /home/kky/vrx_ws/src/vrx/install/share/vrx_gz/models/robotx_light_buoy_bgr/model.sdf
[0.566s] -- Up-to-date: /home/kky/vrx_ws/src/vrx/install/share/vrx_gz/models/placard_2022
[0.566s] -- Up-to-date: /home/kky/vrx_ws/src/vrx/install/share/vrx_gz/models/placard_2022/model.config
[0.566s] -- Up-to-date: /home/kky/vrx_ws/src/vrx/install/share/vrx_gz/models/placard_2022/meshes
[0.566s] -- Up-to-date: /home/kky/vrx_ws/src/vrx/install/share/vrx_gz/models/placard_2022/meshes/placard_2022.dae
[0.566s] -- Up-to-date: /home/kky/vrx_ws/src/vrx/install/share/vrx_gz/models/placard_2022/materials
[0.566s] -- Up-to-date: /home/kky/vrx_ws/src/vrx/install/share/vrx_gz/models/placard_2022/materials/textures
[0.567s] -- Up-to-date: /home/kky/vrx_ws/src/vrx/install/share/vrx_gz/models/placard_2022/materials/textures/Placard.png
[0.567s] -- Up-to-date: /home/kky/vrx_ws/src/vrx/install/share/vrx_gz/models/placard_2022/model.sdf
[0.567s] -- Up-to-date: /home/kky/vrx_ws/src/vrx/install/share/vrx_gz/models/robotx_light_buoy_ybr
[0.567s] -- Up-to-date: /home/kky/vrx_ws/src/vrx/install/share/vrx_gz/models/robotx_light_buoy_ybr/model.config
[0.567s] -- Up-to-date: /home/kky/vrx_ws/src/vrx/install/share/vrx_gz/models/robotx_light_buoy_ybr/model.sdf
[0.567s] -- Up-to-date: /home/kky/vrx_ws/src/vrx/install/share/vrx_gz/models/short_navigation_course_5
[0.567s] -- Up-to-date: /home/kky/vrx_ws/src/vrx/install/share/vrx_gz/models/short_navigation_course_5/model.config
[0.567s] -- Up-to-date: /home/kky/vrx_ws/src/vrx/install/share/vrx_gz/models/short_navigation_course_5/model.sdf
[0.567s] -- Up-to-date: /home/kky/vrx_ws/src/vrx/install/share/vrx_gz/models/robotx_light_buoy_rgb
[0.568s] -- Up-to-date: /home/kky/vrx_ws/src/vrx/install/share/vrx_gz/models/robotx_light_buoy_rgb/model.config
[0.568s] -- Up-to-date: /home/kky/vrx_ws/src/vrx/install/share/vrx_gz/models/robotx_light_buoy_rgb/mesh
[0.568s] -- Up-to-date: /home/kky/vrx_ws/src/vrx/install/share/vrx_gz/models/robotx_light_buoy_rgb/mesh/robotx_light_buoy.dae
[0.568s] -- Up-to-date: /home/kky/vrx_ws/src/vrx/install/share/vrx_gz/models/robotx_light_buoy_rgb/mesh/LightTower_Metalness.png
[0.568s] -- Up-to-date: /home/kky/vrx_ws/src/vrx/install/share/vrx_gz/models/robotx_light_buoy_rgb/mesh/LightTower_Normal.png
[0.568s] -- Up-to-date: /home/kky/vrx_ws/src/vrx/install/share/vrx_gz/models/robotx_light_buoy_rgb/mesh/LightTower_Roughness.png
[0.568s] -- Up-to-date: /home/kky/vrx_ws/src/vrx/install/share/vrx_gz/models/robotx_light_buoy_rgb/mesh/LightTower_Opacity.png
[0.568s] -- Up-to-date: /home/kky/vrx_ws/src/vrx/install/share/vrx_gz/models/robotx_light_buoy_rgb/mesh/LightTower_Albedo.png
[0.568s] -- Up-to-date: /home/kky/vrx_ws/src/vrx/install/share/vrx_gz/models/robotx_light_buoy_rgb/model.sdf
[0.568s] -- Up-to-date: /home/kky/vrx_ws/src/vrx/install/share/vrx_gz/models/roboboat01
[0.569s] -- Up-to-date: /home/kky/vrx_ws/src/vrx/install/share/vrx_gz/models/roboboat01/model.config
[0.569s] -- Up-to-date: /home/kky/vrx_ws/src/vrx/install/share/vrx_gz/models/roboboat01/meshes
[0.569s] -- Up-to-date: /home/kky/vrx_ws/src/vrx/install/share/vrx_gz/models/roboboat01/meshes/housing.dae
[0.569s] -- Up-to-date: /home/kky/vrx_ws/src/vrx/install/share/vrx_gz/models/roboboat01/meshes/roboboat01.dae
[0.569s] -- Up-to-date: /home/kky/vrx_ws/src/vrx/install/share/vrx_gz/models/roboboat01/meshes/mount.dae
[0.569s] -- Up-to-date: /home/kky/vrx_ws/src/vrx/install/share/vrx_gz/models/roboboat01/meshes/prop.dae
[0.569s] -- Up-to-date: /home/kky/vrx_ws/src/vrx/install/share/vrx_gz/models/roboboat01/materials
[0.569s] -- Up-to-date: /home/kky/vrx_ws/src/vrx/install/share/vrx_gz/models/roboboat01/materials/textures
[0.569s] -- Up-to-date: /home/kky/vrx_ws/src/vrx/install/share/vrx_gz/models/roboboat01/materials/textures/Boat01_Albedo.png
[0.569s] -- Up-to-date: /home/kky/vrx_ws/src/vrx/install/share/vrx_gz/models/roboboat01/materials/textures/Boat01_Normal.png
[0.569s] -- Up-to-date: /home/kky/vrx_ws/src/vrx/install/share/vrx_gz/models/roboboat01/materials/textures/Thruster_Albedo.png
[0.570s] -- Up-to-date: /home/kky/vrx_ws/src/vrx/install/share/vrx_gz/models/roboboat01/materials/textures/Boat01_Metallic.png
[0.570s] -- Up-to-date: /home/kky/vrx_ws/src/vrx/install/share/vrx_gz/models/roboboat01/materials/textures/Boat01_Roughness.png
[0.570s] -- Up-to-date: /home/kky/vrx_ws/src/vrx/install/share/vrx_gz/models/roboboat01/materials/textures/Thruster_Roughness.png
[0.570s] -- Up-to-date: /home/kky/vrx_ws/src/vrx/install/share/vrx_gz/models/roboboat01/materials/scripts
[0.570s] -- Up-to-date: /home/kky/vrx_ws/src/vrx/install/share/vrx_gz/models/roboboat01/materials/scripts/model.material
[0.570s] -- Up-to-date: /home/kky/vrx_ws/src/vrx/install/share/vrx_gz/models/roboboat01/model.sdf
[0.570s] -- Up-to-date: /home/kky/vrx_ws/src/vrx/install/share/vrx_gz/models/coast_waves
[0.570s] -- Up-to-date: /home/kky/vrx_ws/src/vrx/install/share/vrx_gz/models/coast_waves/model.config
[0.570s] -- Up-to-date: /home/kky/vrx_ws/src/vrx/install/share/vrx_gz/models/coast_waves/meshes
[0.570s] -- Up-to-date: /home/kky/vrx_ws/src/vrx/install/share/vrx_gz/models/coast_waves/meshes/waterlow.dae
[0.571s] -- Up-to-date: /home/kky/vrx_ws/src/vrx/install/share/vrx_gz/models/coast_waves/materials
[0.571s] -- Up-to-date: /home/kky/vrx_ws/src/vrx/install/share/vrx_gz/models/coast_waves/materials/programs
[0.571s] -- Up-to-date: /home/kky/vrx_ws/src/vrx/install/share/vrx_gz/models/coast_waves/materials/programs/GerstnerWaves_vs_330.glsl
[0.571s] -- Up-to-date: /home/kky/vrx_ws/src/vrx/install/share/vrx_gz/models/coast_waves/materials/programs/GerstnerWaves_fs_330.glsl
[0.571s] -- Up-to-date: /home/kky/vrx_ws/src/vrx/install/share/vrx_gz/models/coast_waves/materials/textures
[0.571s] -- Up-to-date: /home/kky/vrx_ws/src/vrx/install/share/vrx_gz/models/coast_waves/materials/textures/wave_normals.dds
[0.571s] -- Up-to-date: /home/kky/vrx_ws/src/vrx/install/share/vrx_gz/models/coast_waves/materials/textures/skybox_lowres.dds
[0.571s] -- Up-to-date: /home/kky/vrx_ws/src/vrx/install/share/vrx_gz/models/coast_waves/model.sdf
[0.571s] -- Up-to-date: /home/kky/vrx_ws/src/vrx/install/share/vrx_gz/models/short_course_2023_phase3_1
[0.571s] -- Up-to-date: /home/kky/vrx_ws/src/vrx/install/share/vrx_gz/models/short_course_2023_phase3_1/model.config
[0.571s] -- Up-to-date: /home/kky/vrx_ws/src/vrx/install/share/vrx_gz/models/short_course_2023_phase3_1/model.sdf
[0.571s] -- Up-to-date: /home/kky/vrx_ws/src/vrx/install/share/vrx_gz/models/robotx_light_buoy_rgy
[0.571s] -- Up-to-date: /home/kky/vrx_ws/src/vrx/install/share/vrx_gz/models/robotx_light_buoy_rgy/model.config
[0.571s] -- Up-to-date: /home/kky/vrx_ws/src/vrx/install/share/vrx_gz/models/robotx_light_buoy_rgy/model.sdf
[0.572s] -- Up-to-date: /home/kky/vrx_ws/src/vrx/install/share/vrx_gz/models/short_course_2023_phase3_2
[0.572s] -- Up-to-date: /home/kky/vrx_ws/src/vrx/install/share/vrx_gz/models/short_course_2023_phase3_2/model.config
[0.572s] -- Up-to-date: /home/kky/vrx_ws/src/vrx/install/share/vrx_gz/models/short_course_2023_phase3_2/model.sdf
[0.573s] -- Up-to-date: /home/kky/vrx_ws/src/vrx/install/share/vrx_gz/models/entrance_exit
[0.573s] -- Up-to-date: /home/kky/vrx_ws/src/vrx/install/share/vrx_gz/models/entrance_exit/model.config
[0.573s] -- Up-to-date: /home/kky/vrx_ws/src/vrx/install/share/vrx_gz/models/entrance_exit/model.sdf
[0.573s] -- Up-to-date: /home/kky/vrx_ws/src/vrx/install/share/vrx_gz/models/robotx_light_buoy_rbg
[0.574s] -- Up-to-date: /home/kky/vrx_ws/src/vrx/install/share/vrx_gz/models/robotx_light_buoy_rbg/model.config
[0.574s] -- Up-to-date: /home/kky/vrx_ws/src/vrx/install/share/vrx_gz/models/robotx_light_buoy_rbg/model.sdf
[0.574s] -- Up-to-date: /home/kky/vrx_ws/src/vrx/install/share/vrx_gz/models/obstacle_course
[0.574s] -- Up-to-date: /home/kky/vrx_ws/src/vrx/install/share/vrx_gz/models/obstacle_course/model.config
[0.574s] -- Up-to-date: /home/kky/vrx_ws/src/vrx/install/share/vrx_gz/models/obstacle_course/model.sdf
[0.574s] -- Up-to-date: /home/kky/vrx_ws/src/vrx/install/share/vrx_gz/models/short_navigation_course_2
[0.574s] -- Up-to-date: /home/kky/vrx_ws/src/vrx/install/share/vrx_gz/models/short_navigation_course_2/model.config
[0.574s] -- Up-to-date: /home/kky/vrx_ws/src/vrx/install/share/vrx_gz/models/short_navigation_course_2/model.sdf
[0.575s] -- Up-to-date: /home/kky/vrx_ws/src/vrx/install/share/vrx_gz/models/short_navigation_course_4
[0.575s] -- Up-to-date: /home/kky/vrx_ws/src/vrx/install/share/vrx_gz/models/short_navigation_course_4/model.config
[0.575s] -- Up-to-date: /home/kky/vrx_ws/src/vrx/install/share/vrx_gz/models/short_navigation_course_4/model.sdf
[0.575s] -- Up-to-date: /home/kky/vrx_ws/src/vrx/install/share/vrx_gz/models/short_navigation_course_3
[0.575s] -- Up-to-date: /home/kky/vrx_ws/src/vrx/install/share/vrx_gz/models/short_navigation_course_3/model.config
[0.576s] -- Up-to-date: /home/kky/vrx_ws/src/vrx/install/share/vrx_gz/models/short_navigation_course_3/model.sdf
[0.576s] -- Up-to-date: /home/kky/vrx_ws/src/vrx/install/share/vrx_gz/models/roboboat_cpubox
[0.576s] -- Up-to-date: /home/kky/vrx_ws/src/vrx/install/share/vrx_gz/models/roboboat_cpubox/model.config
[0.576s] -- Up-to-date: /home/kky/vrx_ws/src/vrx/install/share/vrx_gz/models/roboboat_cpubox/meshes
[0.576s] -- Up-to-date: /home/kky/vrx_ws/src/vrx/install/share/vrx_gz/models/roboboat_cpubox/meshes/drybox.dae
[0.577s] -- Up-to-date: /home/kky/vrx_ws/src/vrx/install/share/vrx_gz/models/roboboat_cpubox/materials
[0.577s] -- Up-to-date: /home/kky/vrx_ws/src/vrx/install/share/vrx_gz/models/roboboat_cpubox/materials/textures
[0.577s] -- Up-to-date: /home/kky/vrx_ws/src/vrx/install/share/vrx_gz/models/roboboat_cpubox/materials/textures/DryBox_Albedo.png
[0.577s] -- Up-to-date: /home/kky/vrx_ws/src/vrx/install/share/vrx_gz/models/roboboat_cpubox/materials/textures/DryBox_Roughness.png
[0.577s] -- Up-to-date: /home/kky/vrx_ws/src/vrx/install/share/vrx_gz/models/roboboat_cpubox/model.sdf
[0.578s] -- Up-to-date: /home/kky/vrx_ws/src/vrx/install/share/vrx_gz/models/short_navigation_course_0
[0.578s] -- Up-to-date: /home/kky/vrx_ws/src/vrx/install/share/vrx_gz/models/short_navigation_course_0/model.config
[0.578s] -- Up-to-date: /home/kky/vrx_ws/src/vrx/install/share/vrx_gz/models/short_navigation_course_0/model.sdf
[0.578s] -- Up-to-date: /home/kky/vrx_ws/src/vrx/install/share/vrx_gz/models/dock_2022
[0.579s] -- Up-to-date: /home/kky/vrx_ws/src/vrx/install/share/vrx_gz/models/dock_2022/model.config
[0.579s] -- Up-to-date: /home/kky/vrx_ws/src/vrx/install/share/vrx_gz/models/dock_2022/model.sdf
[0.579s] -- Up-to-date: /home/kky/vrx_ws/src/vrx/install/share/vrx_gz/models/dock_block_4x4
[0.580s] -- Up-to-date: /home/kky/vrx_ws/src/vrx/install/share/vrx_gz/models/dock_block_4x4/model.config
[0.580s] -- Up-to-date: /home/kky/vrx_ws/src/vrx/install/share/vrx_gz/models/dock_block_4x4/mesh
[0.580s] -- Up-to-date: /home/kky/vrx_ws/src/vrx/install/share/vrx_gz/models/dock_block_4x4/mesh/DockCubes_Albedo.png
[0.580s] -- Up-to-date: /home/kky/vrx_ws/src/vrx/install/share/vrx_gz/models/dock_block_4x4/mesh/DockCubes_Normal.png
[0.580s] -- Up-to-date: /home/kky/vrx_ws/src/vrx/install/share/vrx_gz/models/dock_block_4x4/mesh/DockCubes_Roughness.png
[0.580s] -- Up-to-date: /home/kky/vrx_ws/src/vrx/install/share/vrx_gz/models/dock_block_4x4/mesh/dock_block_4x4.dae
[0.581s] -- Up-to-date: /home/kky/vrx_ws/src/vrx/install/share/vrx_gz/models/dock_block_4x4/mesh/DockCubes_Metalness.png
[0.581s] -- Up-to-date: /home/kky/vrx_ws/src/vrx/install/share/vrx_gz/models/dock_block_4x4/model.sdf
[0.581s] -- Up-to-date: /home/kky/vrx_ws/src/vrx/install/share/vrx_gz/models/robotx_light_buoy_yrg
[0.581s] -- Up-to-date: /home/kky/vrx_ws/src/vrx/install/share/vrx_gz/models/robotx_light_buoy_yrg/model.config
[0.581s] -- Up-to-date: /home/kky/vrx_ws/src/vrx/install/share/vrx_gz/models/robotx_light_buoy_yrg/model.sdf
[0.582s] -- Up-to-date: /home/kky/vrx_ws/src/vrx/install/share/vrx_gz/models/symbol_triangle
[0.582s] -- Up-to-date: /home/kky/vrx_ws/src/vrx/install/share/vrx_gz/models/symbol_triangle/model.config
[0.583s] -- Up-to-date: /home/kky/vrx_ws/src/vrx/install/share/vrx_gz/models/symbol_triangle/mesh
[0.583s] -- Up-to-date: /home/kky/vrx_ws/src/vrx/install/share/vrx_gz/models/symbol_triangle/mesh/triangle.dae
[0.583s] -- Up-to-date: /home/kky/vrx_ws/src/vrx/install/share/vrx_gz/models/symbol_triangle/model.sdf
[0.583s] -- Up-to-date: /home/kky/vrx_ws/src/vrx/install/share/vrx_gz/models/short_navigation_course_1
[0.583s] -- Up-to-date: /home/kky/vrx_ws/src/vrx/install/share/vrx_gz/models/short_navigation_course_1/model.config
[0.583s] -- Up-to-date: /home/kky/vrx_ws/src/vrx/install/share/vrx_gz/models/short_navigation_course_1/model.sdf
[0.583s] -- Up-to-date: /home/kky/vrx_ws/src/vrx/install/share/vrx_gz/worlds
[0.583s] -- Up-to-date: /home/kky/vrx_ws/src/vrx/install/share/vrx_gz/worlds/stationkeeping_task.sdf
[0.584s] -- Up-to-date: /home/kky/vrx_ws/src/vrx/install/share/vrx_gz/worlds/2023_practice
[0.584s] -- Up-to-date: /home/kky/vrx_ws/src/vrx/install/share/vrx_gz/worlds/2023_practice/practice_2023_wildlife0_task.sdf
[0.584s] -- Up-to-date: /home/kky/vrx_ws/src/vrx/install/share/vrx_gz/worlds/2023_practice/practice_2023_scan_dock_deliver0_task.sdf
[0.584s] -- Up-to-date: /home/kky/vrx_ws/src/vrx/install/share/vrx_gz/worlds/2023_practice/practice_2023_acoustic_perception2_task.sdf
[0.584s] -- Up-to-date: /home/kky/vrx_ws/src/vrx/install/share/vrx_gz/worlds/2023_practice/practice_2023_acoustic_tracking2_task.sdf
[0.584s] -- Up-to-date: /home/kky/vrx_ws/src/vrx/install/share/vrx_gz/worlds/2023_practice/practice_2023_stationkeeping1_task.sdf
[0.585s] -- Up-to-date: /home/kky/vrx_ws/src/vrx/install/share/vrx_gz/worlds/2023_practice/practice_2023_perception1_task.sdf
[0.585s] -- Up-to-date: /home/kky/vrx_ws/src/vrx/install/share/vrx_gz/worlds/2023_practice/practice_2023_scan_dock_deliver1_task.sdf
[0.586s] -- Up-to-date: /home/kky/vrx_ws/src/vrx/install/share/vrx_gz/worlds/2023_practice/practice_2023_follow_path2_task.sdf
[0.586s] -- Up-to-date: /home/kky/vrx_ws/src/vrx/install/share/vrx_gz/worlds/2023_practice/practice_2023_stationkeeping2_task.sdf
[0.586s] -- Up-to-date: /home/kky/vrx_ws/src/vrx/install/share/vrx_gz/worlds/2023_practice/practice_2023_stationkeeping0_task.sdf
[0.586s] -- Up-to-date: /home/kky/vrx_ws/src/vrx/install/share/vrx_gz/worlds/2023_practice/practice_2023_acoustic_perception1_task.sdf
[0.586s] -- Up-to-date: /home/kky/vrx_ws/src/vrx/install/share/vrx_gz/worlds/2023_practice/practice_2023_scan_dock_deliver2_task.sdf
[0.587s] -- Up-to-date: /home/kky/vrx_ws/src/vrx/install/share/vrx_gz/worlds/2023_practice/practice_2023_wayfinding2_task.sdf
[0.587s] -- Up-to-date: /home/kky/vrx_ws/src/vrx/install/share/vrx_gz/worlds/2023_practice/practice_2023_acoustic_perception0_task.sdf
[0.587s] -- Up-to-date: /home/kky/vrx_ws/src/vrx/install/share/vrx_gz/worlds/2023_practice/practice_2023_acoustic_tracking0_task.sdf
[0.587s] -- Up-to-date: /home/kky/vrx_ws/src/vrx/install/share/vrx_gz/worlds/2023_practice/practice_2023_wayfinding0_task.sdf
[0.587s] -- Up-to-date: /home/kky/vrx_ws/src/vrx/install/share/vrx_gz/worlds/2023_practice/practice_2023_wildlife1_task.sdf
[0.587s] -- Up-to-date: /home/kky/vrx_ws/src/vrx/install/share/vrx_gz/worlds/2023_practice/practice_2023_follow_path1_task.sdf
[0.587s] -- Up-to-date: /home/kky/vrx_ws/src/vrx/install/share/vrx_gz/worlds/2023_practice/practice_2023_acoustic_tracking1_task.sdf
[0.587s] -- Up-to-date: /home/kky/vrx_ws/src/vrx/install/share/vrx_gz/worlds/2023_practice/practice_2023_perception2_task.sdf
[0.588s] -- Up-to-date: /home/kky/vrx_ws/src/vrx/install/share/vrx_gz/worlds/2023_practice/practice_2023_wildlife2_task.sdf
[0.588s] -- Up-to-date: /home/kky/vrx_ws/src/vrx/install/share/vrx_gz/worlds/2023_practice/practice_2023_wayfinding1_task.sdf
[0.588s] -- Up-to-date: /home/kky/vrx_ws/src/vrx/install/share/vrx_gz/worlds/2023_practice/practice_2023_perception0_task.sdf
[0.588s] -- Up-to-date: /home/kky/vrx_ws/src/vrx/install/share/vrx_gz/worlds/2023_practice/practice_2023_follow_path0_task.sdf
[0.588s] -- Up-to-date: /home/kky/vrx_ws/src/vrx/install/share/vrx_gz/worlds/wayfinding_task.sdf
[0.588s] -- Up-to-date: /home/kky/vrx_ws/src/vrx/install/share/vrx_gz/worlds/acoustic_perception_task.sdf
[0.588s] -- Up-to-date: /home/kky/vrx_ws/src/vrx/install/share/vrx_gz/worlds/perception_task.sdf
[0.589s] -- Up-to-date: /home/kky/vrx_ws/src/vrx/install/share/vrx_gz/worlds/follow_path_task.sdf
[0.589s] -- Up-to-date: /home/kky/vrx_ws/src/vrx/install/share/vrx_gz/worlds/sydney_regatta.sdf
[0.589s] -- Up-to-date: /home/kky/vrx_ws/src/vrx/install/share/vrx_gz/worlds/2023_phase2
[0.589s] -- Up-to-date: /home/kky/vrx_ws/src/vrx/install/share/vrx_gz/worlds/2023_phase2/phase2_2023_follow_path0.sdf
[0.589s] -- Up-to-date: /home/kky/vrx_ws/src/vrx/install/share/vrx_gz/worlds/2023_phase2/phase2_2023_acoustic_perception5.sdf
[0.589s] -- Up-to-date: /home/kky/vrx_ws/src/vrx/install/share/vrx_gz/worlds/2023_phase2/phase2_2023_stationkeeping2.sdf
[0.589s] -- Up-to-date: /home/kky/vrx_ws/src/vrx/install/share/vrx_gz/worlds/2023_phase2/phase2_2023_stationkeeping0.sdf
[0.589s] -- Up-to-date: /home/kky/vrx_ws/src/vrx/install/share/vrx_gz/worlds/2023_phase2/phase2_2023_wildlife2.sdf
[0.590s] -- Up-to-date: /home/kky/vrx_ws/src/vrx/install/share/vrx_gz/worlds/2023_phase2/phase2_2023_acoustic_perception4.sdf
[0.590s] -- Up-to-date: /home/kky/vrx_ws/src/vrx/install/share/vrx_gz/worlds/2023_phase2/phase2_2023_wayfinding2.sdf
[0.590s] -- Up-to-date: /home/kky/vrx_ws/src/vrx/install/share/vrx_gz/worlds/2023_phase2/phase2_2023_wildlife0.sdf
[0.590s] -- Up-to-date: /home/kky/vrx_ws/src/vrx/install/share/vrx_gz/worlds/2023_phase2/phase2_2023_perception5.sdf
[0.590s] -- Up-to-date: /home/kky/vrx_ws/src/vrx/install/share/vrx_gz/worlds/2023_phase2/phase2_2023_acoustic_tracking1.sdf
[0.590s] -- Up-to-date: /home/kky/vrx_ws/src/vrx/install/share/vrx_gz/worlds/2023_phase2/phase2_2023_wildlife3.sdf
[0.590s] -- Up-to-date: /home/kky/vrx_ws/src/vrx/install/share/vrx_gz/worlds/2023_phase2/phase2_2023_scan_dock_deliver5.sdf
[0.590s] -- Up-to-date: /home/kky/vrx_ws/src/vrx/install/share/vrx_gz/worlds/2023_phase2/phase2_2023_scan_dock_deliver4.sdf
[0.591s] -- Up-to-date: /home/kky/vrx_ws/src/vrx/install/share/vrx_gz/worlds/2023_phase2/phase2_2023_scan_dock_deliver0.sdf
[0.591s] -- Up-to-date: /home/kky/vrx_ws/src/vrx/install/share/vrx_gz/worlds/2023_phase2/phase2_2023_acoustic_tracking5.sdf
[0.591s] -- Up-to-date: /home/kky/vrx_ws/src/vrx/install/share/vrx_gz/worlds/2023_phase2/phase2_2023_acoustic_tracking3.sdf
[0.591s] -- Up-to-date: /home/kky/vrx_ws/src/vrx/install/share/vrx_gz/worlds/2023_phase2/phase2_2023_acoustic_tracking0.sdf
[0.591s] -- Up-to-date: /home/kky/vrx_ws/src/vrx/install/share/vrx_gz/worlds/2023_phase2/phase2_2023_wildlife5.sdf
[0.591s] -- Up-to-date: /home/kky/vrx_ws/src/vrx/install/share/vrx_gz/worlds/2023_phase2/phase2_2023_wayfinding1.sdf
[0.591s] -- Up-to-date: /home/kky/vrx_ws/src/vrx/install/share/vrx_gz/worlds/2023_phase2/phase2_2023_perception2.sdf
[0.591s] -- Up-to-date: /home/kky/vrx_ws/src/vrx/install/share/vrx_gz/worlds/2023_phase2/phase2_2023_wayfinding5.sdf
[0.591s] -- Up-to-date: /home/kky/vrx_ws/src/vrx/install/share/vrx_gz/worlds/2023_phase2/phase2_2023_follow_path5.sdf
[0.591s] -- Up-to-date: /home/kky/vrx_ws/src/vrx/install/share/vrx_gz/worlds/2023_phase2/phase2_2023_scan_dock_deliver1.sdf
[0.591s] -- Up-to-date: /home/kky/vrx_ws/src/vrx/install/share/vrx_gz/worlds/2023_phase2/phase2_2023_acoustic_perception3.sdf
[0.591s] -- Up-to-date: /home/kky/vrx_ws/src/vrx/install/share/vrx_gz/worlds/2023_phase2/phase2_2023_perception1.sdf
[0.592s] -- Up-to-date: /home/kky/vrx_ws/src/vrx/install/share/vrx_gz/worlds/2023_phase2/phase2_2023_stationkeeping4.sdf
[0.592s] -- Up-to-date: /home/kky/vrx_ws/src/vrx/install/share/vrx_gz/worlds/2023_phase2/phase2_2023_scan_dock_deliver2.sdf
[0.592s] -- Up-to-date: /home/kky/vrx_ws/src/vrx/install/share/vrx_gz/worlds/2023_phase2/phase2_2023_stationkeeping3.sdf
[0.592s] -- Up-to-date: /home/kky/vrx_ws/src/vrx/install/share/vrx_gz/worlds/2023_phase2/phase2_2023_perception4.sdf
[0.592s] -- Up-to-date: /home/kky/vrx_ws/src/vrx/install/share/vrx_gz/worlds/2023_phase2/phase2_2023_wayfinding4.sdf
[0.592s] -- Up-to-date: /home/kky/vrx_ws/src/vrx/install/share/vrx_gz/worlds/2023_phase2/phase2_2023_acoustic_tracking4.sdf
[0.592s] -- Up-to-date: /home/kky/vrx_ws/src/vrx/install/share/vrx_gz/worlds/2023_phase2/phase2_2023_wayfinding3.sdf
[0.592s] -- Up-to-date: /home/kky/vrx_ws/src/vrx/install/share/vrx_gz/worlds/2023_phase2/phase2_2023_follow_path2.sdf
[0.592s] -- Up-to-date: /home/kky/vrx_ws/src/vrx/install/share/vrx_gz/worlds/2023_phase2/phase2_2023_acoustic_perception2.sdf
[0.593s] -- Up-to-date: /home/kky/vrx_ws/src/vrx/install/share/vrx_gz/worlds/2023_phase2/phase2_2023_scan_dock_deliver3.sdf
[0.593s] -- Up-to-date: /home/kky/vrx_ws/src/vrx/install/share/vrx_gz/worlds/2023_phase2/phase2_2023_acoustic_perception1.sdf
[0.593s] -- Up-to-date: /home/kky/vrx_ws/src/vrx/install/share/vrx_gz/worlds/2023_phase2/phase2_2023_stationkeeping1.sdf
[0.593s] -- Up-to-date: /home/kky/vrx_ws/src/vrx/install/share/vrx_gz/worlds/2023_phase2/phase2_2023_acoustic_perception0.sdf
[0.594s] -- Up-to-date: /home/kky/vrx_ws/src/vrx/install/share/vrx_gz/worlds/2023_phase2/phase2_2023_follow_path3.sdf
[0.594s] -- Up-to-date: /home/kky/vrx_ws/src/vrx/install/share/vrx_gz/worlds/2023_phase2/phase2_2023_stationkeeping5.sdf
[0.594s] -- Up-to-date: /home/kky/vrx_ws/src/vrx/install/share/vrx_gz/worlds/2023_phase2/phase2_2023_wildlife4.sdf
[0.594s] -- Up-to-date: /home/kky/vrx_ws/src/vrx/install/share/vrx_gz/worlds/2023_phase2/phase2_2023_acoustic_tracking2.sdf
[0.594s] -- Up-to-date: /home/kky/vrx_ws/src/vrx/install/share/vrx_gz/worlds/2023_phase2/phase2_2023_follow_path1.sdf
[0.595s] -- Up-to-date: /home/kky/vrx_ws/src/vrx/install/share/vrx_gz/worlds/2023_phase2/phase2_2023_wildlife1.sdf
[0.595s] -- Up-to-date: /home/kky/vrx_ws/src/vrx/install/share/vrx_gz/worlds/2023_phase2/phase2_2023_perception3.sdf
[0.595s] -- Up-to-date: /home/kky/vrx_ws/src/vrx/install/share/vrx_gz/worlds/2023_phase2/phase2_2023_follow_path4.sdf
[0.595s] -- Up-to-date: /home/kky/vrx_ws/src/vrx/install/share/vrx_gz/worlds/2023_phase2/phase2_2023_perception0.sdf
[0.595s] -- Up-to-date: /home/kky/vrx_ws/src/vrx/install/share/vrx_gz/worlds/2023_phase2/phase2_2023_wayfinding0.sdf
[0.595s] -- Up-to-date: /home/kky/vrx_ws/src/vrx/install/share/vrx_gz/worlds/gymkhana_task.sdf
[0.596s] -- Up-to-date: /home/kky/vrx_ws/src/vrx/install/share/vrx_gz/worlds/wildlife_task.sdf
[0.596s] -- Up-to-date: /home/kky/vrx_ws/src/vrx/install/share/vrx_gz/worlds/nbpark.sdf
[0.596s] -- Up-to-date: /home/kky/vrx_ws/src/vrx/install/share/vrx_gz/worlds/scan_dock_deliver_task.sdf
[0.596s] -- Up-to-date: /home/kky/vrx_ws/src/vrx/install/share/vrx_gz/worlds/acoustic_tracking_task.sdf
[0.596s] -- Up-to-date: /home/kky/vrx_ws/src/vrx/install/share/vrx_gz/worlds/navigation_task.sdf
[0.596s] -- Up-to-date: /home/kky/vrx_ws/src/vrx/install/share/ament_index/resource_index/package_run_dependencies/vrx_gz
[0.596s] -- Up-to-date: /home/kky/vrx_ws/src/vrx/install/share/ament_index/resource_index/parent_prefix_path/vrx_gz
[0.596s] -- Up-to-date: /home/kky/vrx_ws/src/vrx/install/share/vrx_gz/environment/ament_prefix_path.sh
[0.597s] -- Up-to-date: /home/kky/vrx_ws/src/vrx/install/share/vrx_gz/environment/ament_prefix_path.dsv
[0.597s] -- Up-to-date: /home/kky/vrx_ws/src/vrx/install/share/vrx_gz/environment/path.sh
[0.597s] -- Up-to-date: /home/kky/vrx_ws/src/vrx/install/share/vrx_gz/environment/path.dsv
[0.597s] -- Up-to-date: /home/kky/vrx_ws/src/vrx/install/share/vrx_gz/local_setup.bash
[0.597s] -- Up-to-date: /home/kky/vrx_ws/src/vrx/install/share/vrx_gz/local_setup.sh
[0.597s] -- Up-to-date: /home/kky/vrx_ws/src/vrx/install/share/vrx_gz/local_setup.zsh
[0.597s] -- Up-to-date: /home/kky/vrx_ws/src/vrx/install/share/vrx_gz/local_setup.dsv
[0.597s] -- Installing: /home/kky/vrx_ws/src/vrx/install/share/vrx_gz/package.dsv
[0.598s] -- Up-to-date: /home/kky/vrx_ws/src/vrx/install/share/ament_index/resource_index/packages/vrx_gz
[0.598s] -- Up-to-date: /home/kky/vrx_ws/src/vrx/install/share/vrx_gz/cmake/vrx_gzConfig.cmake
[0.598s] -- Up-to-date: /home/kky/vrx_ws/src/vrx/install/share/vrx_gz/cmake/vrx_gzConfig-version.cmake
[0.598s] -- Up-to-date: /home/kky/vrx_ws/src/vrx/install/share/vrx_gz/package.xml
[0.598s] Invoked command in '/home/kky/vrx_ws/src/vrx/build/vrx_gz' returned '0': AMENT_PREFIX_PATH=/home/kky/vrx_ws/src/vrx/install:${AMENT_PREFIX_PATH} CMAKE_PREFIX_PATH=/home/kky/vrx_ws/src/vrx/install:/home/kky/vrx_ws/install:/opt/ros/jazzy/opt/gz_sim_vendor:/opt/ros/jazzy/opt/gz_sensors_vendor:/opt/ros/jazzy/opt/gz_physics_vendor:/opt/ros/jazzy/opt/sdformat_vendor:/opt/ros/jazzy/opt/gz_gui_vendor:/opt/ros/jazzy/opt/gz_transport_vendor:/opt/ros/jazzy/opt/gz_rendering_vendor:/opt/ros/jazzy/opt/gz_plugin_vendor:/opt/ros/jazzy/opt/gz_fuel_tools_vendor:/opt/ros/jazzy/opt/gz_msgs_vendor:/opt/ros/jazzy/opt/gz_common_vendor:/opt/ros/jazzy/opt/gz_math_vendor:/opt/ros/jazzy/opt/gz_utils_vendor:/opt/ros/jazzy/opt/gz_tools_vendor:/opt/ros/jazzy/opt/gz_ogre_next_vendor:/opt/ros/jazzy/opt/gz_dartsim_vendor:/opt/ros/jazzy/opt/gz_cmake_vendor:/opt/ros/jazzy DEBUGINFOD_URLS=https://debuginfod.ubuntu.com GZ_SIM_RESOURCE_PATH=/home/kky/vrx_ws/src/vrx/install/share/wamv_description/models:/home/kky/vrx_ws/src/vrx/install/share/vrx_gazebo/models:/home/kky/vrx_ws/src/vrx/install/share:${GZ_SIM_RESOURCE_PATH} LD_LIBRARY_PATH=/home/kky/vrx_ws/src/vrx/install/lib:${LD_LIBRARY_PATH} PYTHONPATH=/home/kky/vrx_ws/src/vrx/install/lib/python3.12/site-packages:${PYTHONPATH} /usr/bin/cmake --install /home/kky/vrx_ws/src/vrx/build/vrx_gz
