[0.011s] Invoking command in '/home/kky/vrx_ws/src/vrx/build/vrx_gz': AMENT_PREFIX_PATH=/home/kky/vrx_ws/src/vrx/install:${AMENT_PREFIX_PATH} CMAKE_PREFIX_PATH=/home/kky/vrx_ws/src/vrx/install:/home/kky/vrx_ws/install:/opt/ros/jazzy/opt/gz_sim_vendor:/opt/ros/jazzy/opt/gz_sensors_vendor:/opt/ros/jazzy/opt/gz_physics_vendor:/opt/ros/jazzy/opt/sdformat_vendor:/opt/ros/jazzy/opt/gz_gui_vendor:/opt/ros/jazzy/opt/gz_transport_vendor:/opt/ros/jazzy/opt/gz_rendering_vendor:/opt/ros/jazzy/opt/gz_plugin_vendor:/opt/ros/jazzy/opt/gz_fuel_tools_vendor:/opt/ros/jazzy/opt/gz_msgs_vendor:/opt/ros/jazzy/opt/gz_common_vendor:/opt/ros/jazzy/opt/gz_math_vendor:/opt/ros/jazzy/opt/gz_utils_vendor:/opt/ros/jazzy/opt/gz_tools_vendor:/opt/ros/jazzy/opt/gz_ogre_next_vendor:/opt/ros/jazzy/opt/gz_dartsim_vendor:/opt/ros/jazzy/opt/gz_cmake_vendor:/opt/ros/jazzy DEBUGINFOD_URLS=https://debuginfod.ubuntu.com GZ_SIM_RESOURCE_PATH=/home/kky/vrx_ws/src/vrx/install/share/wamv_description/models:/home/kky/vrx_ws/src/vrx/install/share/vrx_gazebo/models:/home/kky/vrx_ws/src/vrx/install/share:${GZ_SIM_RESOURCE_PATH} PYTHONPATH=/home/kky/vrx_ws/src/vrx/install/lib/python3.12/site-packages:${PYTHONPATH} /usr/bin/cmake /home/kky/vrx_ws/src/vrx/vrx_gz -DCMAKE_INSTALL_PREFIX=/home/kky/vrx_ws/src/vrx/install
[0.067s] -- The C compiler identification is GNU 13.3.0
[0.125s] -- The CXX compiler identification is GNU 13.3.0
[0.142s] -- Detecting C compiler ABI info
[0.234s] -- Detecting C compiler ABI info - done
[0.244s] -- Check for working C compiler: /usr/bin/cc - skipped
[0.245s] -- Detecting C compile features
[0.245s] -- Detecting C compile features - done
[0.255s] -- Detecting CXX compiler ABI info
[0.357s] -- Detecting CXX compiler ABI info - done
[0.367s] -- Check for working CXX compiler: /usr/bin/c++ - skipped
[0.368s] -- Detecting CXX compile features
[0.368s] -- Detecting CXX compile features - done
[0.370s] -- Performing Test COMPILER_SUPPORTS_CXX17
[0.467s] -- Performing Test COMPILER_SUPPORTS_CXX17 - Success
[0.472s] -- Found ament_cmake: 2.5.4 (/opt/ros/jazzy/share/ament_cmake/cmake)
[0.638s] -- Found Python3: /usr/bin/python3 (found version "3.12.3") found components: Interpreter 
[0.778s] -- Looking for gz-sim8 -- found version 8.10.0
[0.786s] -- Searching for dependencies of gz-sim8
[0.788s] -- Looking for sdformat14 -- found version 14.8.0
[0.789s] -- Searching for dependencies of sdformat14
[0.795s] -- Checking for module 'tinyxml2'
[0.810s] --   Found tinyxml2, version 10.0.0
[0.852s] -- Looking for gz-math7 -- found version 7.5.2
[0.853s] -- Searching for dependencies of gz-math7
[0.855s] -- Looking for gz-utils2 -- found version 2.2.1
[0.855s] -- Searching for dependencies of gz-utils2
[0.857s] -- Looking for gz-utils2 -- found version 2.2.1
[0.857s] -- Searching for dependencies of gz-utils2
[0.857s] -- Searching for <gz-utils2> component [cli]
[0.860s] -- Looking for gz-utils2-cli -- found version 2.2.1
[0.860s] -- Searching for dependencies of gz-utils2-cli
[0.864s] -- Looking for gz-plugin2 -- found version 2.0.4
[0.864s] -- Searching for dependencies of gz-plugin2
[0.864s] -- Looking for gz-utils2 -- found version 2.2.1
[0.865s] -- Searching for <gz-plugin2> component [loader]
[0.867s] -- Looking for gz-plugin2-loader -- found version 2.0.4
[0.867s] -- Searching for dependencies of gz-plugin2-loader
[0.868s] -- Searching for <gz-plugin2> component [register]
[0.871s] -- Looking for gz-plugin2-register -- found version 2.0.4
[0.871s] -- Searching for dependencies of gz-plugin2-register
[0.873s] -- Looking for gz-transport13 -- found version 13.5.0
[0.873s] -- Searching for dependencies of gz-transport13
[1.008s] -- Found Protobuf: /usr/lib/x86_64-linux-gnu/libprotobuf.so (found version "3.21.12") 
[1.024s] -- Config-file not installed for ZeroMQ -- checking for pkg-config
[1.028s] -- Checking for module 'libzmq >= 4'
[1.044s] --   Found libzmq, version 4.3.5
[1.092s] -- Found ZeroMQ: TRUE (Required is at least version "4") 
[1.098s] -- Checking for module 'uuid'
[1.113s] --   Found uuid, version 2.39.3
[1.151s] -- Found UUID: TRUE  
[1.152s] -- Looking for gz-utils2 -- found version 2.2.1
[1.154s] -- Looking for gz-msgs10 -- found version 10.3.2
[1.154s] -- Searching for dependencies of gz-msgs10
[1.178s] -- Looking for gz-utils2 -- found version 2.2.1
[1.178s] -- Looking for gz-math7 -- found version 7.5.2
[1.186s] -- Searching for <gz-transport13> component [log]
[1.189s] -- Looking for gz-transport13-log -- found version 13.5.0
[1.190s] -- Searching for dependencies of gz-transport13-log
[1.190s] -- Searching for <gz-transport13> component [parameters]
[1.192s] -- Looking for gz-transport13-parameters -- found version 13.5.0
[1.193s] -- Searching for dependencies of gz-transport13-parameters
[1.194s] -- Looking for gz-msgs10 -- found version 10.3.2
[1.197s] -- Looking for gz-common5 -- found version 5.7.1
[1.197s] -- Searching for dependencies of gz-common5
[1.197s] -- Looking for gz-utils2 -- found version 2.2.1
[1.198s] -- Looking for dlfcn.h - found
[1.199s] -- Looking for libdl - found
[1.200s] -- Found DL: TRUE  
[1.208s] -- Searching for <gz-common5> component [av]
[1.210s] -- Looking for gz-common5-av -- found version 5.7.1
[1.211s] -- Searching for dependencies of gz-common5-av
[1.216s] -- Checking for module 'libswscale'
[1.233s] --   Found libswscale, version 7.5.100
[1.273s] -- Found SWSCALE: TRUE  
[1.278s] -- Checking for module 'libavdevice >= 56.4.100'
[1.294s] --   Found libavdevice, version 60.3.100
[1.347s] -- Found AVDEVICE: TRUE (Required is at least version "56.4.100") 
[1.352s] -- Checking for module 'libavformat'
[1.369s] --   Found libavformat, version 60.16.100
[1.412s] -- Found AVFORMAT: TRUE  
[1.418s] -- Checking for module 'libavcodec'
[1.434s] --   Found libavcodec, version 60.31.102
[1.476s] -- Found AVCODEC: TRUE  
[1.482s] -- Checking for module 'libavutil'
[1.498s] --   Found libavutil, version 58.29.100
[1.537s] -- Found AVUTIL: TRUE  
[1.538s] -- Searching for <gz-common5> component [events]
[1.541s] -- Looking for gz-common5-events -- found version 5.7.1
[1.541s] -- Searching for dependencies of gz-common5-events
[1.541s] -- Looking for gz-math7 -- found version 7.5.2
[1.542s] -- Searching for <gz-common5> component [graphics]
[1.545s] -- Looking for gz-common5-graphics -- found version 5.7.1
[1.545s] -- Searching for dependencies of gz-common5-graphics
[1.545s] -- Looking for gz-math7 -- found version 7.5.2
[1.552s] -- Found GzAssimp: TRUE (found version "5.3.0") 
[1.553s] -- Searching for <gz-common5> component [io]
[1.556s] -- Looking for gz-common5-io -- found version 5.7.1
[1.556s] -- Searching for dependencies of gz-common5-io
[1.557s] -- Searching for <gz-common5> component [profiler]
[1.560s] -- Looking for gz-common5-profiler -- found version 5.7.1
[1.560s] -- Searching for dependencies of gz-common5-profiler
[1.563s] -- Looking for gz-fuel_tools9 -- found version 9.1.1
[1.563s] -- Searching for dependencies of gz-fuel_tools9
[1.662s] -- Found CURL: /usr/lib/x86_64-linux-gnu/libcurl.so (found version "8.5.0")  
[1.674s] -- Checking for module 'jsoncpp'
[1.691s] --   Found jsoncpp, version 1.9.5
[1.730s] -- Found JSONCPP: TRUE  
[1.751s] -- Checking for module 'yaml-0.1'
[1.767s] --   Found yaml-0.1, version 0.2.5
[1.807s] -- Found YAML: TRUE  
[1.813s] -- Checking for module 'libzip'
[1.829s] --   Found libzip, version 1.7.3
[1.868s] -- Found ZIP: TRUE  
[1.869s] -- Looking for gz-utils2 -- found version 2.2.1
[1.869s] -- Looking for gz-common5 -- found version 5.7.1
[1.869s] -- Searching for dependencies of gz-common5
[1.870s] -- Looking for gz-utils2 -- found version 2.2.1
[1.870s] -- Looking for dlfcn.h - found
[1.870s] -- Looking for libdl - found
[1.878s] -- Searching for <gz-common5> component [testing]
[1.881s] -- Looking for gz-common5-testing -- found version 5.7.1
[1.881s] -- Searching for dependencies of gz-common5-testing
[1.882s] -- Looking for gz-math7 -- found version 7.5.2
[1.882s] -- Looking for gz-msgs10 -- found version 10.3.2
[1.885s] -- Looking for gz-gui8 -- found version 8.4.0
[1.885s] -- Searching for dependencies of gz-gui8
[1.916s] -- Looking for gz-utils2 -- found version 2.2.1
[1.916s] -- Looking for gz-math7 -- found version 7.5.2
[1.916s] -- Looking for gz-common5 -- found version 5.7.1
[1.917s] -- Looking for gz-plugin2 -- found version 2.0.4
[1.917s] -- Looking for gz-transport13 -- found version 13.5.0
[1.920s] -- Looking for gz-rendering8 -- found version 8.2.2
[1.920s] -- Searching for dependencies of gz-rendering8
[1.920s] -- Looking for gz-math7 -- found version 7.5.2
[1.920s] -- Searching for dependencies of gz-math7
[1.921s] -- Looking for gz-utils2 -- found version 2.2.1
[1.921s] -- Searching for <gz-math7> component [eigen3]
[1.924s] -- Looking for gz-math7-eigen3 -- found version 7.5.2
[1.924s] -- Searching for dependencies of gz-math7-eigen3
[1.936s] -- Looking for gz-common5 -- found version 5.7.1
[1.936s] -- Searching for dependencies of gz-common5
[1.937s] -- Looking for gz-utils2 -- found version 2.2.1
[1.937s] -- Looking for dlfcn.h - found
[1.937s] -- Looking for libdl - found
[1.945s] -- Searching for <gz-common5> component [graphics]
[1.945s] -- Searching for <gz-common5> component [events]
[1.945s] -- Searching for <gz-common5> component [geospatial]
[1.948s] -- Looking for gz-common5-geospatial -- found version 5.7.1
[1.948s] -- Searching for dependencies of gz-common5-geospatial
[1.948s] -- Looking for gz-math7 -- found version 7.5.2
[1.949s] -- Looking for gz-common5 -- found version 5.7.1
[1.950s] -- Looking for gz-plugin2 -- found version 2.0.4
[1.950s] -- Searching for dependencies of gz-plugin2
[1.950s] -- Looking for gz-utils2 -- found version 2.2.1
[1.950s] -- Searching for <gz-plugin2> component [all]
[1.953s] -- Looking for all libraries of gz-plugin2 -- found version 2.0.4
[1.953s] -- Looking for gz-plugin2 -- found version 2.0.4
[1.954s] -- Looking for gz-utils2 -- found version 2.2.1
[1.967s] -- Found OpenGL: /usr/lib/x86_64-linux-gnu/libOpenGL.so  found components: OpenGL 
[1.969s] -- Looking for gz-msgs10 -- found version 10.3.2
[2.000s] -- Looking for gz-physics7 -- found version 7.6.0
[2.000s] -- Searching for dependencies of gz-physics7
[2.001s] -- Looking for gz-common5 -- found version 5.7.1
[2.001s] -- Looking for gz-math7 -- found version 7.5.2
[2.001s] -- Looking for gz-plugin2 -- found version 2.0.4
[2.002s] -- Looking for gz-utils2 -- found version 2.2.1
[2.003s] -- Searching for <gz-physics7> component [heightmap]
[2.005s] -- Looking for gz-physics7-heightmap -- found version 7.6.0
[2.005s] -- Searching for dependencies of gz-physics7-heightmap
[2.005s] -- Looking for gz-common5 -- found version 5.7.1
[2.006s] -- Searching for <gz-physics7> component [mesh]
[2.008s] -- Looking for gz-physics7-mesh -- found version 7.6.0
[2.008s] -- Searching for dependencies of gz-physics7-mesh
[2.008s] -- Looking for gz-common5 -- found version 5.7.1
[2.009s] -- Searching for <gz-physics7> component [sdf]
[2.011s] -- Looking for gz-physics7-sdf -- found version 7.6.0
[2.011s] -- Searching for dependencies of gz-physics7-sdf
[2.011s] -- Looking for sdformat14 -- found version 14.8.0
[2.014s] -- Looking for gz-sensors8 -- found version 8.2.2
[2.014s] -- Searching for dependencies of gz-sensors8
[2.038s] -- Looking for gz-math7 -- found version 7.5.2
[2.039s] -- Looking for gz-common5 -- found version 5.7.1
[2.039s] -- Looking for gz-transport13 -- found version 13.5.0
[2.039s] -- Looking for gz-rendering8 -- found version 8.2.2
[2.040s] -- Looking for gz-msgs10 -- found version 10.3.2
[2.040s] -- Looking for sdformat14 -- found version 14.8.0
[2.041s] -- Searching for <gz-sensors8> component [air_pressure]
[2.043s] -- Looking for gz-sensors8-air_pressure -- found version 8.2.2
[2.043s] -- Searching for dependencies of gz-sensors8-air_pressure
[2.044s] -- Searching for <gz-sensors8> component [air_speed]
[2.045s] -- Looking for gz-sensors8-air_speed -- found version 8.2.2
[2.045s] -- Searching for dependencies of gz-sensors8-air_speed
[2.046s] -- Searching for <gz-sensors8> component [altimeter]
[2.048s] -- Looking for gz-sensors8-altimeter -- found version 8.2.2
[2.048s] -- Searching for dependencies of gz-sensors8-altimeter
[2.048s] -- Searching for <gz-sensors8> component [imu]
[2.050s] -- Looking for gz-sensors8-imu -- found version 8.2.2
[2.050s] -- Searching for dependencies of gz-sensors8-imu
[2.051s] -- Searching for <gz-sensors8> component [force_torque]
[2.053s] -- Looking for gz-sensors8-force_torque -- found version 8.2.2
[2.053s] -- Searching for dependencies of gz-sensors8-force_torque
[2.054s] -- Searching for <gz-sensors8> component [logical_camera]
[2.055s] -- Looking for gz-sensors8-logical_camera -- found version 8.2.2
[2.056s] -- Searching for dependencies of gz-sensors8-logical_camera
[2.056s] -- Searching for <gz-sensors8> component [magnetometer]
[2.058s] -- Looking for gz-sensors8-magnetometer -- found version 8.2.2
[2.058s] -- Searching for dependencies of gz-sensors8-magnetometer
[2.059s] -- Searching for <gz-sensors8> component [navsat]
[2.060s] -- Looking for gz-sensors8-navsat -- found version 8.2.2
[2.061s] -- Searching for dependencies of gz-sensors8-navsat
[2.061s] -- Searching for <gz-sensors8> component [dvl]
[2.063s] -- Looking for gz-sensors8-dvl -- found version 8.2.2
[2.063s] -- Searching for dependencies of gz-sensors8-dvl
[2.064s] -- Looking for gz-sensors8 -- found version 8.2.2
[2.064s] -- Searching for dependencies of gz-sensors8
[2.088s] -- Looking for gz-math7 -- found version 7.5.2
[2.088s] -- Looking for gz-common5 -- found version 5.7.1
[2.089s] -- Looking for gz-transport13 -- found version 13.5.0
[2.089s] -- Looking for gz-rendering8 -- found version 8.2.2
[2.090s] -- Looking for gz-msgs10 -- found version 10.3.2
[2.090s] -- Looking for sdformat14 -- found version 14.8.0
[2.090s] -- Searching for <gz-sensors8> component [rendering]
[2.092s] -- Looking for gz-sensors8-rendering -- found version 8.2.2
[2.092s] -- Searching for dependencies of gz-sensors8-rendering
[2.094s] -- Searching for <gz-sensors8> component [rendering]
[2.094s] -- Searching for <gz-sensors8> component [lidar]
[2.095s] -- Looking for gz-sensors8-lidar -- found version 8.2.2
[2.095s] -- Searching for dependencies of gz-sensors8-lidar
[2.096s] -- Looking for gz-sensors8 -- found version 8.2.2
[2.096s] -- Searching for <gz-sensors8> component [gpu_lidar]
[2.098s] -- Looking for gz-sensors8-gpu_lidar -- found version 8.2.2
[2.098s] -- Searching for dependencies of gz-sensors8-gpu_lidar
[2.099s] -- Looking for gz-sensors8 -- found version 8.2.2
[2.099s] -- Searching for <gz-sensors8> component [camera]
[2.101s] -- Looking for gz-sensors8-camera -- found version 8.2.2
[2.101s] -- Searching for dependencies of gz-sensors8-camera
[2.102s] -- Looking for gz-sensors8 -- found version 8.2.2
[2.103s] -- Searching for <gz-sensors8> component [boundingbox_camera]
[2.104s] -- Looking for gz-sensors8-boundingbox_camera -- found version 8.2.2
[2.104s] -- Searching for dependencies of gz-sensors8-boundingbox_camera
[2.105s] -- Searching for <gz-sensors8> component [segmentation_camera]
[2.107s] -- Looking for gz-sensors8-segmentation_camera -- found version 8.2.2
[2.107s] -- Searching for dependencies of gz-sensors8-segmentation_camera
[2.108s] -- Searching for <gz-sensors8> component [depth_camera]
[2.109s] -- Looking for gz-sensors8-depth_camera -- found version 8.2.2
[2.110s] -- Searching for dependencies of gz-sensors8-depth_camera
[2.110s] -- Looking for gz-sensors8 -- found version 8.2.2
[2.111s] -- Searching for <gz-sensors8> component [rgbd_camera]
[2.112s] -- Looking for gz-sensors8-rgbd_camera -- found version 8.2.2
[2.113s] -- Searching for dependencies of gz-sensors8-rgbd_camera
[2.113s] -- Looking for gz-sensors8 -- found version 8.2.2
[2.114s] -- Searching for <gz-sensors8> component [thermal_camera]
[2.116s] -- Looking for gz-sensors8-thermal_camera -- found version 8.2.2
[2.116s] -- Searching for dependencies of gz-sensors8-thermal_camera
[2.116s] -- Looking for gz-sensors8 -- found version 8.2.2
[2.117s] -- Searching for <gz-sensors8> component [wide_angle_camera]
[2.118s] -- Looking for gz-sensors8-wide_angle_camera -- found version 8.2.2
[2.119s] -- Searching for dependencies of gz-sensors8-wide_angle_camera
[2.120s] -- Looking for gz-rendering8 -- found version 8.2.2
[2.120s] -- Looking for gz-math7 -- found version 7.5.2
[2.121s] -- Looking for gz-utils2 -- found version 2.2.1
[2.146s] -- Looking for gz-common5 -- found version 5.7.1
[2.146s] -- Looking for gz-fuel_tools9 -- found version 9.1.1
[2.147s] -- Looking for gz-math7 -- found version 7.5.2
[2.147s] -- Looking for gz-msgs10 -- found version 10.3.2
[2.148s] -- Looking for gz-transport13 -- found version 13.5.0
[2.148s] -- Looking for gz-plugin2 -- found version 2.0.4
[2.148s] -- Looking for gz-rendering8 -- found version 8.2.2
[2.149s] -- Looking for gz-sensors8 -- found version 8.2.2
[2.149s] -- Looking for gz-utils2 -- found version 2.2.1
[2.150s] -- Looking for sdformat14 -- found version 14.8.0
[2.154s] -- Found std_msgs: 5.3.6 (/opt/ros/jazzy/share/std_msgs/cmake)
[2.210s] -- Found rosidl_generator_c: 4.6.6 (/opt/ros/jazzy/share/rosidl_generator_c/cmake)
[2.233s] -- Found rosidl_generator_cpp: 4.6.6 (/opt/ros/jazzy/share/rosidl_generator_cpp/cmake)
[2.258s] -- Using all available rosidl_typesupport_c: rosidl_typesupport_fastrtps_c;rosidl_typesupport_introspection_c
[2.286s] -- Using all available rosidl_typesupport_cpp: rosidl_typesupport_fastrtps_cpp;rosidl_typesupport_introspection_cpp
[2.524s] -- Configuring done (2.5s)
[2.704s] -- Generating done (0.2s)
[2.729s] -- Build files have been written to: /home/kky/vrx_ws/src/vrx/build/vrx_gz
[2.741s] Invoked command in '/home/kky/vrx_ws/src/vrx/build/vrx_gz' returned '0': AMENT_PREFIX_PATH=/home/kky/vrx_ws/src/vrx/install:${AMENT_PREFIX_PATH} CMAKE_PREFIX_PATH=/home/kky/vrx_ws/src/vrx/install:/home/kky/vrx_ws/install:/opt/ros/jazzy/opt/gz_sim_vendor:/opt/ros/jazzy/opt/gz_sensors_vendor:/opt/ros/jazzy/opt/gz_physics_vendor:/opt/ros/jazzy/opt/sdformat_vendor:/opt/ros/jazzy/opt/gz_gui_vendor:/opt/ros/jazzy/opt/gz_transport_vendor:/opt/ros/jazzy/opt/gz_rendering_vendor:/opt/ros/jazzy/opt/gz_plugin_vendor:/opt/ros/jazzy/opt/gz_fuel_tools_vendor:/opt/ros/jazzy/opt/gz_msgs_vendor:/opt/ros/jazzy/opt/gz_common_vendor:/opt/ros/jazzy/opt/gz_math_vendor:/opt/ros/jazzy/opt/gz_utils_vendor:/opt/ros/jazzy/opt/gz_tools_vendor:/opt/ros/jazzy/opt/gz_ogre_next_vendor:/opt/ros/jazzy/opt/gz_dartsim_vendor:/opt/ros/jazzy/opt/gz_cmake_vendor:/opt/ros/jazzy DEBUGINFOD_URLS=https://debuginfod.ubuntu.com GZ_SIM_RESOURCE_PATH=/home/kky/vrx_ws/src/vrx/install/share/wamv_description/models:/home/kky/vrx_ws/src/vrx/install/share/vrx_gazebo/models:/home/kky/vrx_ws/src/vrx/install/share:${GZ_SIM_RESOURCE_PATH} PYTHONPATH=/home/kky/vrx_ws/src/vrx/install/lib/python3.12/site-packages:${PYTHONPATH} /usr/bin/cmake /home/kky/vrx_ws/src/vrx/vrx_gz -DCMAKE_INSTALL_PREFIX=/home/kky/vrx_ws/src/vrx/install
[2.743s] Invoking command in '/home/kky/vrx_ws/src/vrx/build/vrx_gz': AMENT_PREFIX_PATH=/home/kky/vrx_ws/src/vrx/install:${AMENT_PREFIX_PATH} CMAKE_PREFIX_PATH=/home/kky/vrx_ws/src/vrx/install:/home/kky/vrx_ws/install:/opt/ros/jazzy/opt/gz_sim_vendor:/opt/ros/jazzy/opt/gz_sensors_vendor:/opt/ros/jazzy/opt/gz_physics_vendor:/opt/ros/jazzy/opt/sdformat_vendor:/opt/ros/jazzy/opt/gz_gui_vendor:/opt/ros/jazzy/opt/gz_transport_vendor:/opt/ros/jazzy/opt/gz_rendering_vendor:/opt/ros/jazzy/opt/gz_plugin_vendor:/opt/ros/jazzy/opt/gz_fuel_tools_vendor:/opt/ros/jazzy/opt/gz_msgs_vendor:/opt/ros/jazzy/opt/gz_common_vendor:/opt/ros/jazzy/opt/gz_math_vendor:/opt/ros/jazzy/opt/gz_utils_vendor:/opt/ros/jazzy/opt/gz_tools_vendor:/opt/ros/jazzy/opt/gz_ogre_next_vendor:/opt/ros/jazzy/opt/gz_dartsim_vendor:/opt/ros/jazzy/opt/gz_cmake_vendor:/opt/ros/jazzy DEBUGINFOD_URLS=https://debuginfod.ubuntu.com GZ_SIM_RESOURCE_PATH=/home/kky/vrx_ws/src/vrx/install/share/wamv_description/models:/home/kky/vrx_ws/src/vrx/install/share/vrx_gazebo/models:/home/kky/vrx_ws/src/vrx/install/share:${GZ_SIM_RESOURCE_PATH} PYTHONPATH=/home/kky/vrx_ws/src/vrx/install/lib/python3.12/site-packages:${PYTHONPATH} /usr/bin/cmake --build /home/kky/vrx_ws/src/vrx/build/vrx_gz -- -j16 -l16
[2.802s] [  2%] [32mBuilding CXX object CMakeFiles/Waves.dir/src/Wavefield.cc.o[0m
[2.802s] [  4%] [32mBuilding CXX object CMakeFiles/ScoringPlugin.dir/src/ScoringPlugin.cc.o[0m
[2.812s] [  4%] Built target ament_cmake_python_copy_vrx_gz
[3.052s] running egg_info
[3.053s] creating vrx_gz.egg-info
[3.077s] writing vrx_gz.egg-info/PKG-INFO
[3.077s] writing dependency_links to vrx_gz.egg-info/dependency_links.txt
[3.077s] writing top-level names to vrx_gz.egg-info/top_level.txt
[3.077s] writing manifest file 'vrx_gz.egg-info/SOURCES.txt'
[3.147s] reading manifest file 'vrx_gz.egg-info/SOURCES.txt'
[3.147s] writing manifest file 'vrx_gz.egg-info/SOURCES.txt'
[3.175s] [  4%] Built target ament_cmake_python_build_vrx_gz_egg
[6.145s] [  6%] [32m[1mLinking CXX shared library libWaves.so[0m
[6.345s] [  6%] Built target Waves
[6.368s] [  8%] [32mBuilding CXX object CMakeFiles/PolyhedraBuoyancyDrag.dir/src/PolyhedraBuoyancyDrag.cc.o[0m
[6.368s] [ 10%] [32mBuilding CXX object CMakeFiles/PolyhedraBuoyancyDrag.dir/src/PolyhedronVolume.cc.o[0m
[6.369s] [ 12%] [32mBuilding CXX object CMakeFiles/PolyhedraBuoyancyDrag.dir/src/ShapeVolume.cc.o[0m
[7.371s] [ 14%] [32m[1mLinking CXX shared library libScoringPlugin.so[0m
[7.596s] [ 14%] Built target ScoringPlugin
[7.627s] [ 16%] [32mBuilding CXX object CMakeFiles/BallShooterPlugin.dir/src/BallShooterPlugin.cc.o[0m
[7.627s] [ 18%] [32mBuilding CXX object CMakeFiles/AcousticPingerPlugin.dir/src/AcousticPingerPlugin.cc.o[0m
[7.627s] [ 20%] [32mBuilding CXX object CMakeFiles/StationkeepingScoringPlugin.dir/src/StationkeepingScoringPlugin.cc.o[0m
[7.628s] [ 22%] [32mBuilding CXX object CMakeFiles/GymkhanaScoringPlugin.dir/src/GymkhanaScoringPlugin.cc.o[0m
[7.629s] [ 25%] [32mBuilding CXX object CMakeFiles/ScanDockScoringPlugin.dir/src/ScanDockScoringPlugin.cc.o[0m
[7.630s] [ 29%] [32mBuilding CXX object CMakeFiles/LightBuoyPlugin.dir/src/LightBuoyPlugin.cc.o[0m
[7.630s] [ 29%] [32mBuilding CXX object CMakeFiles/NavigationScoringPlugin.dir/src/NavigationScoringPlugin.cc.o[0m
[7.631s] [ 33%] [32mBuilding CXX object CMakeFiles/PlacardPlugin.dir/src/PlacardPlugin.cc.o[0m
[7.631s] [ 33%] [32mBuilding CXX object CMakeFiles/AcousticTrackingScoringPlugin.dir/src/AcousticTrackingScoringPlugin.cc.o[0m
[7.631s] [ 35%] [32mBuilding CXX object CMakeFiles/SimpleHydrodynamics.dir/src/SimpleHydrodynamics.cc.o[0m
[7.632s] [ 37%] [32mBuilding CXX object CMakeFiles/PublisherPlugin.dir/src/PublisherPlugin.cc.o[0m
[7.634s] [ 39%] [32mBuilding CXX object CMakeFiles/WayfindingScoringPlugin.dir/src/WayfindingScoringPlugin.cc.o[0m
[7.637s] [ 41%] [32mBuilding CXX object CMakeFiles/PerceptionScoringPlugin.dir/src/PerceptionScoringPlugin.cc.o[0m
[7.637s] [ 43%] [32mBuilding CXX object CMakeFiles/AcousticPerceptionScoringPlugin.dir/src/AcousticPerceptionScoringPlugin.cc.o[0m
[7.967s] [ 45%] [32mBuilding CXX object CMakeFiles/WayfindingScoringPlugin.dir/src/WaypointMarkers.cc.o[0m
[12.652s] [ 47%] [32m[1mLinking CXX shared library libPublisherPlugin.so[0m
[12.979s] [ 47%] Built target PublisherPlugin
[13.013s] [ 50%] [32mBuilding CXX object CMakeFiles/AcousticPerceptionScoringPlugin.dir/src/WaypointMarkers.cc.o[0m
[13.103s] [ 52%] [32m[1mLinking CXX shared library libLightBuoyPlugin.so[0m
[13.327s] [ 54%] [32mBuilding CXX object CMakeFiles/StationkeepingScoringPlugin.dir/src/WaypointMarkers.cc.o[0m
[13.493s] [ 54%] Built target LightBuoyPlugin
[13.508s] [ 56%] [32mBuilding CXX object CMakeFiles/AcousticTrackingScoringPlugin.dir/src/WaypointMarkers.cc.o[0m
[13.586s] [ 58%] [32m[1mLinking CXX shared library libPolyhedraBuoyancyDrag.so[0m
[13.867s] [ 60%] [32m[1mLinking CXX shared library libGymkhanaScoringPlugin.so[0m
[13.996s] [ 60%] Built target PolyhedraBuoyancyDrag
[14.048s] [ 62%] [32mBuilding CXX object CMakeFiles/Surface.dir/src/Surface.cc.o[0m
[14.081s] [ 64%] [32m[1mLinking CXX shared library libPlacardPlugin.so[0m
[14.292s] [ 66%] [32m[1mLinking CXX shared library libSimpleHydrodynamics.so[0m
[14.296s] [ 66%] Built target GymkhanaScoringPlugin
[14.337s] [ 68%] [32mBuilding CXX object CMakeFiles/USVWind.dir/src/USVWind.cc.o[0m
[14.473s] [ 68%] Built target PlacardPlugin
[14.523s] [ 70%] [32mBuilding CXX object CMakeFiles/WaveVisual.dir/src/WaveVisual.cc.o[0m
[14.666s] [ 70%] Built target SimpleHydrodynamics
[14.740s] [ 72%] [32mBuilding CXX object CMakeFiles/WildlifeScoringPlugin.dir/src/WildlifeScoringPlugin.cc.o[0m
[15.489s] [ 75%] [32m[1mLinking CXX shared library libPerceptionScoringPlugin.so[0m
[15.597s] [ 77%] [32m[1mLinking CXX shared library libAcousticPingerPlugin.so[0m
[15.924s] [ 77%] Built target PerceptionScoringPlugin
[15.981s] [ 77%] Built target AcousticPingerPlugin
[16.372s] [ 79%] [32m[1mLinking CXX shared library libNavigationScoringPlugin.so[0m
[16.469s] [ 81%] [32m[1mLinking CXX shared library libWayfindingScoringPlugin.so[0m
[16.629s] [ 83%] [32m[1mLinking CXX shared library libBallShooterPlugin.so[0m
[16.701s] [ 83%] Built target NavigationScoringPlugin
[16.742s] [ 83%] Built target WayfindingScoringPlugin
[16.926s] [ 83%] Built target BallShooterPlugin
[17.348s] [ 85%] [32m[1mLinking CXX shared library libAcousticPerceptionScoringPlugin.so[0m
[17.354s] [ 87%] [32m[1mLinking CXX shared library libScanDockScoringPlugin.so[0m
[17.603s] [ 87%] Built target AcousticPerceptionScoringPlugin
[17.617s] [ 87%] Built target ScanDockScoringPlugin
[17.734s] [ 89%] [32m[1mLinking CXX shared library libStationkeepingScoringPlugin.so[0m
[17.905s] [ 91%] [32m[1mLinking CXX shared library libAcousticTrackingScoringPlugin.so[0m
[17.994s] [ 91%] Built target StationkeepingScoringPlugin
[18.155s] [ 91%] Built target AcousticTrackingScoringPlugin
[18.990s] [ 93%] [32m[1mLinking CXX shared library libSurface.so[0m
[19.226s] [ 93%] Built target Surface
[20.790s] [ 95%] [32m[1mLinking CXX shared library libWildlifeScoringPlugin.so[0m
[21.034s] [ 97%] [32m[1mLinking CXX shared library libUSVWind.so[0m
[21.036s] [ 97%] Built target WildlifeScoringPlugin
[21.127s] [100%] [32m[1mLinking CXX shared library libWaveVisual.so[0m
[21.269s] [100%] Built target USVWind
[21.367s] [100%] Built target WaveVisual
[21.381s] Invoked command in '/home/kky/vrx_ws/src/vrx/build/vrx_gz' returned '0': AMENT_PREFIX_PATH=/home/kky/vrx_ws/src/vrx/install:${AMENT_PREFIX_PATH} CMAKE_PREFIX_PATH=/home/kky/vrx_ws/src/vrx/install:/home/kky/vrx_ws/install:/opt/ros/jazzy/opt/gz_sim_vendor:/opt/ros/jazzy/opt/gz_sensors_vendor:/opt/ros/jazzy/opt/gz_physics_vendor:/opt/ros/jazzy/opt/sdformat_vendor:/opt/ros/jazzy/opt/gz_gui_vendor:/opt/ros/jazzy/opt/gz_transport_vendor:/opt/ros/jazzy/opt/gz_rendering_vendor:/opt/ros/jazzy/opt/gz_plugin_vendor:/opt/ros/jazzy/opt/gz_fuel_tools_vendor:/opt/ros/jazzy/opt/gz_msgs_vendor:/opt/ros/jazzy/opt/gz_common_vendor:/opt/ros/jazzy/opt/gz_math_vendor:/opt/ros/jazzy/opt/gz_utils_vendor:/opt/ros/jazzy/opt/gz_tools_vendor:/opt/ros/jazzy/opt/gz_ogre_next_vendor:/opt/ros/jazzy/opt/gz_dartsim_vendor:/opt/ros/jazzy/opt/gz_cmake_vendor:/opt/ros/jazzy DEBUGINFOD_URLS=https://debuginfod.ubuntu.com GZ_SIM_RESOURCE_PATH=/home/kky/vrx_ws/src/vrx/install/share/wamv_description/models:/home/kky/vrx_ws/src/vrx/install/share/vrx_gazebo/models:/home/kky/vrx_ws/src/vrx/install/share:${GZ_SIM_RESOURCE_PATH} PYTHONPATH=/home/kky/vrx_ws/src/vrx/install/lib/python3.12/site-packages:${PYTHONPATH} /usr/bin/cmake --build /home/kky/vrx_ws/src/vrx/build/vrx_gz -- -j16 -l16
[21.382s] Invoking command in '/home/kky/vrx_ws/src/vrx/build/vrx_gz': AMENT_PREFIX_PATH=/home/kky/vrx_ws/src/vrx/install:${AMENT_PREFIX_PATH} CMAKE_PREFIX_PATH=/home/kky/vrx_ws/src/vrx/install:/home/kky/vrx_ws/install:/opt/ros/jazzy/opt/gz_sim_vendor:/opt/ros/jazzy/opt/gz_sensors_vendor:/opt/ros/jazzy/opt/gz_physics_vendor:/opt/ros/jazzy/opt/sdformat_vendor:/opt/ros/jazzy/opt/gz_gui_vendor:/opt/ros/jazzy/opt/gz_transport_vendor:/opt/ros/jazzy/opt/gz_rendering_vendor:/opt/ros/jazzy/opt/gz_plugin_vendor:/opt/ros/jazzy/opt/gz_fuel_tools_vendor:/opt/ros/jazzy/opt/gz_msgs_vendor:/opt/ros/jazzy/opt/gz_common_vendor:/opt/ros/jazzy/opt/gz_math_vendor:/opt/ros/jazzy/opt/gz_utils_vendor:/opt/ros/jazzy/opt/gz_tools_vendor:/opt/ros/jazzy/opt/gz_ogre_next_vendor:/opt/ros/jazzy/opt/gz_dartsim_vendor:/opt/ros/jazzy/opt/gz_cmake_vendor:/opt/ros/jazzy DEBUGINFOD_URLS=https://debuginfod.ubuntu.com GZ_SIM_RESOURCE_PATH=/home/kky/vrx_ws/src/vrx/install/share/wamv_description/models:/home/kky/vrx_ws/src/vrx/install/share/vrx_gazebo/models:/home/kky/vrx_ws/src/vrx/install/share:${GZ_SIM_RESOURCE_PATH} PYTHONPATH=/home/kky/vrx_ws/src/vrx/install/lib/python3.12/site-packages:${PYTHONPATH} /usr/bin/cmake --install /home/kky/vrx_ws/src/vrx/build/vrx_gz
[21.392s] -- Install configuration: ""
[21.392s] -- Installing: /home/kky/vrx_ws/src/vrx/install/share/vrx_gz/environment/resource_paths.dsv
[21.392s] -- Installing: /home/kky/vrx_ws/src/vrx/install/share/vrx_gz/environment/resource_paths.sh
[21.393s] -- Installing: /home/kky/vrx_ws/src/vrx/install/lib/libWaves.so
[21.394s] -- Set non-toolchain portion of runtime path of "/home/kky/vrx_ws/src/vrx/install/lib/libWaves.so" to ""
[21.394s] -- Installing: /home/kky/vrx_ws/src/vrx/install/lib/libPolyhedraBuoyancyDrag.so
[21.397s] -- Set non-toolchain portion of runtime path of "/home/kky/vrx_ws/src/vrx/install/lib/libPolyhedraBuoyancyDrag.so" to ""
[21.397s] -- Installing: /home/kky/vrx_ws/src/vrx/install/lib/libScoringPlugin.so
[21.400s] -- Set non-toolchain portion of runtime path of "/home/kky/vrx_ws/src/vrx/install/lib/libScoringPlugin.so" to ""
[21.400s] -- Installing: /home/kky/vrx_ws/src/vrx/install/lib/libStationkeepingScoringPlugin.so
[21.403s] -- Set non-toolchain portion of runtime path of "/home/kky/vrx_ws/src/vrx/install/lib/libStationkeepingScoringPlugin.so" to ""
[21.403s] -- Installing: /home/kky/vrx_ws/src/vrx/install/lib/libWayfindingScoringPlugin.so
[21.406s] -- Set non-toolchain portion of runtime path of "/home/kky/vrx_ws/src/vrx/install/lib/libWayfindingScoringPlugin.so" to ""
[21.406s] -- Installing: /home/kky/vrx_ws/src/vrx/install/lib/libAcousticPerceptionScoringPlugin.so
[21.409s] -- Set non-toolchain portion of runtime path of "/home/kky/vrx_ws/src/vrx/install/lib/libAcousticPerceptionScoringPlugin.so" to ""
[21.409s] -- Installing: /home/kky/vrx_ws/src/vrx/install/lib/libAcousticTrackingScoringPlugin.so
[21.412s] -- Set non-toolchain portion of runtime path of "/home/kky/vrx_ws/src/vrx/install/lib/libAcousticTrackingScoringPlugin.so" to ""
[21.412s] -- Installing: /home/kky/vrx_ws/src/vrx/install/lib/libAcousticPingerPlugin.so
[21.415s] -- Set non-toolchain portion of runtime path of "/home/kky/vrx_ws/src/vrx/install/lib/libAcousticPingerPlugin.so" to ""
[21.415s] -- Installing: /home/kky/vrx_ws/src/vrx/install/lib/libBallShooterPlugin.so
[21.419s] -- Set non-toolchain portion of runtime path of "/home/kky/vrx_ws/src/vrx/install/lib/libBallShooterPlugin.so" to ""
[21.419s] -- Installing: /home/kky/vrx_ws/src/vrx/install/lib/libLightBuoyPlugin.so
[21.421s] -- Set non-toolchain portion of runtime path of "/home/kky/vrx_ws/src/vrx/install/lib/libLightBuoyPlugin.so" to ""
[21.421s] -- Installing: /home/kky/vrx_ws/src/vrx/install/lib/libNavigationScoringPlugin.so
[21.424s] -- Set non-toolchain portion of runtime path of "/home/kky/vrx_ws/src/vrx/install/lib/libNavigationScoringPlugin.so" to ""
[21.424s] -- Installing: /home/kky/vrx_ws/src/vrx/install/lib/libGymkhanaScoringPlugin.so
[21.426s] -- Set non-toolchain portion of runtime path of "/home/kky/vrx_ws/src/vrx/install/lib/libGymkhanaScoringPlugin.so" to ""
[21.426s] -- Installing: /home/kky/vrx_ws/src/vrx/install/lib/libPerceptionScoringPlugin.so
[21.429s] -- Set non-toolchain portion of runtime path of "/home/kky/vrx_ws/src/vrx/install/lib/libPerceptionScoringPlugin.so" to ""
[21.429s] -- Installing: /home/kky/vrx_ws/src/vrx/install/lib/libPlacardPlugin.so
[21.432s] -- Set non-toolchain portion of runtime path of "/home/kky/vrx_ws/src/vrx/install/lib/libPlacardPlugin.so" to ""
[21.432s] -- Installing: /home/kky/vrx_ws/src/vrx/install/lib/libPublisherPlugin.so
[21.434s] -- Set non-toolchain portion of runtime path of "/home/kky/vrx_ws/src/vrx/install/lib/libPublisherPlugin.so" to ""
[21.434s] -- Installing: /home/kky/vrx_ws/src/vrx/install/lib/libScanDockScoringPlugin.so
[21.437s] -- Set non-toolchain portion of runtime path of "/home/kky/vrx_ws/src/vrx/install/lib/libScanDockScoringPlugin.so" to ""
[21.438s] -- Installing: /home/kky/vrx_ws/src/vrx/install/lib/libSimpleHydrodynamics.so
[21.439s] -- Set non-toolchain portion of runtime path of "/home/kky/vrx_ws/src/vrx/install/lib/libSimpleHydrodynamics.so" to ""
[21.440s] -- Installing: /home/kky/vrx_ws/src/vrx/install/lib/libSurface.so
[21.442s] -- Set non-toolchain portion of runtime path of "/home/kky/vrx_ws/src/vrx/install/lib/libSurface.so" to ""
[21.442s] -- Installing: /home/kky/vrx_ws/src/vrx/install/lib/libUSVWind.so
[21.445s] -- Set non-toolchain portion of runtime path of "/home/kky/vrx_ws/src/vrx/install/lib/libUSVWind.so" to ""
[21.445s] -- Installing: /home/kky/vrx_ws/src/vrx/install/lib/libWaveVisual.so
[21.448s] -- Set non-toolchain portion of runtime path of "/home/kky/vrx_ws/src/vrx/install/lib/libWaveVisual.so" to ""
[21.448s] -- Installing: /home/kky/vrx_ws/src/vrx/install/lib/libWildlifeScoringPlugin.so
[21.451s] -- Set non-toolchain portion of runtime path of "/home/kky/vrx_ws/src/vrx/install/lib/libWildlifeScoringPlugin.so" to ""
[21.451s] -- Installing: /home/kky/vrx_ws/src/vrx/install/share/vrx_gz/environment/pythonpath.sh
[21.451s] -- Installing: /home/kky/vrx_ws/src/vrx/install/share/vrx_gz/environment/pythonpath.dsv
[21.451s] -- Installing: /home/kky/vrx_ws/src/vrx/install/lib/python3.12/site-packages/vrx_gz-0.0.0-py3.12.egg-info
[21.451s] -- Installing: /home/kky/vrx_ws/src/vrx/install/lib/python3.12/site-packages/vrx_gz-0.0.0-py3.12.egg-info/PKG-INFO
[21.452s] -- Installing: /home/kky/vrx_ws/src/vrx/install/lib/python3.12/site-packages/vrx_gz-0.0.0-py3.12.egg-info/dependency_links.txt
[21.452s] -- Installing: /home/kky/vrx_ws/src/vrx/install/lib/python3.12/site-packages/vrx_gz-0.0.0-py3.12.egg-info/SOURCES.txt
[21.452s] -- Installing: /home/kky/vrx_ws/src/vrx/install/lib/python3.12/site-packages/vrx_gz-0.0.0-py3.12.egg-info/top_level.txt
[21.452s] -- Installing: /home/kky/vrx_ws/src/vrx/install/lib/python3.12/site-packages/vrx_gz
[21.452s] -- Installing: /home/kky/vrx_ws/src/vrx/install/lib/python3.12/site-packages/vrx_gz/__init__.py
[21.452s] -- Installing: /home/kky/vrx_ws/src/vrx/install/lib/python3.12/site-packages/vrx_gz/bridges.py
[21.452s] -- Installing: /home/kky/vrx_ws/src/vrx/install/lib/python3.12/site-packages/vrx_gz/launch.py
[21.453s] -- Installing: /home/kky/vrx_ws/src/vrx/install/lib/python3.12/site-packages/vrx_gz/model.py
[21.453s] -- Installing: /home/kky/vrx_ws/src/vrx/install/lib/python3.12/site-packages/vrx_gz/bridge.py
[21.453s] -- Installing: /home/kky/vrx_ws/src/vrx/install/lib/python3.12/site-packages/vrx_gz/payload_bridges.py
[21.507s] Listing '/home/kky/vrx_ws/src/vrx/install/lib/python3.12/site-packages/vrx_gz'...
[21.507s] Compiling '/home/kky/vrx_ws/src/vrx/install/lib/python3.12/site-packages/vrx_gz/__init__.py'...
[21.507s] Compiling '/home/kky/vrx_ws/src/vrx/install/lib/python3.12/site-packages/vrx_gz/bridge.py'...
[21.507s] Compiling '/home/kky/vrx_ws/src/vrx/install/lib/python3.12/site-packages/vrx_gz/bridges.py'...
[21.507s] Compiling '/home/kky/vrx_ws/src/vrx/install/lib/python3.12/site-packages/vrx_gz/launch.py'...
[21.507s] Compiling '/home/kky/vrx_ws/src/vrx/install/lib/python3.12/site-packages/vrx_gz/model.py'...
[21.507s] Compiling '/home/kky/vrx_ws/src/vrx/install/lib/python3.12/site-packages/vrx_gz/payload_bridges.py'...
[21.512s] -- Installing: /home/kky/vrx_ws/src/vrx/install/share/vrx_gz/config
[21.512s] -- Installing: /home/kky/vrx_ws/src/vrx/install/share/vrx_gz/config/roboboat.yaml
[21.512s] -- Installing: /home/kky/vrx_ws/src/vrx/install/share/vrx_gz/config/wamv.yaml
[21.512s] -- Installing: /home/kky/vrx_ws/src/vrx/install/share/vrx_gz/launch
[21.512s] -- Installing: /home/kky/vrx_ws/src/vrx/install/share/vrx_gz/launch/usv_joy_teleop.py
[21.512s] -- Installing: /home/kky/vrx_ws/src/vrx/install/share/vrx_gz/launch/spawn.launch.py
[21.513s] -- Installing: /home/kky/vrx_ws/src/vrx/install/share/vrx_gz/launch/vrx_environment.launch.py
[21.513s] -- Installing: /home/kky/vrx_ws/src/vrx/install/share/vrx_gz/launch/spawn_config.launch.py
[21.513s] -- Installing: /home/kky/vrx_ws/src/vrx/install/share/vrx_gz/launch/competition.launch.py
[21.513s] -- Installing: /home/kky/vrx_ws/src/vrx/install/share/vrx_gz/models
[21.513s] -- Installing: /home/kky/vrx_ws/src/vrx/install/share/vrx_gz/models/roboboat02
[21.513s] -- Installing: /home/kky/vrx_ws/src/vrx/install/share/vrx_gz/models/roboboat02/model.config
[21.513s] -- Installing: /home/kky/vrx_ws/src/vrx/install/share/vrx_gz/models/roboboat02/meshes
[21.513s] -- Installing: /home/kky/vrx_ws/src/vrx/install/share/vrx_gz/models/roboboat02/meshes/roboboat02.dae
[21.515s] -- Installing: /home/kky/vrx_ws/src/vrx/install/share/vrx_gz/models/roboboat02/materials
[21.515s] -- Installing: /home/kky/vrx_ws/src/vrx/install/share/vrx_gz/models/roboboat02/materials/textures
[21.515s] -- Installing: /home/kky/vrx_ws/src/vrx/install/share/vrx_gz/models/roboboat02/materials/textures/Boat02_Metallic.png
[21.516s] -- Installing: /home/kky/vrx_ws/src/vrx/install/share/vrx_gz/models/roboboat02/materials/textures/Boat02_Roughness.png
[21.519s] -- Installing: /home/kky/vrx_ws/src/vrx/install/share/vrx_gz/models/roboboat02/materials/textures/Boat02_Albedo.png
[21.525s] -- Installing: /home/kky/vrx_ws/src/vrx/install/share/vrx_gz/models/roboboat02/materials/textures/Boat02_Normal.png
[21.526s] -- Installing: /home/kky/vrx_ws/src/vrx/install/share/vrx_gz/models/roboboat02/materials/scripts
[21.526s] -- Installing: /home/kky/vrx_ws/src/vrx/install/share/vrx_gz/models/roboboat02/materials/scripts/model.material
[21.526s] -- Installing: /home/kky/vrx_ws/src/vrx/install/share/vrx_gz/models/roboboat02/model.sdf
[21.527s] -- Installing: /home/kky/vrx_ws/src/vrx/install/share/vrx_gz/models/dock_2022_base
[21.527s] -- Installing: /home/kky/vrx_ws/src/vrx/install/share/vrx_gz/models/dock_2022_base/model.config
[21.527s] -- Installing: /home/kky/vrx_ws/src/vrx/install/share/vrx_gz/models/dock_2022_base/model.sdf
[21.527s] -- Installing: /home/kky/vrx_ws/src/vrx/install/share/vrx_gz/models/robotx_light_buoy_gbr
[21.527s] -- Installing: /home/kky/vrx_ws/src/vrx/install/share/vrx_gz/models/robotx_light_buoy_gbr/model.config
[21.527s] -- Installing: /home/kky/vrx_ws/src/vrx/install/share/vrx_gz/models/robotx_light_buoy_gbr/model.sdf
[21.527s] -- Installing: /home/kky/vrx_ws/src/vrx/install/share/vrx_gz/models/robotx_light_buoy_bgy
[21.527s] -- Installing: /home/kky/vrx_ws/src/vrx/install/share/vrx_gz/models/robotx_light_buoy_bgy/model.config
[21.528s] -- Installing: /home/kky/vrx_ws/src/vrx/install/share/vrx_gz/models/robotx_light_buoy_bgy/model.sdf
[21.528s] -- Installing: /home/kky/vrx_ws/src/vrx/install/share/vrx_gz/models/articulated_platform
[21.528s] -- Installing: /home/kky/vrx_ws/src/vrx/install/share/vrx_gz/models/articulated_platform/model.config
[21.528s] -- Installing: /home/kky/vrx_ws/src/vrx/install/share/vrx_gz/models/articulated_platform/model.sdf
[21.528s] -- Installing: /home/kky/vrx_ws/src/vrx/install/share/vrx_gz/models/platform
[21.528s] -- Installing: /home/kky/vrx_ws/src/vrx/install/share/vrx_gz/models/platform/model.config
[21.528s] -- Installing: /home/kky/vrx_ws/src/vrx/install/share/vrx_gz/models/platform/model.sdf
[21.528s] -- Installing: /home/kky/vrx_ws/src/vrx/install/share/vrx_gz/models/robotx_light_buoy_ygb
[21.529s] -- Installing: /home/kky/vrx_ws/src/vrx/install/share/vrx_gz/models/robotx_light_buoy_ygb/model.config
[21.529s] -- Installing: /home/kky/vrx_ws/src/vrx/install/share/vrx_gz/models/robotx_light_buoy_ygb/model.sdf
[21.529s] -- Installing: /home/kky/vrx_ws/src/vrx/install/share/vrx_gz/models/robotx_light_buoy_bgr
[21.529s] -- Installing: /home/kky/vrx_ws/src/vrx/install/share/vrx_gz/models/robotx_light_buoy_bgr/model.config
[21.529s] -- Installing: /home/kky/vrx_ws/src/vrx/install/share/vrx_gz/models/robotx_light_buoy_bgr/model.sdf
[21.529s] -- Installing: /home/kky/vrx_ws/src/vrx/install/share/vrx_gz/models/placard_2022
[21.530s] -- Installing: /home/kky/vrx_ws/src/vrx/install/share/vrx_gz/models/placard_2022/model.config
[21.530s] -- Installing: /home/kky/vrx_ws/src/vrx/install/share/vrx_gz/models/placard_2022/meshes
[21.530s] -- Installing: /home/kky/vrx_ws/src/vrx/install/share/vrx_gz/models/placard_2022/meshes/placard_2022.dae
[21.530s] -- Installing: /home/kky/vrx_ws/src/vrx/install/share/vrx_gz/models/placard_2022/materials
[21.530s] -- Installing: /home/kky/vrx_ws/src/vrx/install/share/vrx_gz/models/placard_2022/materials/textures
[21.530s] -- Installing: /home/kky/vrx_ws/src/vrx/install/share/vrx_gz/models/placard_2022/materials/textures/Placard.png
[21.530s] -- Installing: /home/kky/vrx_ws/src/vrx/install/share/vrx_gz/models/placard_2022/model.sdf
[21.530s] -- Installing: /home/kky/vrx_ws/src/vrx/install/share/vrx_gz/models/robotx_light_buoy_ybr
[21.530s] -- Installing: /home/kky/vrx_ws/src/vrx/install/share/vrx_gz/models/robotx_light_buoy_ybr/model.config
[21.530s] -- Installing: /home/kky/vrx_ws/src/vrx/install/share/vrx_gz/models/robotx_light_buoy_ybr/model.sdf
[21.531s] -- Installing: /home/kky/vrx_ws/src/vrx/install/share/vrx_gz/models/short_navigation_course_5
[21.531s] -- Installing: /home/kky/vrx_ws/src/vrx/install/share/vrx_gz/models/short_navigation_course_5/model.config
[21.531s] -- Installing: /home/kky/vrx_ws/src/vrx/install/share/vrx_gz/models/short_navigation_course_5/model.sdf
[21.531s] -- Installing: /home/kky/vrx_ws/src/vrx/install/share/vrx_gz/models/robotx_light_buoy_rgb
[21.531s] -- Installing: /home/kky/vrx_ws/src/vrx/install/share/vrx_gz/models/robotx_light_buoy_rgb/model.config
[21.531s] -- Installing: /home/kky/vrx_ws/src/vrx/install/share/vrx_gz/models/robotx_light_buoy_rgb/mesh
[21.531s] -- Installing: /home/kky/vrx_ws/src/vrx/install/share/vrx_gz/models/robotx_light_buoy_rgb/mesh/robotx_light_buoy.dae
[21.533s] -- Installing: /home/kky/vrx_ws/src/vrx/install/share/vrx_gz/models/robotx_light_buoy_rgb/mesh/LightTower_Metalness.png
[21.533s] -- Installing: /home/kky/vrx_ws/src/vrx/install/share/vrx_gz/models/robotx_light_buoy_rgb/mesh/LightTower_Normal.png
[21.538s] -- Installing: /home/kky/vrx_ws/src/vrx/install/share/vrx_gz/models/robotx_light_buoy_rgb/mesh/LightTower_Roughness.png
[21.540s] -- Installing: /home/kky/vrx_ws/src/vrx/install/share/vrx_gz/models/robotx_light_buoy_rgb/mesh/LightTower_Opacity.png
[21.540s] -- Installing: /home/kky/vrx_ws/src/vrx/install/share/vrx_gz/models/robotx_light_buoy_rgb/mesh/LightTower_Albedo.png
[21.543s] -- Installing: /home/kky/vrx_ws/src/vrx/install/share/vrx_gz/models/robotx_light_buoy_rgb/model.sdf
[21.543s] -- Installing: /home/kky/vrx_ws/src/vrx/install/share/vrx_gz/models/roboboat01
[21.543s] -- Installing: /home/kky/vrx_ws/src/vrx/install/share/vrx_gz/models/roboboat01/model.config
[21.543s] -- Installing: /home/kky/vrx_ws/src/vrx/install/share/vrx_gz/models/roboboat01/meshes
[21.543s] -- Installing: /home/kky/vrx_ws/src/vrx/install/share/vrx_gz/models/roboboat01/meshes/housing.dae
[21.544s] -- Installing: /home/kky/vrx_ws/src/vrx/install/share/vrx_gz/models/roboboat01/meshes/roboboat01.dae
[21.545s] -- Installing: /home/kky/vrx_ws/src/vrx/install/share/vrx_gz/models/roboboat01/meshes/mount.dae
[21.545s] -- Installing: /home/kky/vrx_ws/src/vrx/install/share/vrx_gz/models/roboboat01/meshes/prop.dae
[21.546s] -- Installing: /home/kky/vrx_ws/src/vrx/install/share/vrx_gz/models/roboboat01/materials
[21.546s] -- Installing: /home/kky/vrx_ws/src/vrx/install/share/vrx_gz/models/roboboat01/materials/textures
[21.546s] -- Installing: /home/kky/vrx_ws/src/vrx/install/share/vrx_gz/models/roboboat01/materials/textures/Boat01_Albedo.png
[21.552s] -- Installing: /home/kky/vrx_ws/src/vrx/install/share/vrx_gz/models/roboboat01/materials/textures/Boat01_Normal.png
[21.553s] -- Installing: /home/kky/vrx_ws/src/vrx/install/share/vrx_gz/models/roboboat01/materials/textures/Thruster_Albedo.png
[21.554s] -- Installing: /home/kky/vrx_ws/src/vrx/install/share/vrx_gz/models/roboboat01/materials/textures/Boat01_Metallic.png
[21.555s] -- Installing: /home/kky/vrx_ws/src/vrx/install/share/vrx_gz/models/roboboat01/materials/textures/Boat01_Roughness.png
[21.559s] -- Installing: /home/kky/vrx_ws/src/vrx/install/share/vrx_gz/models/roboboat01/materials/textures/Thruster_Roughness.png
[21.560s] -- Installing: /home/kky/vrx_ws/src/vrx/install/share/vrx_gz/models/roboboat01/materials/scripts
[21.560s] -- Installing: /home/kky/vrx_ws/src/vrx/install/share/vrx_gz/models/roboboat01/materials/scripts/model.material
[21.560s] -- Installing: /home/kky/vrx_ws/src/vrx/install/share/vrx_gz/models/roboboat01/model.sdf
[21.560s] -- Installing: /home/kky/vrx_ws/src/vrx/install/share/vrx_gz/models/coast_waves
[21.560s] -- Installing: /home/kky/vrx_ws/src/vrx/install/share/vrx_gz/models/coast_waves/model.config
[21.561s] -- Installing: /home/kky/vrx_ws/src/vrx/install/share/vrx_gz/models/coast_waves/meshes
[21.561s] -- Installing: /home/kky/vrx_ws/src/vrx/install/share/vrx_gz/models/coast_waves/meshes/waterlow.dae
[21.575s] -- Installing: /home/kky/vrx_ws/src/vrx/install/share/vrx_gz/models/coast_waves/materials
[21.575s] -- Installing: /home/kky/vrx_ws/src/vrx/install/share/vrx_gz/models/coast_waves/materials/programs
[21.575s] -- Installing: /home/kky/vrx_ws/src/vrx/install/share/vrx_gz/models/coast_waves/materials/programs/GerstnerWaves_vs_330.glsl
[21.575s] -- Installing: /home/kky/vrx_ws/src/vrx/install/share/vrx_gz/models/coast_waves/materials/programs/GerstnerWaves_fs_330.glsl
[21.575s] -- Installing: /home/kky/vrx_ws/src/vrx/install/share/vrx_gz/models/coast_waves/materials/textures
[21.575s] -- Installing: /home/kky/vrx_ws/src/vrx/install/share/vrx_gz/models/coast_waves/materials/textures/wave_normals.dds
[21.576s] -- Installing: /home/kky/vrx_ws/src/vrx/install/share/vrx_gz/models/coast_waves/materials/textures/skybox_lowres.dds
[21.577s] -- Installing: /home/kky/vrx_ws/src/vrx/install/share/vrx_gz/models/coast_waves/model.sdf
[21.577s] -- Installing: /home/kky/vrx_ws/src/vrx/install/share/vrx_gz/models/short_course_2023_phase3_1
[21.577s] -- Installing: /home/kky/vrx_ws/src/vrx/install/share/vrx_gz/models/short_course_2023_phase3_1/model.config
[21.578s] -- Installing: /home/kky/vrx_ws/src/vrx/install/share/vrx_gz/models/short_course_2023_phase3_1/model.sdf
[21.578s] -- Installing: /home/kky/vrx_ws/src/vrx/install/share/vrx_gz/models/robotx_light_buoy_rgy
[21.578s] -- Installing: /home/kky/vrx_ws/src/vrx/install/share/vrx_gz/models/robotx_light_buoy_rgy/model.config
[21.578s] -- Installing: /home/kky/vrx_ws/src/vrx/install/share/vrx_gz/models/robotx_light_buoy_rgy/model.sdf
[21.578s] -- Installing: /home/kky/vrx_ws/src/vrx/install/share/vrx_gz/models/short_course_2023_phase3_2
[21.578s] -- Installing: /home/kky/vrx_ws/src/vrx/install/share/vrx_gz/models/short_course_2023_phase3_2/model.config
[21.578s] -- Installing: /home/kky/vrx_ws/src/vrx/install/share/vrx_gz/models/short_course_2023_phase3_2/model.sdf
[21.579s] -- Installing: /home/kky/vrx_ws/src/vrx/install/share/vrx_gz/models/entrance_exit
[21.579s] -- Installing: /home/kky/vrx_ws/src/vrx/install/share/vrx_gz/models/entrance_exit/model.config
[21.579s] -- Installing: /home/kky/vrx_ws/src/vrx/install/share/vrx_gz/models/entrance_exit/model.sdf
[21.579s] -- Installing: /home/kky/vrx_ws/src/vrx/install/share/vrx_gz/models/robotx_light_buoy_rbg
[21.579s] -- Installing: /home/kky/vrx_ws/src/vrx/install/share/vrx_gz/models/robotx_light_buoy_rbg/model.config
[21.579s] -- Installing: /home/kky/vrx_ws/src/vrx/install/share/vrx_gz/models/robotx_light_buoy_rbg/model.sdf
[21.579s] -- Installing: /home/kky/vrx_ws/src/vrx/install/share/vrx_gz/models/obstacle_course
[21.579s] -- Installing: /home/kky/vrx_ws/src/vrx/install/share/vrx_gz/models/obstacle_course/model.config
[21.580s] -- Installing: /home/kky/vrx_ws/src/vrx/install/share/vrx_gz/models/obstacle_course/model.sdf
[21.580s] -- Installing: /home/kky/vrx_ws/src/vrx/install/share/vrx_gz/models/short_navigation_course_2
[21.580s] -- Installing: /home/kky/vrx_ws/src/vrx/install/share/vrx_gz/models/short_navigation_course_2/model.config
[21.580s] -- Installing: /home/kky/vrx_ws/src/vrx/install/share/vrx_gz/models/short_navigation_course_2/model.sdf
[21.580s] -- Installing: /home/kky/vrx_ws/src/vrx/install/share/vrx_gz/models/short_navigation_course_4
[21.580s] -- Installing: /home/kky/vrx_ws/src/vrx/install/share/vrx_gz/models/short_navigation_course_4/model.config
[21.580s] -- Installing: /home/kky/vrx_ws/src/vrx/install/share/vrx_gz/models/short_navigation_course_4/model.sdf
[21.581s] -- Installing: /home/kky/vrx_ws/src/vrx/install/share/vrx_gz/models/short_navigation_course_3
[21.581s] -- Installing: /home/kky/vrx_ws/src/vrx/install/share/vrx_gz/models/short_navigation_course_3/model.config
[21.581s] -- Installing: /home/kky/vrx_ws/src/vrx/install/share/vrx_gz/models/short_navigation_course_3/model.sdf
[21.581s] -- Installing: /home/kky/vrx_ws/src/vrx/install/share/vrx_gz/models/roboboat_cpubox
[21.581s] -- Installing: /home/kky/vrx_ws/src/vrx/install/share/vrx_gz/models/roboboat_cpubox/model.config
[21.581s] -- Installing: /home/kky/vrx_ws/src/vrx/install/share/vrx_gz/models/roboboat_cpubox/meshes
[21.581s] -- Installing: /home/kky/vrx_ws/src/vrx/install/share/vrx_gz/models/roboboat_cpubox/meshes/drybox.dae
[21.582s] -- Installing: /home/kky/vrx_ws/src/vrx/install/share/vrx_gz/models/roboboat_cpubox/materials
[21.582s] -- Installing: /home/kky/vrx_ws/src/vrx/install/share/vrx_gz/models/roboboat_cpubox/materials/textures
[21.582s] -- Installing: /home/kky/vrx_ws/src/vrx/install/share/vrx_gz/models/roboboat_cpubox/materials/textures/DryBox_Albedo.png
[21.591s] -- Installing: /home/kky/vrx_ws/src/vrx/install/share/vrx_gz/models/roboboat_cpubox/materials/textures/DryBox_Roughness.png
[21.604s] -- Installing: /home/kky/vrx_ws/src/vrx/install/share/vrx_gz/models/roboboat_cpubox/model.sdf
[21.604s] -- Installing: /home/kky/vrx_ws/src/vrx/install/share/vrx_gz/models/short_navigation_course_0
[21.604s] -- Installing: /home/kky/vrx_ws/src/vrx/install/share/vrx_gz/models/short_navigation_course_0/model.config
[21.604s] -- Installing: /home/kky/vrx_ws/src/vrx/install/share/vrx_gz/models/short_navigation_course_0/model.sdf
[21.605s] -- Installing: /home/kky/vrx_ws/src/vrx/install/share/vrx_gz/models/dock_2022
[21.605s] -- Installing: /home/kky/vrx_ws/src/vrx/install/share/vrx_gz/models/dock_2022/model.config
[21.605s] -- Installing: /home/kky/vrx_ws/src/vrx/install/share/vrx_gz/models/dock_2022/model.sdf
[21.605s] -- Installing: /home/kky/vrx_ws/src/vrx/install/share/vrx_gz/models/dock_block_4x4
[21.605s] -- Installing: /home/kky/vrx_ws/src/vrx/install/share/vrx_gz/models/dock_block_4x4/model.config
[21.605s] -- Installing: /home/kky/vrx_ws/src/vrx/install/share/vrx_gz/models/dock_block_4x4/mesh
[21.605s] -- Installing: /home/kky/vrx_ws/src/vrx/install/share/vrx_gz/models/dock_block_4x4/mesh/DockCubes_Albedo.png
[21.607s] -- Installing: /home/kky/vrx_ws/src/vrx/install/share/vrx_gz/models/dock_block_4x4/mesh/DockCubes_Normal.png
[21.644s] -- Installing: /home/kky/vrx_ws/src/vrx/install/share/vrx_gz/models/dock_block_4x4/mesh/DockCubes_Roughness.png
[21.645s] -- Installing: /home/kky/vrx_ws/src/vrx/install/share/vrx_gz/models/dock_block_4x4/mesh/dock_block_4x4.dae
[21.648s] -- Installing: /home/kky/vrx_ws/src/vrx/install/share/vrx_gz/models/dock_block_4x4/mesh/DockCubes_Metalness.png
[21.648s] -- Installing: /home/kky/vrx_ws/src/vrx/install/share/vrx_gz/models/dock_block_4x4/model.sdf
[21.648s] -- Installing: /home/kky/vrx_ws/src/vrx/install/share/vrx_gz/models/robotx_light_buoy_yrg
[21.648s] -- Installing: /home/kky/vrx_ws/src/vrx/install/share/vrx_gz/models/robotx_light_buoy_yrg/model.config
[21.648s] -- Installing: /home/kky/vrx_ws/src/vrx/install/share/vrx_gz/models/robotx_light_buoy_yrg/model.sdf
[21.648s] -- Installing: /home/kky/vrx_ws/src/vrx/install/share/vrx_gz/models/symbol_triangle
[21.648s] -- Installing: /home/kky/vrx_ws/src/vrx/install/share/vrx_gz/models/symbol_triangle/model.config
[21.649s] -- Installing: /home/kky/vrx_ws/src/vrx/install/share/vrx_gz/models/symbol_triangle/mesh
[21.649s] -- Installing: /home/kky/vrx_ws/src/vrx/install/share/vrx_gz/models/symbol_triangle/mesh/triangle.dae
[21.649s] -- Installing: /home/kky/vrx_ws/src/vrx/install/share/vrx_gz/models/symbol_triangle/model.sdf
[21.649s] -- Installing: /home/kky/vrx_ws/src/vrx/install/share/vrx_gz/models/short_navigation_course_1
[21.649s] -- Installing: /home/kky/vrx_ws/src/vrx/install/share/vrx_gz/models/short_navigation_course_1/model.config
[21.649s] -- Installing: /home/kky/vrx_ws/src/vrx/install/share/vrx_gz/models/short_navigation_course_1/model.sdf
[21.649s] -- Installing: /home/kky/vrx_ws/src/vrx/install/share/vrx_gz/worlds
[21.649s] -- Installing: /home/kky/vrx_ws/src/vrx/install/share/vrx_gz/worlds/stationkeeping_task.sdf
[21.650s] -- Installing: /home/kky/vrx_ws/src/vrx/install/share/vrx_gz/worlds/2023_practice
[21.650s] -- Installing: /home/kky/vrx_ws/src/vrx/install/share/vrx_gz/worlds/2023_practice/practice_2023_wildlife0_task.sdf
[21.650s] -- Installing: /home/kky/vrx_ws/src/vrx/install/share/vrx_gz/worlds/2023_practice/practice_2023_scan_dock_deliver0_task.sdf
[21.650s] -- Installing: /home/kky/vrx_ws/src/vrx/install/share/vrx_gz/worlds/2023_practice/practice_2023_acoustic_perception2_task.sdf
[21.650s] -- Installing: /home/kky/vrx_ws/src/vrx/install/share/vrx_gz/worlds/2023_practice/practice_2023_acoustic_tracking2_task.sdf
[21.651s] -- Installing: /home/kky/vrx_ws/src/vrx/install/share/vrx_gz/worlds/2023_practice/practice_2023_stationkeeping1_task.sdf
[21.651s] -- Installing: /home/kky/vrx_ws/src/vrx/install/share/vrx_gz/worlds/2023_practice/practice_2023_perception1_task.sdf
[21.651s] -- Installing: /home/kky/vrx_ws/src/vrx/install/share/vrx_gz/worlds/2023_practice/practice_2023_scan_dock_deliver1_task.sdf
[21.651s] -- Installing: /home/kky/vrx_ws/src/vrx/install/share/vrx_gz/worlds/2023_practice/practice_2023_follow_path2_task.sdf
[21.651s] -- Installing: /home/kky/vrx_ws/src/vrx/install/share/vrx_gz/worlds/2023_practice/practice_2023_stationkeeping2_task.sdf
[21.651s] -- Installing: /home/kky/vrx_ws/src/vrx/install/share/vrx_gz/worlds/2023_practice/practice_2023_stationkeeping0_task.sdf
[21.652s] -- Installing: /home/kky/vrx_ws/src/vrx/install/share/vrx_gz/worlds/2023_practice/practice_2023_acoustic_perception1_task.sdf
[21.652s] -- Installing: /home/kky/vrx_ws/src/vrx/install/share/vrx_gz/worlds/2023_practice/practice_2023_scan_dock_deliver2_task.sdf
[21.652s] -- Installing: /home/kky/vrx_ws/src/vrx/install/share/vrx_gz/worlds/2023_practice/practice_2023_wayfinding2_task.sdf
[21.652s] -- Installing: /home/kky/vrx_ws/src/vrx/install/share/vrx_gz/worlds/2023_practice/practice_2023_acoustic_perception0_task.sdf
[21.652s] -- Installing: /home/kky/vrx_ws/src/vrx/install/share/vrx_gz/worlds/2023_practice/practice_2023_acoustic_tracking0_task.sdf
[21.653s] -- Installing: /home/kky/vrx_ws/src/vrx/install/share/vrx_gz/worlds/2023_practice/practice_2023_wayfinding0_task.sdf
[21.653s] -- Installing: /home/kky/vrx_ws/src/vrx/install/share/vrx_gz/worlds/2023_practice/practice_2023_wildlife1_task.sdf
[21.653s] -- Installing: /home/kky/vrx_ws/src/vrx/install/share/vrx_gz/worlds/2023_practice/practice_2023_follow_path1_task.sdf
[21.653s] -- Installing: /home/kky/vrx_ws/src/vrx/install/share/vrx_gz/worlds/2023_practice/practice_2023_acoustic_tracking1_task.sdf
[21.653s] -- Installing: /home/kky/vrx_ws/src/vrx/install/share/vrx_gz/worlds/2023_practice/practice_2023_perception2_task.sdf
[21.654s] -- Installing: /home/kky/vrx_ws/src/vrx/install/share/vrx_gz/worlds/2023_practice/practice_2023_wildlife2_task.sdf
[21.654s] -- Installing: /home/kky/vrx_ws/src/vrx/install/share/vrx_gz/worlds/2023_practice/practice_2023_wayfinding1_task.sdf
[21.654s] -- Installing: /home/kky/vrx_ws/src/vrx/install/share/vrx_gz/worlds/2023_practice/practice_2023_perception0_task.sdf
[21.654s] -- Installing: /home/kky/vrx_ws/src/vrx/install/share/vrx_gz/worlds/2023_practice/practice_2023_follow_path0_task.sdf
[21.654s] -- Installing: /home/kky/vrx_ws/src/vrx/install/share/vrx_gz/worlds/wayfinding_task.sdf
[21.654s] -- Installing: /home/kky/vrx_ws/src/vrx/install/share/vrx_gz/worlds/acoustic_perception_task.sdf
[21.655s] -- Installing: /home/kky/vrx_ws/src/vrx/install/share/vrx_gz/worlds/perception_task.sdf
[21.655s] -- Installing: /home/kky/vrx_ws/src/vrx/install/share/vrx_gz/worlds/follow_path_task.sdf
[21.655s] -- Installing: /home/kky/vrx_ws/src/vrx/install/share/vrx_gz/worlds/sydney_regatta.sdf
[21.655s] -- Installing: /home/kky/vrx_ws/src/vrx/install/share/vrx_gz/worlds/2023_phase2
[21.655s] -- Installing: /home/kky/vrx_ws/src/vrx/install/share/vrx_gz/worlds/2023_phase2/phase2_2023_follow_path0.sdf
[21.656s] -- Installing: /home/kky/vrx_ws/src/vrx/install/share/vrx_gz/worlds/2023_phase2/phase2_2023_acoustic_perception5.sdf
[21.656s] -- Installing: /home/kky/vrx_ws/src/vrx/install/share/vrx_gz/worlds/2023_phase2/phase2_2023_stationkeeping2.sdf
[21.656s] -- Installing: /home/kky/vrx_ws/src/vrx/install/share/vrx_gz/worlds/2023_phase2/phase2_2023_stationkeeping0.sdf
[21.656s] -- Installing: /home/kky/vrx_ws/src/vrx/install/share/vrx_gz/worlds/2023_phase2/phase2_2023_wildlife2.sdf
[21.656s] -- Installing: /home/kky/vrx_ws/src/vrx/install/share/vrx_gz/worlds/2023_phase2/phase2_2023_acoustic_perception4.sdf
[21.656s] -- Installing: /home/kky/vrx_ws/src/vrx/install/share/vrx_gz/worlds/2023_phase2/phase2_2023_wayfinding2.sdf
[21.657s] -- Installing: /home/kky/vrx_ws/src/vrx/install/share/vrx_gz/worlds/2023_phase2/phase2_2023_wildlife0.sdf
[21.657s] -- Installing: /home/kky/vrx_ws/src/vrx/install/share/vrx_gz/worlds/2023_phase2/phase2_2023_perception5.sdf
[21.657s] -- Installing: /home/kky/vrx_ws/src/vrx/install/share/vrx_gz/worlds/2023_phase2/phase2_2023_acoustic_tracking1.sdf
[21.657s] -- Installing: /home/kky/vrx_ws/src/vrx/install/share/vrx_gz/worlds/2023_phase2/phase2_2023_wildlife3.sdf
[21.657s] -- Installing: /home/kky/vrx_ws/src/vrx/install/share/vrx_gz/worlds/2023_phase2/phase2_2023_scan_dock_deliver5.sdf
[21.657s] -- Installing: /home/kky/vrx_ws/src/vrx/install/share/vrx_gz/worlds/2023_phase2/phase2_2023_scan_dock_deliver4.sdf
[21.658s] -- Installing: /home/kky/vrx_ws/src/vrx/install/share/vrx_gz/worlds/2023_phase2/phase2_2023_scan_dock_deliver0.sdf
[21.658s] -- Installing: /home/kky/vrx_ws/src/vrx/install/share/vrx_gz/worlds/2023_phase2/phase2_2023_acoustic_tracking5.sdf
[21.658s] -- Installing: /home/kky/vrx_ws/src/vrx/install/share/vrx_gz/worlds/2023_phase2/phase2_2023_acoustic_tracking3.sdf
[21.658s] -- Installing: /home/kky/vrx_ws/src/vrx/install/share/vrx_gz/worlds/2023_phase2/phase2_2023_acoustic_tracking0.sdf
[21.658s] -- Installing: /home/kky/vrx_ws/src/vrx/install/share/vrx_gz/worlds/2023_phase2/phase2_2023_wildlife5.sdf
[21.658s] -- Installing: /home/kky/vrx_ws/src/vrx/install/share/vrx_gz/worlds/2023_phase2/phase2_2023_wayfinding1.sdf
[21.659s] -- Installing: /home/kky/vrx_ws/src/vrx/install/share/vrx_gz/worlds/2023_phase2/phase2_2023_perception2.sdf
[21.659s] -- Installing: /home/kky/vrx_ws/src/vrx/install/share/vrx_gz/worlds/2023_phase2/phase2_2023_wayfinding5.sdf
[21.659s] -- Installing: /home/kky/vrx_ws/src/vrx/install/share/vrx_gz/worlds/2023_phase2/phase2_2023_follow_path5.sdf
[21.659s] -- Installing: /home/kky/vrx_ws/src/vrx/install/share/vrx_gz/worlds/2023_phase2/phase2_2023_scan_dock_deliver1.sdf
[21.659s] -- Installing: /home/kky/vrx_ws/src/vrx/install/share/vrx_gz/worlds/2023_phase2/phase2_2023_acoustic_perception3.sdf
[21.659s] -- Installing: /home/kky/vrx_ws/src/vrx/install/share/vrx_gz/worlds/2023_phase2/phase2_2023_perception1.sdf
[21.660s] -- Installing: /home/kky/vrx_ws/src/vrx/install/share/vrx_gz/worlds/2023_phase2/phase2_2023_stationkeeping4.sdf
[21.660s] -- Installing: /home/kky/vrx_ws/src/vrx/install/share/vrx_gz/worlds/2023_phase2/phase2_2023_scan_dock_deliver2.sdf
[21.660s] -- Installing: /home/kky/vrx_ws/src/vrx/install/share/vrx_gz/worlds/2023_phase2/phase2_2023_stationkeeping3.sdf
[21.660s] -- Installing: /home/kky/vrx_ws/src/vrx/install/share/vrx_gz/worlds/2023_phase2/phase2_2023_perception4.sdf
[21.660s] -- Installing: /home/kky/vrx_ws/src/vrx/install/share/vrx_gz/worlds/2023_phase2/phase2_2023_wayfinding4.sdf
[21.660s] -- Installing: /home/kky/vrx_ws/src/vrx/install/share/vrx_gz/worlds/2023_phase2/phase2_2023_acoustic_tracking4.sdf
[21.661s] -- Installing: /home/kky/vrx_ws/src/vrx/install/share/vrx_gz/worlds/2023_phase2/phase2_2023_wayfinding3.sdf
[21.661s] -- Installing: /home/kky/vrx_ws/src/vrx/install/share/vrx_gz/worlds/2023_phase2/phase2_2023_follow_path2.sdf
[21.661s] -- Installing: /home/kky/vrx_ws/src/vrx/install/share/vrx_gz/worlds/2023_phase2/phase2_2023_acoustic_perception2.sdf
[21.661s] -- Installing: /home/kky/vrx_ws/src/vrx/install/share/vrx_gz/worlds/2023_phase2/phase2_2023_scan_dock_deliver3.sdf
[21.661s] -- Installing: /home/kky/vrx_ws/src/vrx/install/share/vrx_gz/worlds/2023_phase2/phase2_2023_acoustic_perception1.sdf
[21.661s] -- Installing: /home/kky/vrx_ws/src/vrx/install/share/vrx_gz/worlds/2023_phase2/phase2_2023_stationkeeping1.sdf
[21.662s] -- Installing: /home/kky/vrx_ws/src/vrx/install/share/vrx_gz/worlds/2023_phase2/phase2_2023_acoustic_perception0.sdf
[21.662s] -- Installing: /home/kky/vrx_ws/src/vrx/install/share/vrx_gz/worlds/2023_phase2/phase2_2023_follow_path3.sdf
[21.662s] -- Installing: /home/kky/vrx_ws/src/vrx/install/share/vrx_gz/worlds/2023_phase2/phase2_2023_stationkeeping5.sdf
[21.662s] -- Installing: /home/kky/vrx_ws/src/vrx/install/share/vrx_gz/worlds/2023_phase2/phase2_2023_wildlife4.sdf
[21.662s] -- Installing: /home/kky/vrx_ws/src/vrx/install/share/vrx_gz/worlds/2023_phase2/phase2_2023_acoustic_tracking2.sdf
[21.663s] -- Installing: /home/kky/vrx_ws/src/vrx/install/share/vrx_gz/worlds/2023_phase2/phase2_2023_follow_path1.sdf
[21.663s] -- Installing: /home/kky/vrx_ws/src/vrx/install/share/vrx_gz/worlds/2023_phase2/phase2_2023_wildlife1.sdf
[21.663s] -- Installing: /home/kky/vrx_ws/src/vrx/install/share/vrx_gz/worlds/2023_phase2/phase2_2023_perception3.sdf
[21.663s] -- Installing: /home/kky/vrx_ws/src/vrx/install/share/vrx_gz/worlds/2023_phase2/phase2_2023_follow_path4.sdf
[21.663s] -- Installing: /home/kky/vrx_ws/src/vrx/install/share/vrx_gz/worlds/2023_phase2/phase2_2023_perception0.sdf
[21.664s] -- Installing: /home/kky/vrx_ws/src/vrx/install/share/vrx_gz/worlds/2023_phase2/phase2_2023_wayfinding0.sdf
[21.664s] -- Installing: /home/kky/vrx_ws/src/vrx/install/share/vrx_gz/worlds/gymkhana_task.sdf
[21.664s] -- Installing: /home/kky/vrx_ws/src/vrx/install/share/vrx_gz/worlds/wildlife_task.sdf
[21.664s] -- Installing: /home/kky/vrx_ws/src/vrx/install/share/vrx_gz/worlds/nbpark.sdf
[21.664s] -- Installing: /home/kky/vrx_ws/src/vrx/install/share/vrx_gz/worlds/scan_dock_deliver_task.sdf
[21.664s] -- Installing: /home/kky/vrx_ws/src/vrx/install/share/vrx_gz/worlds/acoustic_tracking_task.sdf
[21.665s] -- Installing: /home/kky/vrx_ws/src/vrx/install/share/vrx_gz/worlds/navigation_task.sdf
[21.665s] -- Installing: /home/kky/vrx_ws/src/vrx/install/share/ament_index/resource_index/package_run_dependencies/vrx_gz
[21.665s] -- Installing: /home/kky/vrx_ws/src/vrx/install/share/ament_index/resource_index/parent_prefix_path/vrx_gz
[21.665s] -- Installing: /home/kky/vrx_ws/src/vrx/install/share/vrx_gz/environment/ament_prefix_path.sh
[21.666s] -- Installing: /home/kky/vrx_ws/src/vrx/install/share/vrx_gz/environment/ament_prefix_path.dsv
[21.666s] -- Installing: /home/kky/vrx_ws/src/vrx/install/share/vrx_gz/environment/path.sh
[21.666s] -- Installing: /home/kky/vrx_ws/src/vrx/install/share/vrx_gz/environment/path.dsv
[21.666s] -- Installing: /home/kky/vrx_ws/src/vrx/install/share/vrx_gz/local_setup.bash
[21.666s] -- Installing: /home/kky/vrx_ws/src/vrx/install/share/vrx_gz/local_setup.sh
[21.666s] -- Installing: /home/kky/vrx_ws/src/vrx/install/share/vrx_gz/local_setup.zsh
[21.667s] -- Installing: /home/kky/vrx_ws/src/vrx/install/share/vrx_gz/local_setup.dsv
[21.667s] -- Installing: /home/kky/vrx_ws/src/vrx/install/share/vrx_gz/package.dsv
[21.667s] -- Installing: /home/kky/vrx_ws/src/vrx/install/share/ament_index/resource_index/packages/vrx_gz
[21.667s] -- Installing: /home/kky/vrx_ws/src/vrx/install/share/vrx_gz/cmake/vrx_gzConfig.cmake
[21.667s] -- Installing: /home/kky/vrx_ws/src/vrx/install/share/vrx_gz/cmake/vrx_gzConfig-version.cmake
[21.668s] -- Installing: /home/kky/vrx_ws/src/vrx/install/share/vrx_gz/package.xml
[21.670s] Invoked command in '/home/kky/vrx_ws/src/vrx/build/vrx_gz' returned '0': AMENT_PREFIX_PATH=/home/kky/vrx_ws/src/vrx/install:${AMENT_PREFIX_PATH} CMAKE_PREFIX_PATH=/home/kky/vrx_ws/src/vrx/install:/home/kky/vrx_ws/install:/opt/ros/jazzy/opt/gz_sim_vendor:/opt/ros/jazzy/opt/gz_sensors_vendor:/opt/ros/jazzy/opt/gz_physics_vendor:/opt/ros/jazzy/opt/sdformat_vendor:/opt/ros/jazzy/opt/gz_gui_vendor:/opt/ros/jazzy/opt/gz_transport_vendor:/opt/ros/jazzy/opt/gz_rendering_vendor:/opt/ros/jazzy/opt/gz_plugin_vendor:/opt/ros/jazzy/opt/gz_fuel_tools_vendor:/opt/ros/jazzy/opt/gz_msgs_vendor:/opt/ros/jazzy/opt/gz_common_vendor:/opt/ros/jazzy/opt/gz_math_vendor:/opt/ros/jazzy/opt/gz_utils_vendor:/opt/ros/jazzy/opt/gz_tools_vendor:/opt/ros/jazzy/opt/gz_ogre_next_vendor:/opt/ros/jazzy/opt/gz_dartsim_vendor:/opt/ros/jazzy/opt/gz_cmake_vendor:/opt/ros/jazzy DEBUGINFOD_URLS=https://debuginfod.ubuntu.com GZ_SIM_RESOURCE_PATH=/home/kky/vrx_ws/src/vrx/install/share/wamv_description/models:/home/kky/vrx_ws/src/vrx/install/share/vrx_gazebo/models:/home/kky/vrx_ws/src/vrx/install/share:${GZ_SIM_RESOURCE_PATH} PYTHONPATH=/home/kky/vrx_ws/src/vrx/install/lib/python3.12/site-packages:${PYTHONPATH} /usr/bin/cmake --install /home/kky/vrx_ws/src/vrx/build/vrx_gz
